#
# There is insufficient memory for the Java Runtime Environment to continue.
# Native memory allocation (mmap) failed to map 19922944 bytes for G1 virtual space
# Possible reasons:
#   The system is out of physical RAM or swap space
#   The process is running with CompressedOops enabled, and the Java Heap may be blocking the growth of the native heap
# Possible solutions:
#   Reduce memory load on the system
#   Increase physical memory or swap space
#   Check if swap backing store is full
#   Decrease Java heap size (-Xmx/-Xms)
#   Decrease number of Java threads
#   Decrease Java thread stack sizes (-Xss)
#   Set larger code cache with -XX:ReservedCodeCacheSize=
#   JVM is running with Unscaled Compressed Oops mode in which the Java heap is
#     placed in the first 4GB address space. The Java Heap base address is the
#     maximum limit for the native heap growth. Please use -XX:HeapBaseMinAddress
#     to set the Java Heap base and to place the Java Heap above 4GB virtual address.
# This output file may be truncated or incomplete.
#
#  Out of Memory Error (os_windows.cpp:3771), pid=23848, tid=7868
#
# JRE version: OpenJDK Runtime Environment (17.0.7) (build 17.0.7+0-b2043.56-10550314)
# Java VM: OpenJDK 64-Bit Server VM (17.0.7+0-b2043.56-10550314, mixed mode, tiered, compressed oops, compressed class ptrs, g1 gc, windows-amd64)
# No core dump will be written. Minidumps are not enabled by default on client versions of Windows
#

---------------  S U M M A R Y ------------

Command Line: --add-opens=java.base/java.util=ALL-UNNAMED --add-opens=java.base/java.lang=ALL-UNNAMED --add-opens=java.base/java.lang.invoke=ALL-UNNAMED --add-opens=java.prefs/java.util.prefs=ALL-UNNAMED --add-opens=java.base/java.nio.charset=ALL-UNNAMED --add-opens=java.base/java.net=ALL-UNNAMED --add-opens=java.base/java.util.concurrent.atomic=ALL-UNNAMED -Xmx2048m -Dfile.encoding=UTF-8 -Duser.country=US -Duser.language=en -Duser.variant -javaagent:C:\Users\paras kamboj\.gradle\wrapper\dists\gradle-8.2-bin\bbg7u40eoinfdyxsxr3z4i7ta\gradle-8.2\lib\agents\gradle-instrumentation-agent-8.2.jar org.gradle.launcher.daemon.bootstrap.GradleDaemon 8.2

Host: AMD Ryzen 3 3250U with Radeon Graphics         , 4 cores, 5G,  Windows 11 , 64 bit Build 22621 (10.0.22621.2506)
Time: Sun Feb 11 01:06:30 2024 India Standard Time elapsed time: 20.713495 seconds (0d 0h 0m 20s)

---------------  T H R E A D  ---------------

Current thread (0x000001ad160da990):  VMThread "VM Thread" [stack: 0x0000000809700000,0x0000000809800000] [id=7868]

Stack: [0x0000000809700000,0x0000000809800000]
Native frames: (J=compiled Java code, j=interpreted, Vv=VM code, C=native code)
V  [jvm.dll+0x683bfa]
V  [jvm.dll+0x8430a4]
V  [jvm.dll+0x8449be]
V  [jvm.dll+0x845023]
V  [jvm.dll+0x24ad2f]
V  [jvm.dll+0x680ac9]
V  [jvm.dll+0x67519a]
V  [jvm.dll+0x30b3cb]
V  [jvm.dll+0x312876]
V  [jvm.dll+0x36221e]
V  [jvm.dll+0x36244f]
V  [jvm.dll+0x2e14a8]
V  [jvm.dll+0x2df684]
V  [jvm.dll+0x2dec8c]
V  [jvm.dll+0x32382b]
V  [jvm.dll+0x8496eb]
V  [jvm.dll+0x84a424]
V  [jvm.dll+0x84a93d]
V  [jvm.dll+0x84ad14]
V  [jvm.dll+0x84ade0]
V  [jvm.dll+0x7f2aea]
V  [jvm.dll+0x682a35]
C  [ucrtbase.dll+0x29363]
C  [KERNEL32.DLL+0x1257d]
C  [ntdll.dll+0x5aa58]

VM_Operation (0x000000080adf5be0): G1CollectForAllocation, mode: safepoint, requested by thread 0x000001ad1c058980


---------------  P R O C E S S  ---------------

Threads class SMR info:
_java_thread_list=0x000001ad1cb2b520, length=42, elements={
0x000001ad7cad6860, 0x000001ad160de230, 0x000001ad160df0a0, 0x000001ad161009b0,
0x000001ad16101730, 0x000001ad16105100, 0x000001ad163aa000, 0x000001ad163ab200,
0x000001ad163c1990, 0x000001ad163d2360, 0x000001ad164c6e90, 0x000001ad1663c830,
0x000001ad1bce0430, 0x000001ad1c060020, 0x000001ad1bc8b6f0, 0x000001ad1be84f40,
0x000001ad1b8d9210, 0x000001ad1c0584b0, 0x000001ad1c058980, 0x000001ad1c057fe0,
0x000001ad1c05b4d0, 0x000001ad1c0597f0, 0x000001ad1c05ab30, 0x000001ad1c05b9a0,
0x000001ad1c058e50, 0x000001ad1c059cc0, 0x000001ad1c05a190, 0x000001ad1c05a660,
0x000001ad1c05b000, 0x000001ad1c059320, 0x000001ad1c4ede10, 0x000001ad1c4e8c40,
0x000001ad1c4e9110, 0x000001ad1c4eadf0, 0x000001ad1c4eb2c0, 0x000001ad1c4e9ab0,
0x000001ad1c4ee2e0, 0x000001ad1c4ef150, 0x000001ad1c4efaf0, 0x000001ad1c4ee7b0,
0x000001ad1c4eec80, 0x000001ad1c4e95e0
}

Java Threads: ( => current thread )
  0x000001ad7cad6860 JavaThread "main" [_thread_blocked, id=21172, stack(0x0000000809100000,0x0000000809200000)]
  0x000001ad160de230 JavaThread "Reference Handler" daemon [_thread_blocked, id=9252, stack(0x0000000809800000,0x0000000809900000)]
  0x000001ad160df0a0 JavaThread "Finalizer" daemon [_thread_blocked, id=8596, stack(0x0000000809900000,0x0000000809a00000)]
  0x000001ad161009b0 JavaThread "Signal Dispatcher" daemon [_thread_blocked, id=19216, stack(0x0000000809a00000,0x0000000809b00000)]
  0x000001ad16101730 JavaThread "Attach Listener" daemon [_thread_blocked, id=16860, stack(0x0000000809b00000,0x0000000809c00000)]
  0x000001ad16105100 JavaThread "Service Thread" daemon [_thread_blocked, id=26308, stack(0x0000000809c00000,0x0000000809d00000)]
  0x000001ad163aa000 JavaThread "Monitor Deflation Thread" daemon [_thread_blocked, id=13932, stack(0x0000000809d00000,0x0000000809e00000)]
  0x000001ad163ab200 JavaThread "C2 CompilerThread0" daemon [_thread_in_native, id=10340, stack(0x0000000809e00000,0x0000000809f00000)]
  0x000001ad163c1990 JavaThread "C1 CompilerThread0" daemon [_thread_blocked, id=25148, stack(0x0000000809f00000,0x000000080a000000)]
  0x000001ad163d2360 JavaThread "Sweeper thread" daemon [_thread_blocked, id=23828, stack(0x000000080a000000,0x000000080a100000)]
  0x000001ad164c6e90 JavaThread "Common-Cleaner" daemon [_thread_blocked, id=16072, stack(0x000000080a100000,0x000000080a200000)]
  0x000001ad1663c830 JavaThread "Notification Thread" daemon [_thread_blocked, id=18940, stack(0x000000080a200000,0x000000080a300000)]
  0x000001ad1bce0430 JavaThread "Daemon health stats" [_thread_blocked, id=1372, stack(0x000000080a700000,0x000000080a800000)]
  0x000001ad1c060020 JavaThread "Incoming local TCP Connector on port 51428" [_thread_in_native, id=16576, stack(0x000000080a800000,0x000000080a900000)]
  0x000001ad1bc8b6f0 JavaThread "Daemon periodic checks" [_thread_blocked, id=11840, stack(0x000000080a900000,0x000000080aa00000)]
  0x000001ad1be84f40 JavaThread "Daemon" [_thread_blocked, id=24192, stack(0x000000080aa00000,0x000000080ab00000)]
  0x000001ad1b8d9210 JavaThread "Handler for socket connection from /127.0.0.1:51428 to /127.0.0.1:51429" [_thread_in_native, id=26408, stack(0x000000080ab00000,0x000000080ac00000)]
  0x000001ad1c0584b0 JavaThread "Cancel handler" [_thread_blocked, id=22280, stack(0x000000080ac00000,0x000000080ad00000)]
  0x000001ad1c058980 JavaThread "Daemon worker" [_thread_blocked, id=860, stack(0x000000080ad00000,0x000000080ae00000)]
  0x000001ad1c057fe0 JavaThread "Asynchronous log dispatcher for DefaultDaemonConnection: socket connection from /127.0.0.1:51428 to /127.0.0.1:51429" [_thread_blocked, id=7340, stack(0x000000080ae00000,0x000000080af00000)]
  0x000001ad1c05b4d0 JavaThread "Stdin handler" [_thread_blocked, id=26436, stack(0x000000080af00000,0x000000080b000000)]
  0x000001ad1c0597f0 JavaThread "Daemon client event forwarder" [_thread_blocked, id=24548, stack(0x000000080b000000,0x000000080b100000)]
  0x000001ad1c05ab30 JavaThread "Cache worker for journal cache (C:\Users\paras kamboj\.gradle\caches\journal-1)" [_thread_blocked, id=23424, stack(0x000000080b100000,0x000000080b200000)]
  0x000001ad1c05b9a0 JavaThread "File lock request listener" [_thread_in_native, id=20240, stack(0x000000080b200000,0x000000080b300000)]
  0x000001ad1c058e50 JavaThread "Cache worker for file hash cache (C:\Users\paras kamboj\.gradle\caches\8.2\fileHashes)" [_thread_blocked, id=14412, stack(0x000000080b300000,0x000000080b400000)]
  0x000001ad1c059cc0 JavaThread "File watcher server" daemon [_thread_in_native, id=14072, stack(0x000000080b400000,0x000000080b500000)]
  0x000001ad1c05a190 JavaThread "File watcher consumer" daemon [_thread_blocked, id=6164, stack(0x000000080b500000,0x000000080b600000)]
  0x000001ad1c05a660 JavaThread "Cache worker for checksums cache (D:\Git and Github\ProjectSynopisis\.gradle\8.2\checksums)" [_thread_blocked, id=25376, stack(0x000000080b600000,0x000000080b700000)]
  0x000001ad1c05b000 JavaThread "Cache worker for cache directory md-rule (C:\Users\paras kamboj\.gradle\caches\8.2\md-rule)" [_thread_blocked, id=9084, stack(0x000000080b700000,0x000000080b800000)]
  0x000001ad1c059320 JavaThread "Cache worker for file content cache (C:\Users\paras kamboj\.gradle\caches\8.2\fileContent)" [_thread_blocked, id=8032, stack(0x000000080b800000,0x000000080b900000)]
  0x000001ad1c4ede10 JavaThread "Cache worker for file hash cache (D:\Git and Github\ProjectSynopisis\.gradle\8.2\fileHashes)" [_thread_blocked, id=18652, stack(0x000000080b900000,0x000000080ba00000)]
  0x000001ad1c4e8c40 JavaThread "Cache worker for cache directory md-supplier (C:\Users\paras kamboj\.gradle\caches\8.2\md-supplier)" [_thread_blocked, id=26096, stack(0x000000080ba00000,0x000000080bb00000)]
  0x000001ad1c4e9110 JavaThread "Cache worker for execution history cache (C:\Users\paras kamboj\.gradle\caches\8.2\executionHistory)" [_thread_blocked, id=12364, stack(0x000000080bb00000,0x000000080bc00000)]
  0x000001ad1c4eadf0 JavaThread "jar transforms" [_thread_blocked, id=22016, stack(0x000000080bc00000,0x000000080bd00000)]
  0x000001ad1c4eb2c0 JavaThread "jar transforms Thread 2" [_thread_blocked, id=27392, stack(0x000000080bd00000,0x000000080be00000)]
  0x000001ad1c4e9ab0 JavaThread "jar transforms Thread 3" [_thread_blocked, id=27312, stack(0x000000080c000000,0x000000080c100000)]
  0x000001ad1c4ee2e0 JavaThread "jar transforms Thread 4" [_thread_blocked, id=9552, stack(0x000000080c100000,0x000000080c200000)]
  0x000001ad1c4ef150 JavaThread "Cache worker for dependencies-accessors (D:\Git and Github\ProjectSynopisis\.gradle\8.2\dependencies-accessors)" [_thread_blocked, id=22724, stack(0x000000080c200000,0x000000080c300000)]
  0x000001ad1c4efaf0 JavaThread "Cache worker for Build Output Cleanup Cache (D:\Git and Github\ProjectSynopisis\.gradle\buildOutputCleanup)" [_thread_blocked, id=25700, stack(0x000000080c300000,0x000000080c400000)]
  0x000001ad1c4ee7b0 JavaThread "Unconstrained build operations" [_thread_blocked, id=24044, stack(0x000000080c500000,0x000000080c600000)]
  0x000001ad1c4eec80 JavaThread "Unconstrained build operations Thread 2" [_thread_blocked, id=24208, stack(0x000000080c600000,0x000000080c700000)]
  0x000001ad1c4e95e0 JavaThread "Unconstrained build operations Thread 3" [_thread_blocked, id=21584, stack(0x000000080c700000,0x000000080c800000)]

Other Threads:
=>0x000001ad160da990 VMThread "VM Thread" [stack: 0x0000000809700000,0x0000000809800000] [id=7868]
  0x000001ad7cb48020 WatcherThread [stack: 0x000000080a300000,0x000000080a400000] [id=7384]
  0x000001ad7a8de840 GCTaskThread "GC Thread#0" [stack: 0x0000000809200000,0x0000000809300000] [id=23684]
  0x000001ad16b04500 GCTaskThread "GC Thread#1" [stack: 0x000000080a400000,0x000000080a500000] [id=12584]
  0x000001ad1686c180 GCTaskThread "GC Thread#2" [stack: 0x000000080a500000,0x000000080a600000] [id=3932]
  0x000001ad169dc490 GCTaskThread "GC Thread#3" [stack: 0x000000080a600000,0x000000080a700000] [id=23956]
  0x000001ad7cb3cd80 ConcurrentGCThread "G1 Main Marker" [stack: 0x0000000809300000,0x0000000809400000] [id=8088]
  0x000001ad7cb3de40 ConcurrentGCThread "G1 Conc#0" [stack: 0x0000000809400000,0x0000000809500000] [id=18276]
  0x000001ad15f510c0 ConcurrentGCThread "G1 Refine#0" [stack: 0x0000000809500000,0x0000000809600000] [id=16468]
  0x000001ad1e1b4c00 ConcurrentGCThread "G1 Refine#1" [stack: 0x000000080be00000,0x000000080bf00000] [id=776]
  0x000001ad1c5d7050 ConcurrentGCThread "G1 Refine#2" [stack: 0x000000080bf00000,0x000000080c000000] [id=14288]
  0x000001ad15f51ae0 ConcurrentGCThread "G1 Service" [stack: 0x0000000809600000,0x0000000809700000] [id=2436]

Threads with active compile tasks:
C2 CompilerThread0    20794 6384       4       org.objectweb.asm.SymbolTable::addConstantMemberReference (147 bytes)

VM state: at safepoint (normal execution)

VM Mutex/Monitor currently owned by a thread:  ([mutex/lock_event])
[0x000001ad7cad18e0] Threads_lock - owner thread: 0x000001ad160da990
[0x000001ad7cad2f60] Heap_lock - owner thread: 0x000001ad1c058980

Heap address: 0x0000000080000000, size: 2048 MB, Compressed Oops mode: 32-bit

CDS archive(s) not mapped
Compressed class space mapped at: 0x0000000100000000-0x0000000140000000, reserved size: 1073741824
Narrow klass base: 0x0000000000000000, Narrow klass shift: 3, Narrow klass range: 0x140000000

GC Precious Log:
 CPUs: 4 total, 4 available
 Memory: 6086M
 Large Page Support: Disabled
 NUMA Support: Disabled
 Compressed Oops: Enabled (32-bit)
 Heap Region Size: 1M
 Heap Min Capacity: 8M
 Heap Initial Capacity: 96M
 Heap Max Capacity: 2G
 Pre-touch: Disabled
 Parallel Workers: 4
 Concurrent Workers: 1
 Concurrent Refinement Workers: 4
 Periodic GC: Disabled

Heap:
 garbage-first heap   total 98304K, used 53332K [0x0000000080000000, 0x0000000100000000)
  region size 1024K, 2 young (2048K), 2 survivors (2048K)
 Metaspace       used 63487K, committed 64000K, reserved 1114112K
  class space    used 8416K, committed 8640K, reserved 1048576K

Heap Regions: E=young(eden), S=young(survivor), O=old, HS=humongous(starts), HC=humongous(continues), CS=collection set, F=free, OA=open archive, CA=closed archive, TAMS=top-at-mark-start (previous, next)
|   0|0x0000000080000000, 0x0000000080100000, 0x0000000080100000|100%| O|  |TAMS 0x0000000080100000, 0x0000000080100000| Untracked 
|   1|0x0000000080100000, 0x0000000080200000, 0x0000000080200000|100%| O|  |TAMS 0x0000000080200000, 0x0000000080200000| Untracked 
|   2|0x0000000080200000, 0x0000000080300000, 0x0000000080300000|100%|HS|  |TAMS 0x0000000080300000, 0x0000000080300000| Complete 
|   3|0x0000000080300000, 0x0000000080400000, 0x0000000080400000|100%|HC|  |TAMS 0x0000000080400000, 0x0000000080400000| Complete 
|   4|0x0000000080400000, 0x0000000080500000, 0x0000000080500000|100%|HC|  |TAMS 0x0000000080500000, 0x0000000080500000| Complete 
|   5|0x0000000080500000, 0x0000000080600000, 0x0000000080600000|100%|HC|  |TAMS 0x0000000080600000, 0x0000000080600000| Complete 
|   6|0x0000000080600000, 0x0000000080700000, 0x0000000080700000|100%| O|  |TAMS 0x0000000080700000, 0x0000000080700000| Untracked 
|   7|0x0000000080700000, 0x0000000080800000, 0x0000000080800000|100%| O|  |TAMS 0x0000000080800000, 0x0000000080800000| Untracked 
|   8|0x0000000080800000, 0x0000000080900000, 0x0000000080900000|100%| O|  |TAMS 0x0000000080900000, 0x0000000080900000| Untracked 
|   9|0x0000000080900000, 0x0000000080a00000, 0x0000000080a00000|100%| O|  |TAMS 0x0000000080a00000, 0x0000000080a00000| Untracked 
|  10|0x0000000080a00000, 0x0000000080b00000, 0x0000000080b00000|100%| O|  |TAMS 0x0000000080b00000, 0x0000000080b00000| Untracked 
|  11|0x0000000080b00000, 0x0000000080c00000, 0x0000000080c00000|100%| O|  |TAMS 0x0000000080c00000, 0x0000000080c00000| Untracked 
|  12|0x0000000080c00000, 0x0000000080d00000, 0x0000000080d00000|100%| O|  |TAMS 0x0000000080d00000, 0x0000000080d00000| Untracked 
|  13|0x0000000080d00000, 0x0000000080e00000, 0x0000000080e00000|100%| O|  |TAMS 0x0000000080e00000, 0x0000000080e00000| Untracked 
|  14|0x0000000080e00000, 0x0000000080f00000, 0x0000000080f00000|100%| O|  |TAMS 0x0000000080f00000, 0x0000000080f00000| Untracked 
|  15|0x0000000080f00000, 0x0000000081000000, 0x0000000081000000|100%| O|  |TAMS 0x0000000081000000, 0x0000000081000000| Untracked 
|  16|0x0000000081000000, 0x0000000081100000, 0x0000000081100000|100%| O|  |TAMS 0x0000000081100000, 0x0000000081100000| Untracked 
|  17|0x0000000081100000, 0x0000000081200000, 0x0000000081200000|100%| O|  |TAMS 0x0000000081200000, 0x0000000081200000| Untracked 
|  18|0x0000000081200000, 0x0000000081300000, 0x0000000081300000|100%| O|  |TAMS 0x0000000081300000, 0x0000000081300000| Untracked 
|  19|0x0000000081300000, 0x0000000081400000, 0x0000000081400000|100%| O|  |TAMS 0x0000000081400000, 0x0000000081400000| Untracked 
|  20|0x0000000081400000, 0x0000000081500000, 0x0000000081500000|100%| O|  |TAMS 0x0000000081500000, 0x0000000081500000| Untracked 
|  21|0x0000000081500000, 0x0000000081600000, 0x0000000081600000|100%| O|  |TAMS 0x0000000081600000, 0x0000000081600000| Untracked 
|  22|0x0000000081600000, 0x0000000081700000, 0x0000000081700000|100%| O|  |TAMS 0x0000000081700000, 0x0000000081700000| Untracked 
|  23|0x0000000081700000, 0x0000000081800000, 0x0000000081800000|100%| O|  |TAMS 0x0000000081800000, 0x0000000081800000| Untracked 
|  24|0x0000000081800000, 0x0000000081900000, 0x0000000081900000|100%| O|  |TAMS 0x0000000081900000, 0x0000000081900000| Untracked 
|  25|0x0000000081900000, 0x0000000081a00000, 0x0000000081a00000|100%| O|  |TAMS 0x0000000081a00000, 0x0000000081a00000| Untracked 
|  26|0x0000000081a00000, 0x0000000081b00000, 0x0000000081b00000|100%| O|  |TAMS 0x0000000081b00000, 0x0000000081b00000| Untracked 
|  27|0x0000000081b00000, 0x0000000081c00000, 0x0000000081c00000|100%| O|  |TAMS 0x0000000081c00000, 0x0000000081c00000| Untracked 
|  28|0x0000000081c00000, 0x0000000081d00000, 0x0000000081d00000|100%| O|  |TAMS 0x0000000081d00000, 0x0000000081d00000| Untracked 
|  29|0x0000000081d00000, 0x0000000081e00000, 0x0000000081e00000|100%| O|  |TAMS 0x0000000081e00000, 0x0000000081e00000| Untracked 
|  30|0x0000000081e00000, 0x0000000081f00000, 0x0000000081f00000|100%|HS|  |TAMS 0x0000000081f00000, 0x0000000081f00000| Complete 
|  31|0x0000000081f00000, 0x0000000082000000, 0x0000000082000000|100%|HS|  |TAMS 0x0000000082000000, 0x0000000082000000| Complete 
|  32|0x0000000082000000, 0x0000000082100000, 0x0000000082100000|100%| O|  |TAMS 0x0000000082100000, 0x0000000082100000| Untracked 
|  33|0x0000000082100000, 0x0000000082200000, 0x0000000082200000|100%| O|  |TAMS 0x0000000082200000, 0x0000000082200000| Untracked 
|  34|0x0000000082200000, 0x0000000082300000, 0x0000000082300000|100%| O|  |TAMS 0x0000000082300000, 0x0000000082300000| Untracked 
|  35|0x0000000082300000, 0x0000000082400000, 0x0000000082400000|100%| O|  |TAMS 0x0000000082400000, 0x0000000082400000| Untracked 
|  36|0x0000000082400000, 0x0000000082500000, 0x0000000082500000|100%| O|  |TAMS 0x0000000082500000, 0x0000000082500000| Untracked 
|  37|0x0000000082500000, 0x0000000082600000, 0x0000000082600000|100%| O|  |TAMS 0x0000000082600000, 0x0000000082600000| Untracked 
|  38|0x0000000082600000, 0x0000000082700000, 0x0000000082700000|100%| O|  |TAMS 0x0000000082700000, 0x0000000082700000| Untracked 
|  39|0x0000000082700000, 0x0000000082800000, 0x0000000082800000|100%| O|  |TAMS 0x0000000082800000, 0x0000000082800000| Untracked 
|  40|0x0000000082800000, 0x0000000082900000, 0x0000000082900000|100%| O|  |TAMS 0x0000000082900000, 0x0000000082900000| Untracked 
|  41|0x0000000082900000, 0x0000000082a00000, 0x0000000082a00000|100%| O|  |TAMS 0x0000000082a00000, 0x0000000082a00000| Untracked 
|  42|0x0000000082a00000, 0x0000000082b00000, 0x0000000082b00000|100%|HS|  |TAMS 0x0000000082b00000, 0x0000000082b00000| Complete 
|  43|0x0000000082b00000, 0x0000000082c00000, 0x0000000082c00000|100%|HS|  |TAMS 0x0000000082c00000, 0x0000000082c00000| Complete 
|  44|0x0000000082c00000, 0x0000000082d00000, 0x0000000082d00000|100%| O|  |TAMS 0x0000000082d00000, 0x0000000082d00000| Untracked 
|  45|0x0000000082d00000, 0x0000000082e00000, 0x0000000082e00000|100%| O|  |TAMS 0x0000000082e00000, 0x0000000082e00000| Untracked 
|  46|0x0000000082e00000, 0x0000000082f00000, 0x0000000082f00000|100%| O|  |TAMS 0x0000000082f00000, 0x0000000082f00000| Untracked 
|  47|0x0000000082f00000, 0x0000000083000000, 0x0000000083000000|100%| O|  |TAMS 0x0000000082f81200, 0x0000000083000000| Untracked 
|  48|0x0000000083000000, 0x0000000083100000, 0x0000000083100000|100%| O|  |TAMS 0x0000000083000000, 0x00000000830d6200| Untracked 
|  49|0x0000000083100000, 0x0000000083200000, 0x0000000083200000|100%|HS|  |TAMS 0x0000000083100000, 0x0000000083200000| Complete 
|  50|0x0000000083200000, 0x00000000832dec00, 0x0000000083300000| 87%| O|  |TAMS 0x0000000083200000, 0x0000000083200000| Untracked 
|  51|0x0000000083300000, 0x0000000083300000, 0x0000000083400000|  0%| F|  |TAMS 0x0000000083300000, 0x0000000083300000| Untracked 
|  52|0x0000000083400000, 0x0000000083400000, 0x0000000083500000|  0%| F|  |TAMS 0x0000000083400000, 0x0000000083400000| Untracked 
|  53|0x0000000083500000, 0x0000000083500000, 0x0000000083600000|  0%| F|  |TAMS 0x0000000083500000, 0x0000000083500000| Untracked 
|  54|0x0000000083600000, 0x0000000083600000, 0x0000000083700000|  0%| F|  |TAMS 0x0000000083600000, 0x0000000083600000| Untracked 
|  55|0x0000000083700000, 0x0000000083700000, 0x0000000083800000|  0%| F|  |TAMS 0x0000000083700000, 0x0000000083700000| Untracked 
|  56|0x0000000083800000, 0x0000000083800000, 0x0000000083900000|  0%| F|  |TAMS 0x0000000083800000, 0x0000000083800000| Untracked 
|  57|0x0000000083900000, 0x0000000083900000, 0x0000000083a00000|  0%| F|  |TAMS 0x0000000083900000, 0x0000000083900000| Untracked 
|  58|0x0000000083a00000, 0x0000000083a00000, 0x0000000083b00000|  0%| F|  |TAMS 0x0000000083a00000, 0x0000000083a00000| Untracked 
|  59|0x0000000083b00000, 0x0000000083b00000, 0x0000000083c00000|  0%| F|  |TAMS 0x0000000083b00000, 0x0000000083b00000| Untracked 
|  60|0x0000000083c00000, 0x0000000083c00000, 0x0000000083d00000|  0%| F|  |TAMS 0x0000000083c00000, 0x0000000083c00000| Untracked 
|  61|0x0000000083d00000, 0x0000000083d00000, 0x0000000083e00000|  0%| F|  |TAMS 0x0000000083d00000, 0x0000000083d00000| Untracked 
|  62|0x0000000083e00000, 0x0000000083e00000, 0x0000000083f00000|  0%| F|  |TAMS 0x0000000083e00000, 0x0000000083e00000| Untracked 
|  63|0x0000000083f00000, 0x0000000083f00000, 0x0000000084000000|  0%| F|  |TAMS 0x0000000083f00000, 0x0000000083f00000| Untracked 
|  64|0x0000000084000000, 0x0000000084000000, 0x0000000084100000|  0%| F|  |TAMS 0x0000000084000000, 0x0000000084000000| Untracked 
|  65|0x0000000084100000, 0x0000000084100000, 0x0000000084200000|  0%| F|  |TAMS 0x0000000084100000, 0x0000000084100000| Untracked 
|  66|0x0000000084200000, 0x0000000084200000, 0x0000000084300000|  0%| F|  |TAMS 0x0000000084200000, 0x0000000084200000| Untracked 
|  67|0x0000000084300000, 0x0000000084300000, 0x0000000084400000|  0%| F|  |TAMS 0x0000000084300000, 0x0000000084300000| Untracked 
|  68|0x0000000084400000, 0x0000000084400000, 0x0000000084500000|  0%| F|  |TAMS 0x0000000084400000, 0x0000000084400000| Untracked 
|  69|0x0000000084500000, 0x0000000084500000, 0x0000000084600000|  0%| F|  |TAMS 0x0000000084500000, 0x0000000084500000| Untracked 
|  70|0x0000000084600000, 0x00000000846366f8, 0x0000000084700000| 21%| S|CS|TAMS 0x0000000084600000, 0x0000000084600000| Complete 
|  71|0x0000000084700000, 0x0000000084700000, 0x0000000084800000|  0%| F|  |TAMS 0x0000000084700000, 0x0000000084700000| Untracked 
|  72|0x0000000084800000, 0x0000000084800000, 0x0000000084900000|  0%| F|  |TAMS 0x0000000084800000, 0x0000000084800000| Untracked 
|  73|0x0000000084900000, 0x0000000084a00000, 0x0000000084a00000|100%| S|CS|TAMS 0x0000000084900000, 0x0000000084900000| Complete 
|  74|0x0000000084a00000, 0x0000000084a00000, 0x0000000084b00000|  0%| F|  |TAMS 0x0000000084a00000, 0x0000000084a00000| Untracked 
|  75|0x0000000084b00000, 0x0000000084b00000, 0x0000000084c00000|  0%| F|  |TAMS 0x0000000084b00000, 0x0000000084b00000| Untracked 
|  76|0x0000000084c00000, 0x0000000084c00000, 0x0000000084d00000|  0%| F|  |TAMS 0x0000000084c00000, 0x0000000084c00000| Untracked 
|  77|0x0000000084d00000, 0x0000000084d00000, 0x0000000084e00000|  0%| F|  |TAMS 0x0000000084d00000, 0x0000000084d00000| Untracked 
|  78|0x0000000084e00000, 0x0000000084e00000, 0x0000000084f00000|  0%| F|  |TAMS 0x0000000084e00000, 0x0000000084e00000| Untracked 
|  79|0x0000000084f00000, 0x0000000084f00000, 0x0000000085000000|  0%| F|  |TAMS 0x0000000084f00000, 0x0000000084f00000| Untracked 
|  80|0x0000000085000000, 0x0000000085000000, 0x0000000085100000|  0%| F|  |TAMS 0x0000000085000000, 0x0000000085000000| Untracked 
|  81|0x0000000085100000, 0x0000000085100000, 0x0000000085200000|  0%| F|  |TAMS 0x0000000085100000, 0x0000000085100000| Untracked 
|  82|0x0000000085200000, 0x0000000085200000, 0x0000000085300000|  0%| F|  |TAMS 0x0000000085200000, 0x0000000085200000| Untracked 
|  83|0x0000000085300000, 0x0000000085300000, 0x0000000085400000|  0%| F|  |TAMS 0x0000000085300000, 0x0000000085300000| Untracked 
|  84|0x0000000085400000, 0x0000000085400000, 0x0000000085500000|  0%| F|  |TAMS 0x0000000085400000, 0x0000000085400000| Untracked 
|  85|0x0000000085500000, 0x0000000085500000, 0x0000000085600000|  0%| F|  |TAMS 0x0000000085500000, 0x0000000085500000| Untracked 
|  86|0x0000000085600000, 0x0000000085600000, 0x0000000085700000|  0%| F|  |TAMS 0x0000000085600000, 0x0000000085600000| Untracked 
|  87|0x0000000085700000, 0x0000000085700000, 0x0000000085800000|  0%| F|  |TAMS 0x0000000085700000, 0x0000000085700000| Untracked 
|  88|0x0000000085800000, 0x0000000085800000, 0x0000000085900000|  0%| F|  |TAMS 0x0000000085800000, 0x0000000085800000| Untracked 
|  89|0x0000000085900000, 0x0000000085900000, 0x0000000085a00000|  0%| F|  |TAMS 0x0000000085900000, 0x0000000085900000| Untracked 
|  90|0x0000000085a00000, 0x0000000085a00000, 0x0000000085b00000|  0%| F|  |TAMS 0x0000000085a00000, 0x0000000085a00000| Untracked 
|  91|0x0000000085b00000, 0x0000000085b00000, 0x0000000085c00000|  0%| F|  |TAMS 0x0000000085b00000, 0x0000000085b00000| Untracked 
|  92|0x0000000085c00000, 0x0000000085c00000, 0x0000000085d00000|  0%| F|  |TAMS 0x0000000085c00000, 0x0000000085c00000| Untracked 
|  93|0x0000000085d00000, 0x0000000085d00000, 0x0000000085e00000|  0%| F|  |TAMS 0x0000000085d00000, 0x0000000085d00000| Untracked 
|  94|0x0000000085e00000, 0x0000000085e00000, 0x0000000085f00000|  0%| F|  |TAMS 0x0000000085e00000, 0x0000000085e00000| Untracked 
|  95|0x0000000085f00000, 0x0000000085f00000, 0x0000000086000000|  0%| F|  |TAMS 0x0000000085f00000, 0x0000000085f00000| Untracked 

Card table byte_map: [0x000001ad0f400000,0x000001ad0f800000] _byte_map_base: 0x000001ad0f000000

Marking Bits (Prev, Next): (CMBitMap*) 0x000001ad7cb2c450, (CMBitMap*) 0x000001ad7cb2c490
 Prev Bits: [0x000001ad0fc00000, 0x000001ad11c00000)
 Next Bits: [0x000001ad11c00000, 0x000001ad13c00000)

Polling page: 0x000001ad7aa20000

Metaspace:

Usage:
  Non-class:     53.78 MB used.
      Class:      8.22 MB used.
       Both:     62.00 MB used.

Virtual space:
  Non-class space:       64.00 MB reserved,      54.06 MB ( 84%) committed,  1 nodes.
      Class space:        1.00 GB reserved,       8.44 MB ( <1%) committed,  1 nodes.
             Both:        1.06 GB reserved,      62.50 MB (  6%) committed. 

Chunk freelists:
   Non-Class:  9.20 MB
       Class:  7.58 MB
        Both:  16.78 MB

MaxMetaspaceSize: unlimited
CompressedClassSpaceSize: 1.00 GB
Initial GC threshold: 21.00 MB
Current GC threshold: 99.62 MB
CDS: off
MetaspaceReclaimPolicy: balanced
 - commit_granule_bytes: 65536.
 - commit_granule_words: 8192.
 - virtual_space_node_default_size: 8388608.
 - enlarge_chunks_in_place: 1.
 - new_chunks_are_fully_committed: 0.
 - uncommit_free_chunks: 1.
 - use_allocation_guard: 0.
 - handle_deallocations: 1.


Internal statistics:

num_allocs_failed_limit: 6.
num_arena_births: 536.
num_arena_deaths: 0.
num_vsnodes_births: 2.
num_vsnodes_deaths: 0.
num_space_committed: 1000.
num_space_uncommitted: 0.
num_chunks_returned_to_freelist: 6.
num_chunks_taken_from_freelist: 2477.
num_chunk_merges: 6.
num_chunk_splits: 1652.
num_chunks_enlarged: 1127.
num_inconsistent_stats: 0.

CodeHeap 'non-profiled nmethods': size=120000Kb used=2403Kb max_used=3200Kb free=117596Kb
 bounds [0x000001ad07ad0000, 0x000001ad07e00000, 0x000001ad0f000000]
CodeHeap 'profiled nmethods': size=120000Kb used=10307Kb max_used=12418Kb free=109692Kb
 bounds [0x000001ad00000000, 0x000001ad00c30000, 0x000001ad07530000]
CodeHeap 'non-nmethods': size=5760Kb used=2365Kb max_used=2388Kb free=3394Kb
 bounds [0x000001ad07530000, 0x000001ad077a0000, 0x000001ad07ad0000]
 total_blobs=6359 nmethods=5474 adapters=797
 compilation: enabled
              stopped_count=0, restarted_count=0
 full_count=0

Compilation events (20 events):
Event: 20.644 Thread 0x000001ad163c1990 6400       3       org.gradle.api.internal.provider.AbstractMinimalProvider::<init> (5 bytes)
Event: 20.645 Thread 0x000001ad163c1990 nmethod 6400 0x000001ad00024c10 code [0x000001ad00024da0, 0x000001ad00024ef8]
Event: 20.648 Thread 0x000001ad163c1990 6401       3       com.google.common.reflect.TypeResolver$TypeTable$1::<init> (15 bytes)
Event: 20.649 Thread 0x000001ad163c1990 nmethod 6401 0x000001ad000cdc10 code [0x000001ad000cddc0, 0x000001ad000ce118]
Event: 20.649 Thread 0x000001ad163c1990 6402       3       com.google.common.reflect.TypeResolver$TypeTable::resolveInternal (105 bytes)
Event: 20.650 Thread 0x000001ad163c1990 nmethod 6402 0x000001ad005f8190 code [0x000001ad005f8460, 0x000001ad005f9388]
Event: 20.665 Thread 0x000001ad163c1990 6403       3       com.google.common.collect.ImmutableMapEntrySet$RegularEntrySet::iterator (5 bytes)
Event: 20.666 Thread 0x000001ad163c1990 nmethod 6403 0x000001ad00058210 code [0x000001ad000583c0, 0x000001ad000585e8]
Event: 20.666 Thread 0x000001ad163c1990 6404       3       com.google.common.collect.ImmutableMapEntrySet$RegularEntrySet::iterator (8 bytes)
Event: 20.666 Thread 0x000001ad163c1990 nmethod 6404 0x000001ad0022c010 code [0x000001ad0022c1c0, 0x000001ad0022c388]
Event: 20.666 Thread 0x000001ad163c1990 6405       1       org.gradle.internal.dispatch.ProxyDispatchAdapter::getSource (5 bytes)
Event: 20.666 Thread 0x000001ad163c1990 nmethod 6405 0x000001ad07c7fe10 code [0x000001ad07c7ffa0, 0x000001ad07c80078]
Event: 20.683 Thread 0x000001ad163c1990 6407       3       org.objectweb.asm.AnnotationWriter::visit (935 bytes)
Event: 20.691 Thread 0x000001ad163c1990 nmethod 6407 0x000001ad00051390 code [0x000001ad00051ac0, 0x000001ad00055998]
Event: 20.691 Thread 0x000001ad163c1990 6409       3       org.objectweb.asm.SymbolTable::addConstantIntegerOrFloat (100 bytes)
Event: 20.692 Thread 0x000001ad163c1990 nmethod 6409 0x000001ad0011b590 code [0x000001ad0011b7a0, 0x000001ad0011bcd8]
Event: 20.692 Thread 0x000001ad163c1990 6408       3       org.objectweb.asm.SymbolTable::addConstantInteger (7 bytes)
Event: 20.692 Thread 0x000001ad163c1990 nmethod 6408 0x000001ad0008e810 code [0x000001ad0008e9a0, 0x000001ad0008eae8]
Event: 20.699 Thread 0x000001ad163c1990 6410       3       org.gradle.internal.instantiation.generator.AsmBackedClassGenerator$ClassBuilderImpl::access$5200 (4 bytes)
Event: 20.699 Thread 0x000001ad163c1990 nmethod 6410 0x000001ad0000c610 code [0x000001ad0000c7a0, 0x000001ad0000c898]

GC Heap History (20 events):
Event: 11.201 GC heap after
{Heap after GC invocations=12 (full 0):
 garbage-first heap   total 86016K, used 29521K [0x0000000080000000, 0x0000000100000000)
  region size 1024K, 1 young (1024K), 1 survivors (1024K)
 Metaspace       used 42573K, committed 42880K, reserved 1114112K
  class space    used 5585K, committed 5696K, reserved 1048576K
}
Event: 12.675 GC heap before
{Heap before GC invocations=12 (full 0):
 garbage-first heap   total 86016K, used 66385K [0x0000000080000000, 0x0000000100000000)
  region size 1024K, 37 young (37888K), 1 survivors (1024K)
 Metaspace       used 45887K, committed 46272K, reserved 1114112K
  class space    used 6103K, committed 6272K, reserved 1048576K
}
Event: 12.688 GC heap after
{Heap after GC invocations=13 (full 0):
 garbage-first heap   total 86016K, used 31969K [0x0000000080000000, 0x0000000100000000)
  region size 1024K, 4 young (4096K), 4 survivors (4096K)
 Metaspace       used 45887K, committed 46272K, reserved 1114112K
  class space    used 6103K, committed 6272K, reserved 1048576K
}
Event: 13.989 GC heap before
{Heap before GC invocations=13 (full 0):
 garbage-first heap   total 86016K, used 66785K [0x0000000080000000, 0x0000000100000000)
  region size 1024K, 37 young (37888K), 4 survivors (4096K)
 Metaspace       used 50172K, committed 50560K, reserved 1114112K
  class space    used 6662K, committed 6848K, reserved 1048576K
}
Event: 13.998 GC heap after
{Heap after GC invocations=14 (full 0):
 garbage-first heap   total 86016K, used 33696K [0x0000000080000000, 0x0000000100000000)
  region size 1024K, 2 young (2048K), 2 survivors (2048K)
 Metaspace       used 50172K, committed 50560K, reserved 1114112K
  class space    used 6662K, committed 6848K, reserved 1048576K
}
Event: 16.024 GC heap before
{Heap before GC invocations=14 (full 0):
 garbage-first heap   total 86016K, used 66464K [0x0000000080000000, 0x0000000100000000)
  region size 1024K, 34 young (34816K), 2 survivors (2048K)
 Metaspace       used 55556K, committed 56000K, reserved 1114112K
  class space    used 7307K, committed 7488K, reserved 1048576K
}
Event: 16.036 GC heap after
{Heap after GC invocations=15 (full 0):
 garbage-first heap   total 86016K, used 36659K [0x0000000080000000, 0x0000000100000000)
  region size 1024K, 5 young (5120K), 5 survivors (5120K)
 Metaspace       used 55556K, committed 56000K, reserved 1114112K
  class space    used 7307K, committed 7488K, reserved 1048576K
}
Event: 18.481 GC heap before
{Heap before GC invocations=15 (full 0):
 garbage-first heap   total 86016K, used 66355K [0x0000000080000000, 0x0000000100000000)
  region size 1024K, 35 young (35840K), 5 survivors (5120K)
 Metaspace       used 59355K, committed 59840K, reserved 1114112K
  class space    used 7826K, committed 8064K, reserved 1048576K
}
Event: 18.495 GC heap after
{Heap after GC invocations=16 (full 0):
 garbage-first heap   total 86016K, used 40203K [0x0000000080000000, 0x0000000100000000)
  region size 1024K, 4 young (4096K), 4 survivors (4096K)
 Metaspace       used 59355K, committed 59840K, reserved 1114112K
  class space    used 7826K, committed 8064K, reserved 1048576K
}
Event: 18.737 GC heap before
{Heap before GC invocations=16 (full 0):
 garbage-first heap   total 86016K, used 45323K [0x0000000080000000, 0x0000000100000000)
  region size 1024K, 8 young (8192K), 4 survivors (4096K)
 Metaspace       used 59645K, committed 60096K, reserved 1114112K
  class space    used 7867K, committed 8064K, reserved 1048576K
}
Event: 18.744 GC heap after
{Heap after GC invocations=17 (full 0):
 garbage-first heap   total 86016K, used 43562K [0x0000000080000000, 0x0000000100000000)
  region size 1024K, 2 young (2048K), 2 survivors (2048K)
 Metaspace       used 59645K, committed 60096K, reserved 1114112K
  class space    used 7867K, committed 8064K, reserved 1048576K
}
Event: 18.987 GC heap before
{Heap before GC invocations=18 (full 0):
 garbage-first heap   total 86016K, used 47658K [0x0000000080000000, 0x0000000100000000)
  region size 1024K, 7 young (7168K), 2 survivors (2048K)
 Metaspace       used 59646K, committed 60096K, reserved 1114112K
  class space    used 7867K, committed 8064K, reserved 1048576K
}
Event: 18.993 GC heap after
{Heap after GC invocations=19 (full 0):
 garbage-first heap   total 86016K, used 47839K [0x0000000080000000, 0x0000000100000000)
  region size 1024K, 4 young (4096K), 4 survivors (4096K)
 Metaspace       used 59646K, committed 60096K, reserved 1114112K
  class space    used 7867K, committed 8064K, reserved 1048576K
}
Event: 19.190 GC heap before
{Heap before GC invocations=20 (full 0):
 garbage-first heap   total 86016K, used 50911K [0x0000000080000000, 0x0000000100000000)
  region size 1024K, 7 young (7168K), 4 survivors (4096K)
 Metaspace       used 59651K, committed 60096K, reserved 1114112K
  class space    used 7868K, committed 8064K, reserved 1048576K
}
Event: 19.194 GC heap after
{Heap after GC invocations=21 (full 0):
 garbage-first heap   total 86016K, used 49006K [0x0000000080000000, 0x0000000100000000)
  region size 1024K, 2 young (2048K), 2 survivors (2048K)
 Metaspace       used 59651K, committed 60096K, reserved 1114112K
  class space    used 7868K, committed 8064K, reserved 1048576K
}
Event: 19.646 GC heap before
{Heap before GC invocations=22 (full 0):
 garbage-first heap   total 92160K, used 60270K [0x0000000080000000, 0x0000000100000000)
  region size 1024K, 14 young (14336K), 2 survivors (2048K)
 Metaspace       used 60552K, committed 61056K, reserved 1114112K
  class space    used 7980K, committed 8192K, reserved 1048576K
}
Event: 19.650 GC heap after
{Heap after GC invocations=23 (full 0):
 garbage-first heap   total 92160K, used 51179K [0x0000000080000000, 0x0000000100000000)
  region size 1024K, 2 young (2048K), 2 survivors (2048K)
 Metaspace       used 60552K, committed 61056K, reserved 1114112K
  class space    used 7980K, committed 8192K, reserved 1048576K
}
Event: 20.228 GC heap before
{Heap before GC invocations=24 (full 0):
 garbage-first heap   total 92160K, used 67563K [0x0000000080000000, 0x0000000100000000)
  region size 1024K, 17 young (17408K), 2 survivors (2048K)
 Metaspace       used 61865K, committed 62336K, reserved 1114112K
  class space    used 8190K, committed 8384K, reserved 1048576K
}
Event: 20.232 GC heap after
{Heap after GC invocations=25 (full 0):
 garbage-first heap   total 92160K, used 52793K [0x0000000080000000, 0x0000000100000000)
  region size 1024K, 2 young (2048K), 2 survivors (2048K)
 Metaspace       used 61865K, committed 62336K, reserved 1114112K
  class space    used 8190K, committed 8384K, reserved 1048576K
}
Event: 20.700 GC heap before
{Heap before GC invocations=25 (full 0):
 garbage-first heap   total 92160K, used 68153K [0x0000000080000000, 0x0000000100000000)
  region size 1024K, 18 young (18432K), 2 survivors (2048K)
 Metaspace       used 63487K, committed 64000K, reserved 1114112K
  class space    used 8416K, committed 8640K, reserved 1048576K
}

Dll operation events (3 events):
Event: 0.030 Loaded shared library C:\Program Files\Android\Android Studio1\jbr\bin\java.dll
Event: 0.375 Loaded shared library C:\Program Files\Android\Android Studio1\jbr\bin\zip.dll
Event: 1.123 Loaded shared library C:\Program Files\Android\Android Studio1\jbr\bin\verify.dll

Deoptimization events (20 events):
Event: 20.421 Thread 0x000001ad1c058980 Uncommon trap: trap_request=0xffffffc6 fr.pc=0x000001ad07d4d44c relative=0x000000000000094c
Event: 20.421 Thread 0x000001ad1c058980 Uncommon trap: reason=bimorphic_or_optimized_type_check action=maybe_recompile pc=0x000001ad07d4d44c method=java.io.BufferedInputStream.read1([BII)I @ 39 c2
Event: 20.421 Thread 0x000001ad1c058980 DEOPT PACKING pc=0x000001ad07d4d44c sp=0x000000080adf6ef0
Event: 20.421 Thread 0x000001ad1c058980 DEOPT UNPACKING pc=0x000001ad075869a3 sp=0x000000080adf6e08 mode 2
Event: 20.421 Thread 0x000001ad1c058980 Uncommon trap: trap_request=0xffffffc6 fr.pc=0x000001ad07d4d44c relative=0x000000000000094c
Event: 20.421 Thread 0x000001ad1c058980 Uncommon trap: reason=bimorphic_or_optimized_type_check action=maybe_recompile pc=0x000001ad07d4d44c method=java.io.BufferedInputStream.read1([BII)I @ 39 c2
Event: 20.421 Thread 0x000001ad1c058980 DEOPT PACKING pc=0x000001ad07d4d44c sp=0x000000080adf6ef0
Event: 20.421 Thread 0x000001ad1c058980 DEOPT UNPACKING pc=0x000001ad075869a3 sp=0x000000080adf6e08 mode 2
Event: 20.458 Thread 0x000001ad1c058980 Uncommon trap: trap_request=0xffffffc6 fr.pc=0x000001ad07d4d44c relative=0x000000000000094c
Event: 20.458 Thread 0x000001ad1c058980 Uncommon trap: reason=bimorphic_or_optimized_type_check action=maybe_recompile pc=0x000001ad07d4d44c method=java.io.BufferedInputStream.read1([BII)I @ 39 c2
Event: 20.458 Thread 0x000001ad1c058980 DEOPT PACKING pc=0x000001ad07d4d44c sp=0x000000080adf79a0
Event: 20.458 Thread 0x000001ad1c058980 DEOPT UNPACKING pc=0x000001ad075869a3 sp=0x000000080adf78b8 mode 2
Event: 20.458 Thread 0x000001ad1c058980 Uncommon trap: trap_request=0xffffffde fr.pc=0x000001ad07c84ae8 relative=0x00000000000001a8
Event: 20.458 Thread 0x000001ad1c058980 Uncommon trap: reason=class_check action=maybe_recompile pc=0x000001ad07c84ae8 method=java.io.BufferedInputStream.read1([BII)I @ 39 c2
Event: 20.458 Thread 0x000001ad1c058980 DEOPT PACKING pc=0x000001ad07c84ae8 sp=0x000000080adf7900
Event: 20.458 Thread 0x000001ad1c058980 DEOPT UNPACKING pc=0x000001ad075869a3 sp=0x000000080adf78a8 mode 2
Event: 20.579 Thread 0x000001ad1c058980 Uncommon trap: trap_request=0xffffffde fr.pc=0x000001ad07d130d4 relative=0x0000000000006654
Event: 20.579 Thread 0x000001ad1c058980 Uncommon trap: reason=class_check action=maybe_recompile pc=0x000001ad07d130d4 method=java.util.jar.JarFile.getManifestFromReference()Ljava/util/jar/Manifest; @ 152 c2
Event: 20.579 Thread 0x000001ad1c058980 DEOPT PACKING pc=0x000001ad07d130d4 sp=0x000000080adf7310
Event: 20.579 Thread 0x000001ad1c058980 DEOPT UNPACKING pc=0x000001ad075869a3 sp=0x000000080adf6fb0 mode 2

Classes unloaded (0 events):
No events

Classes redefined (0 events):
No events

Internal exceptions (20 events):
Event: 15.676 Thread 0x000001ad1c058980 Implicit null exception at 0x000001ad07b0c8f2 to 0x000001ad07b0cecc
Event: 15.758 Thread 0x000001ad1c058980 Exception <a 'sun/nio/fs/WindowsException'{0x0000000083bdc398}> (0x0000000083bdc398) 
thrown [s\src\hotspot\share\prims\jni.cpp, line 517]
Event: 18.508 Thread 0x000001ad1c058980 Exception <a 'java/lang/NoSuchMethodError'{0x0000000085f82928}: 'long java.lang.invoke.DirectMethodHandle$Holder.invokeVirtual(java.lang.Object, java.lang.Object)'> (0x0000000085f82928) 
thrown [s\src\hotspot\share\interpreter\linkResolver.cpp, line 771]
Event: 18.520 Thread 0x000001ad1c0597f0 Exception <a 'java/lang/NoSuchMethodError'{0x0000000085fe2d80}: static Lorg/gradle/internal/build/event/types/DefaultOperationFinishedProgressEvent;.<clinit>()V> (0x0000000085fe2d80) 
thrown [s\src\hotspot\share\prims\jni.cpp, line 1108]
Event: 18.525 Thread 0x000001ad1c0597f0 Exception <a 'java/lang/NoSuchMethodError'{0x000000008520dc70}: static Lorg/gradle/internal/build/event/types/DefaultProjectConfigurationSuccessResult;.<clinit>()V> (0x000000008520dc70) 
thrown [s\src\hotspot\share\prims\jni.cpp, line 1108]
Event: 18.525 Thread 0x000001ad1c0597f0 Exception <a 'java/lang/NoSuchMethodError'{0x000000008520f208}: static Lorg/gradle/internal/build/event/types/AbstractProjectConfigurationResult;.<clinit>()V> (0x000000008520f208) 
thrown [s\src\hotspot\share\prims\jni.cpp, line 1108]
Event: 18.525 Thread 0x000001ad1c0597f0 Exception <a 'java/lang/NoSuchMethodError'{0x0000000085210950}: static Lorg/gradle/internal/build/event/types/AbstractOperationResult;.<clinit>()V> (0x0000000085210950) 
thrown [s\src\hotspot\share\prims\jni.cpp, line 1108]
Event: 18.525 Thread 0x000001ad1c0597f0 Exception <a 'java/lang/NoSuchMethodError'{0x0000000085211dc8}: static Lorg/gradle/internal/build/event/types/AbstractResult;.<clinit>()V> (0x0000000085211dc8) 
thrown [s\src\hotspot\share\prims\jni.cpp, line 1108]
Event: 18.529 Thread 0x000001ad1c0597f0 Exception <a 'java/lang/NoSuchMethodError'{0x000000008522aa38}: static Lorg/gradle/internal/build/event/types/DefaultPluginApplicationResult;.<clinit>()V> (0x000000008522aa38) 
thrown [s\src\hotspot\share\prims\jni.cpp, line 1108]
Event: 18.530 Thread 0x000001ad1c0597f0 Exception <a 'java/lang/NoSuchMethodError'{0x00000000852378b0}: static Lorg/gradle/internal/build/event/types/DefaultBinaryPluginIdentifier;.<clinit>()V> (0x00000000852378b0) 
thrown [s\src\hotspot\share\prims\jni.cpp, line 1108]
Event: 18.535 Thread 0x000001ad1c0597f0 Exception <a 'java/lang/NoSuchMethodError'{0x0000000085251740}: static Lorg/gradle/internal/build/event/types/DefaultScriptPluginIdentifier;.<clinit>()V> (0x0000000085251740) 
thrown [s\src\hotspot\share\prims\jni.cpp, line 1108]
Event: 18.602 Thread 0x000001ad1c058980 Exception <a 'java/lang/ClassNotFoundException'{0x00000000852c9840}: build_bii92z0mriow8ss6mlyfyb6bxBeanInfo> (0x00000000852c9840) 
thrown [s\src\hotspot\share\classfile\systemDictionary.cpp, line 256]
Event: 18.602 Thread 0x000001ad1c058980 Exception <a 'java/lang/ClassNotFoundException'{0x00000000852d0238}: build_bii92z0mriow8ss6mlyfyb6bxCustomizer> (0x00000000852d0238) 
thrown [s\src\hotspot\share\classfile\systemDictionary.cpp, line 256]
Event: 19.178 Thread 0x000001ad1c058980 Exception <a 'java/lang/ClassNotFoundException'{0x0000000085112d50}: sun/misc/SharedSecrets> (0x0000000085112d50) 
thrown [s\src\hotspot\share\classfile\systemDictionary.cpp, line 256]
Event: 19.178 Thread 0x000001ad1c058980 Exception <a 'java/lang/ClassNotFoundException'{0x0000000085114080}: org/gradle/api/internal/plugins/DefaultObjectConfigurationActionBeanInfo> (0x0000000085114080) 
thrown [s\src\hotspot\share\classfile\systemDictionary.cpp, line 256]
Event: 19.180 Thread 0x000001ad1c058980 Exception <a 'java/lang/ClassNotFoundException'{0x00000000851269b8}: org/gradle/api/internal/plugins/DefaultObjectConfigurationActionCustomizer> (0x00000000851269b8) 
thrown [s\src\hotspot\share\classfile\systemDictionary.cpp, line 256]
Event: 20.032 Thread 0x000001ad1c058980 Exception <a 'java/lang/NoSuchMethodError'{0x0000000085120d98}: 'java.lang.Object java.lang.invoke.DirectMethodHandle$Holder.newInvokeSpecial(java.lang.Object, java.lang.Object, java.lang.Object, java.lang.Object, int)'> (0x0000000085120d98) 
thrown [s\src\hotspot\share\interpreter\linkResolver.cpp, line 771]
Event: 20.033 Thread 0x000001ad1c058980 Exception <a 'java/lang/NoSuchMethodError'{0x0000000085125f38}: 'java.lang.Object java.lang.invoke.DirectMethodHandle$Holder.invokeSpecial(java.lang.Object, java.lang.Object, java.lang.Object, java.lang.Object, java.lang.Object, int)'> (0x0000000085125f38) 
thrown [s\src\hotspot\share\interpreter\linkResolver.cpp, line 771]
Event: 20.033 Thread 0x000001ad1c058980 Exception <a 'java/lang/NoSuchMethodError'{0x000000008512aa10}: 'java.lang.Object java.lang.invoke.Invokers$Holder.linkToTargetMethod(java.lang.Object, java.lang.Object, java.lang.Object, int, java.lang.Object)'> (0x000000008512aa10) 
thrown [s\src\hotspot\share\interpreter\linkResolver.cpp, line 771]
Event: 20.540 Thread 0x000001ad1c058980 Exception <a 'java/lang/NoSuchMethodError'{0x0000000084e7e930}: 'int java.lang.invoke.DirectMethodHandle$Holder.invokeInterface(java.lang.Object, java.lang.Object, java.lang.Object, java.lang.Object)'> (0x0000000084e7e930) 
thrown [s\src\hotspot\share\interpreter\linkResolver.cpp, line 771]

VM Operations (20 events):
Event: 19.361 Executing VM operation: G1Concurrent done
Event: 19.646 Executing VM operation: G1TryInitiateConcMark
Event: 19.650 Executing VM operation: G1TryInitiateConcMark done
Event: 19.786 Executing VM operation: G1Concurrent
Event: 19.794 Executing VM operation: G1Concurrent done
Event: 19.834 Executing VM operation: G1Concurrent
Event: 19.834 Executing VM operation: G1Concurrent done
Event: 20.228 Executing VM operation: G1CollectForAllocation
Event: 20.232 Executing VM operation: G1CollectForAllocation done
Event: 20.393 Executing VM operation: HandshakeAllThreads
Event: 20.394 Executing VM operation: HandshakeAllThreads done
Event: 20.429 Executing VM operation: HandshakeAllThreads
Event: 20.429 Executing VM operation: HandshakeAllThreads done
Event: 20.452 Executing VM operation: HandshakeAllThreads
Event: 20.453 Executing VM operation: HandshakeAllThreads done
Event: 20.521 Executing VM operation: HandshakeAllThreads
Event: 20.521 Executing VM operation: HandshakeAllThreads done
Event: 20.538 Executing VM operation: HandshakeAllThreads
Event: 20.538 Executing VM operation: HandshakeAllThreads done
Event: 20.699 Executing VM operation: G1CollectForAllocation

Events (20 events):
Event: 20.466 Thread 0x000001ad163d2360 flushing nmethod 0x000001ad00a79f10
Event: 20.466 Thread 0x000001ad163d2360 flushing nmethod 0x000001ad00a7aa90
Event: 20.466 Thread 0x000001ad163d2360 flushing nmethod 0x000001ad00a86010
Event: 20.466 Thread 0x000001ad163d2360 flushing nmethod 0x000001ad00a86a90
Event: 20.466 Thread 0x000001ad163d2360 flushing nmethod 0x000001ad00a86f10
Event: 20.466 Thread 0x000001ad163d2360 flushing nmethod 0x000001ad00a89d90
Event: 20.466 Thread 0x000001ad163d2360 flushing nmethod 0x000001ad00a8a210
Event: 20.466 Thread 0x000001ad163d2360 flushing nmethod 0x000001ad00a8a510
Event: 20.466 Thread 0x000001ad163d2360 flushing nmethod 0x000001ad00a8a990
Event: 20.466 Thread 0x000001ad163d2360 flushing nmethod 0x000001ad00a8ac90
Event: 20.466 Thread 0x000001ad163d2360 flushing nmethod 0x000001ad00aa3e10
Event: 20.466 Thread 0x000001ad163d2360 flushing nmethod 0x000001ad00aa4390
Event: 20.466 Thread 0x000001ad163d2360 flushing nmethod 0x000001ad00aa4790
Event: 20.466 Thread 0x000001ad163d2360 flushing nmethod 0x000001ad00aa4e10
Event: 20.467 Thread 0x000001ad163d2360 flushing nmethod 0x000001ad00ad9d90
Event: 20.467 Thread 0x000001ad163d2360 flushing nmethod 0x000001ad00b19510
Event: 20.467 Thread 0x000001ad163d2360 flushing nmethod 0x000001ad00b1a190
Event: 20.467 Thread 0x000001ad163d2360 flushing nmethod 0x000001ad00b24c90
Event: 20.467 Thread 0x000001ad163d2360 flushing nmethod 0x000001ad00bade90
Event: 20.467 Thread 0x000001ad163d2360 flushing nmethod 0x000001ad00bb3290


Dynamic libraries:
0x00007ff6af020000 - 0x00007ff6af02a000 	C:\Program Files\Android\Android Studio1\jbr\bin\java.exe
0x00007ff968af0000 - 0x00007ff968d07000 	C:\WINDOWS\SYSTEM32\ntdll.dll
0x00007ff967880000 - 0x00007ff967944000 	C:\WINDOWS\System32\KERNEL32.DLL
0x00007ff965e30000 - 0x00007ff9661d6000 	C:\WINDOWS\System32\KERNELBASE.dll
0x00007ff966720000 - 0x00007ff966831000 	C:\WINDOWS\System32\ucrtbase.dll
0x00007ff956020000 - 0x00007ff956037000 	C:\Program Files\Android\Android Studio1\jbr\bin\jli.dll
0x00007ff9567a0000 - 0x00007ff9567bb000 	C:\Program Files\Android\Android Studio1\jbr\bin\VCRUNTIME140.dll
0x00007ff968900000 - 0x00007ff968aae000 	C:\WINDOWS\System32\USER32.dll
0x00007ff9663d0000 - 0x00007ff9663f6000 	C:\WINDOWS\System32\win32u.dll
0x00007ff967bc0000 - 0x00007ff967be9000 	C:\WINDOWS\System32\GDI32.dll
0x00007ff950d40000 - 0x00007ff950fd3000 	C:\WINDOWS\WinSxS\amd64_microsoft.windows.common-controls_6595b64144ccf1df_6.0.22621.2506_none_270c5ae97388e100\COMCTL32.dll
0x00007ff966600000 - 0x00007ff966718000 	C:\WINDOWS\System32\gdi32full.dll
0x00007ff9673e0000 - 0x00007ff967487000 	C:\WINDOWS\System32\msvcrt.dll
0x00007ff966430000 - 0x00007ff9664ca000 	C:\WINDOWS\System32\msvcp_win.dll
0x00007ff9677d0000 - 0x00007ff967801000 	C:\WINDOWS\System32\IMM32.DLL
0x00007ff95ef50000 - 0x00007ff95ef5c000 	C:\Program Files\Android\Android Studio1\jbr\bin\vcruntime140_1.dll
0x00007ff920b00000 - 0x00007ff920b8d000 	C:\Program Files\Android\Android Studio1\jbr\bin\msvcp140.dll
0x00007ff913a30000 - 0x00007ff9146b0000 	C:\Program Files\Android\Android Studio1\jbr\bin\server\jvm.dll
0x00007ff968550000 - 0x00007ff968603000 	C:\WINDOWS\System32\ADVAPI32.dll
0x00007ff967950000 - 0x00007ff9679f8000 	C:\WINDOWS\System32\sechost.dll
0x00007ff966400000 - 0x00007ff966428000 	C:\WINDOWS\System32\bcrypt.dll
0x00007ff9687e0000 - 0x00007ff9688f7000 	C:\WINDOWS\System32\RPCRT4.dll
0x00007ff95d870000 - 0x00007ff95d8a4000 	C:\WINDOWS\SYSTEM32\WINMM.dll
0x00007ff95d4a0000 - 0x00007ff95d4aa000 	C:\WINDOWS\SYSTEM32\VERSION.dll
0x00007ff95ee80000 - 0x00007ff95ee89000 	C:\WINDOWS\SYSTEM32\WSOCK32.dll
0x00007ff966da0000 - 0x00007ff966e11000 	C:\WINDOWS\System32\WS2_32.dll
0x00007ff964e60000 - 0x00007ff964e78000 	C:\WINDOWS\SYSTEM32\kernel.appcore.dll
0x00007ff95ad40000 - 0x00007ff95ad4a000 	C:\Program Files\Android\Android Studio1\jbr\bin\jimage.dll
0x00007ff94ea30000 - 0x00007ff94ec63000 	C:\WINDOWS\SYSTEM32\DBGHELP.DLL
0x00007ff966ed0000 - 0x00007ff967259000 	C:\WINDOWS\System32\combase.dll
0x00007ff966840000 - 0x00007ff966917000 	C:\WINDOWS\System32\OLEAUT32.dll
0x00007ff9448d0000 - 0x00007ff944902000 	C:\WINDOWS\SYSTEM32\dbgcore.DLL
0x00007ff966350000 - 0x00007ff9663ca000 	C:\WINDOWS\System32\bcryptPrimitives.dll
0x00007ff956040000 - 0x00007ff95604e000 	C:\Program Files\Android\Android Studio1\jbr\bin\instrument.dll
0x00007ff956f70000 - 0x00007ff956f95000 	C:\Program Files\Android\Android Studio1\jbr\bin\java.dll
0x00007ff956ae0000 - 0x00007ff956af8000 	C:\Program Files\Android\Android Studio1\jbr\bin\zip.dll
0x00007ff967cf0000 - 0x00007ff96854a000 	C:\WINDOWS\System32\SHELL32.dll
0x00007ff963d80000 - 0x00007ff964676000 	C:\WINDOWS\SYSTEM32\windows.storage.dll
0x00007ff963c40000 - 0x00007ff963d7e000 	C:\WINDOWS\SYSTEM32\wintypes.dll
0x00007ff967670000 - 0x00007ff967763000 	C:\WINDOWS\System32\SHCORE.dll
0x00007ff968610000 - 0x00007ff96866e000 	C:\WINDOWS\System32\shlwapi.dll
0x00007ff965d60000 - 0x00007ff965d86000 	C:\WINDOWS\SYSTEM32\profapi.dll
0x00007ff956920000 - 0x00007ff956939000 	C:\Program Files\Android\Android Studio1\jbr\bin\net.dll
0x00007ff95d1c0000 - 0x00007ff95d2f7000 	C:\WINDOWS\SYSTEM32\WINHTTP.dll
0x00007ff9652e0000 - 0x00007ff965349000 	C:\WINDOWS\system32\mswsock.dll
0x00007ff956900000 - 0x00007ff956916000 	C:\Program Files\Android\Android Studio1\jbr\bin\nio.dll
0x00007ff956790000 - 0x00007ff9567a0000 	C:\Program Files\Android\Android Studio1\jbr\bin\verify.dll
0x00007ff955f10000 - 0x00007ff955f37000 	C:\Users\paras kamboj\.gradle\native\68d5fa5c4cc2d200863cafc0d521ce42e7d3e7ee720ec0a83991735586a16f82\windows-amd64\native-platform.dll
0x00007ff91c450000 - 0x00007ff91c594000 	C:\Users\paras kamboj\.gradle\native\e376f236ea51e6404a007f0833ffe2c6e607c4080706a723a18a27aeea778392\windows-amd64\native-platform-file-events.dll
0x00007ff956280000 - 0x00007ff956289000 	C:\Program Files\Android\Android Studio1\jbr\bin\management.dll
0x00007ff956270000 - 0x00007ff95627b000 	C:\Program Files\Android\Android Studio1\jbr\bin\management_ext.dll
0x00007ff9672e0000 - 0x00007ff9672e8000 	C:\WINDOWS\System32\PSAPI.DLL
0x00007ff965530000 - 0x00007ff96554b000 	C:\WINDOWS\SYSTEM32\CRYPTSP.dll
0x00007ff964dc0000 - 0x00007ff964df5000 	C:\WINDOWS\system32\rsaenh.dll
0x00007ff9653d0000 - 0x00007ff9653fc000 	C:\WINDOWS\SYSTEM32\USERENV.dll
0x00007ff965550000 - 0x00007ff96555c000 	C:\WINDOWS\SYSTEM32\CRYPTBASE.dll
0x00007ff964920000 - 0x00007ff96494d000 	C:\WINDOWS\SYSTEM32\IPHLPAPI.DLL
0x00007ff967340000 - 0x00007ff967349000 	C:\WINDOWS\System32\NSI.dll
0x00007ff95d4b0000 - 0x00007ff95d4c9000 	C:\WINDOWS\SYSTEM32\dhcpcsvc6.DLL
0x00007ff95d120000 - 0x00007ff95d13f000 	C:\WINDOWS\SYSTEM32\dhcpcsvc.DLL
0x00007ff964950000 - 0x00007ff964a49000 	C:\WINDOWS\SYSTEM32\DNSAPI.dll
0x00007ff9563b0000 - 0x00007ff9563b8000 	C:\WINDOWS\system32\wshunix.dll
0x0000000075170000 - 0x0000000075196000 	C:\Program Files\Bonjour\mdnsNSP.dll
0x00007ff95c5f0000 - 0x00007ff95c5fa000 	C:\Windows\System32\rasadhlp.dll
0x00007ff95c1d0000 - 0x00007ff95c253000 	C:\WINDOWS\System32\fwpuclnt.dll

dbghelp: loaded successfully - version: 4.0.5 - missing functions: none
symbol engine: initialized successfully - sym options: 0x614 - pdb path: .;C:\Program Files\Android\Android Studio1\jbr\bin;C:\WINDOWS\SYSTEM32;C:\WINDOWS\WinSxS\amd64_microsoft.windows.common-controls_6595b64144ccf1df_6.0.22621.2506_none_270c5ae97388e100;C:\Program Files\Android\Android Studio1\jbr\bin\server;C:\Users\paras kamboj\.gradle\native\68d5fa5c4cc2d200863cafc0d521ce42e7d3e7ee720ec0a83991735586a16f82\windows-amd64;C:\Users\paras kamboj\.gradle\native\e376f236ea51e6404a007f0833ffe2c6e607c4080706a723a18a27aeea778392\windows-amd64;C:\Program Files\Bonjour

VM Arguments:
jvm_args: --add-opens=java.base/java.util=ALL-UNNAMED --add-opens=java.base/java.lang=ALL-UNNAMED --add-opens=java.base/java.lang.invoke=ALL-UNNAMED --add-opens=java.prefs/java.util.prefs=ALL-UNNAMED --add-opens=java.base/java.nio.charset=ALL-UNNAMED --add-opens=java.base/java.net=ALL-UNNAMED --add-opens=java.base/java.util.concurrent.atomic=ALL-UNNAMED -Xmx2048m -Dfile.encoding=UTF-8 -Duser.country=US -Duser.language=en -Duser.variant -javaagent:C:\Users\paras kamboj\.gradle\wrapper\dists\gradle-8.2-bin\bbg7u40eoinfdyxsxr3z4i7ta\gradle-8.2\lib\agents\gradle-instrumentation-agent-8.2.jar 
java_command: org.gradle.launcher.daemon.bootstrap.GradleDaemon 8.2
java_class_path (initial): C:\Users\paras kamboj\.gradle\wrapper\dists\gradle-8.2-bin\bbg7u40eoinfdyxsxr3z4i7ta\gradle-8.2\lib\gradle-launcher-8.2.jar
Launcher Type: SUN_STANDARD

[Global flags]
     intx CICompilerCount                          = 3                                         {product} {ergonomic}
     uint ConcGCThreads                            = 1                                         {product} {ergonomic}
     uint G1ConcRefinementThreads                  = 4                                         {product} {ergonomic}
   size_t G1HeapRegionSize                         = 1048576                                   {product} {ergonomic}
    uintx GCDrainStackTargetSize                   = 64                                        {product} {ergonomic}
   size_t InitialHeapSize                          = 100663296                                 {product} {ergonomic}
   size_t MarkStackSize                            = 4194304                                   {product} {ergonomic}
   size_t MaxHeapSize                              = 2147483648                                {product} {command line}
   size_t MaxNewSize                               = 1287651328                                {product} {ergonomic}
   size_t MinHeapDeltaBytes                        = 1048576                                   {product} {ergonomic}
   size_t MinHeapSize                              = 8388608                                   {product} {ergonomic}
    uintx NonNMethodCodeHeapSize                   = 5832780                                {pd product} {ergonomic}
    uintx NonProfiledCodeHeapSize                  = 122912730                              {pd product} {ergonomic}
    uintx ProfiledCodeHeapSize                     = 122912730                              {pd product} {ergonomic}
    uintx ReservedCodeCacheSize                    = 251658240                              {pd product} {ergonomic}
     bool SegmentedCodeCache                       = true                                      {product} {ergonomic}
   size_t SoftMaxHeapSize                          = 2147483648                             {manageable} {ergonomic}
     bool UseCompressedClassPointers               = true                           {product lp64_product} {ergonomic}
     bool UseCompressedOops                        = true                           {product lp64_product} {ergonomic}
     bool UseG1GC                                  = true                                      {product} {ergonomic}
     bool UseLargePagesIndividualAllocation        = false                                  {pd product} {ergonomic}

Logging:
Log output configuration:
 #0: stdout all=warning uptime,level,tags
 #1: stderr all=off uptime,level,tags

Environment Variables:
PATH=C:\Program Files\Common Files\Oracle\Java\javapath;C:\WINDOWS\system32;C:\WINDOWS;C:\WINDOWS\System32\Wbem;C:\WINDOWS\System32\WindowsPowerShell\v1.0\;C:\WINDOWS\System32\OpenSSH\;C:\MinGW\bin;C:\dart-sdk\bin;C:\flutter\bin;C:\Program Files\Git\cmd;C:\Program Files\MySQL\MySQL Shell 8.0\bin\;C:\Users\paras kamboj\AppData\Local\Programs\Python\Python311\Scripts\;C:\Users\paras kamboj\AppData\Local\Programs\Python\Python311\;C:\MinGW\mingw32\bin;C:\Users\paras kamboj\AppData\Local\Microsoft\WindowsApps;C:\MinGW\bin;C:\Program Files\JetBrains\IntelliJ IDEA Community Edition 2022.3.2\bin;;C:\dart-sdk\bin;C:\Users\paras kamboj\AppData\Local\Android\Sdk\tools;C:\Users\paras kamboj\AppData\Local\Android\Sdk\platform-tools;C:\Users\paras kamboj\AppData\Local\Programs\Microsoft VS Code\bin;C:\flutter\bin;C:\Program Files\Java\jdk-19\bin;C:\Program Files\Android\Android Studio\bin;C:\Users\paras kamboj\AppData\Local\GitHubDesktop\bin
USERNAME=paras kamboj
OS=Windows_NT
PROCESSOR_IDENTIFIER=AMD64 Family 23 Model 24 Stepping 1, AuthenticAMD
TMP=C:\Users\PARASK~1\AppData\Local\Temp
TEMP=C:\Users\PARASK~1\AppData\Local\Temp


JNI global refs:
JNI global refs: 27, weak refs: 3

JNI global refs memory usage: 843, weak refs: 841

OOME stack traces (most recent first):
Classloader memory used:
Loader org.gradle.internal.classloader.VisitableURLClassLoader                         : 3259K
Loader bootstrap                                                                       : 3008K
Loader org.gradle.initialization.MixInLegacyTypesClassLoader                           : 1146K
Loader org.gradle.internal.classloader.VisitableURLClassLoader$InstrumentingVisitableURLClassLoader: 363K
Loader jdk.internal.loader.ClassLoaders$PlatformClassLoader                            : 98898B
Loader jdk.internal.loader.ClassLoaders$AppClassLoader                                 : 28352B
Loader jdk.internal.reflect.DelegatingClassLoader                                      : 20452B
Loader org.gradle.groovy.scripts.internal.DefaultScriptCompilationHandler$ScriptClassLoader: 11246B
Loader org.codehaus.groovy.runtime.callsite.CallSiteClassLoader                        : 2418B

Classes loaded by more than one classloader:
Class org.gradle.internal.installation.GradleInstallation                             : loaded 2 times (x 73B)
Class com.google.common.collect.Iterators$MergingIterator                             : loaded 2 times (x 79B)
Class [Lcom.google.common.collect.AbstractMapEntry;                                   : loaded 2 times (x 67B)
Class com.google.common.collect.SingletonImmutableList                                : loaded 2 times (x 167B)
Class org.gradle.internal.classpath.ClassPath                                         : loaded 2 times (x 68B)
Class org.gradle.api.internal.classpath.DefaultModuleRegistry                         : loaded 2 times (x 84B)
Class com.google.common.collect.ListMultimap                                          : loaded 2 times (x 68B)
Class com.google.common.base.CharMatcher$JavaDigit                                    : loaded 2 times (x 109B)
Class com.google.common.base.CharMatcher$Digit                                        : loaded 2 times (x 110B)
Class com.google.common.collect.AbstractMultimap                                      : loaded 2 times (x 121B)
Class org.gradle.api.Action                                                           : loaded 2 times (x 68B)
Class com.google.common.collect.ImmutableEntry                                        : loaded 2 times (x 80B)
Class com.google.common.collect.Lists$StringAsImmutableList                           : loaded 2 times (x 167B)
Class com.google.common.base.CharMatcher                                              : loaded 2 times (x 109B)
Class com.google.common.base.CharMatcher$IsNot                                        : loaded 2 times (x 109B)
Class com.google.common.base.Splitter                                                 : loaded 2 times (x 70B)
Class com.google.common.collect.Iterators$ArrayItr                                    : loaded 2 times (x 95B)
Class org.gradle.api.internal.DefaultClassPathProvider                                : loaded 2 times (x 74B)
Class org.gradle.internal.installation.GradleInstallation$1                           : loaded 2 times (x 73B)
Class com.google.common.base.CharMatcher$BitSetMatcher                                : loaded 2 times (x 110B)
Class com.google.common.collect.ImmutableMap$IteratorBasedImmutableMap                : loaded 2 times (x 123B)
Class com.google.common.collect.ImmutableMap                                          : loaded 2 times (x 118B)
Class com.google.common.base.Converter                                                : loaded 2 times (x 88B)
Class com.google.common.collect.ImmutableSet$EmptySetBuilderImpl                      : loaded 2 times (x 74B)
Class com.google.common.base.Predicate                                                : loaded 2 times (x 68B)
Class org.gradle.internal.classloader.FilteringClassLoader                            : loaded 2 times (x 102B)
Class com.google.common.collect.RegularImmutableSet                                   : loaded 2 times (x 146B)
Class org.gradle.internal.classpath.DefaultClassPath$ImmutableUniqueList$Builder      : loaded 2 times (x 73B)
Class com.google.common.collect.Maps$8                                                : loaded 2 times (x 80B)
Class com.google.common.base.CharMatcher$InRange                                      : loaded 2 times (x 109B)
Class com.google.common.collect.BiMap                                                 : loaded 2 times (x 68B)
Class com.google.common.collect.Lists                                                 : loaded 2 times (x 69B)
Class com.google.common.math.IntMath$1                                                : loaded 2 times (x 69B)
Class org.gradle.internal.classloader.ClassLoaderVisitor                              : loaded 2 times (x 74B)
Class com.google.common.math.MathPreconditions                                        : loaded 2 times (x 69B)
Class org.gradle.internal.service.DefaultServiceLocator                               : loaded 2 times (x 81B)
Class org.gradle.internal.service.UnknownServiceException                             : loaded 2 times (x 81B)
Class com.google.common.collect.ArrayListMultimap                                     : loaded 2 times (x 170B)
Class org.gradle.internal.classloader.DefaultClassLoaderFactory                       : loaded 2 times (x 80B)
Class com.google.common.collect.UnmodifiableIterator                                  : loaded 2 times (x 78B)
Class com.google.common.base.CharMatcher$SingleWidth                                  : loaded 2 times (x 110B)
Class com.google.common.collect.Hashing                                               : loaded 2 times (x 69B)
Class com.google.common.base.JdkPattern                                               : loaded 2 times (x 73B)
Class com.google.common.collect.Multimap                                              : loaded 2 times (x 68B)
Class org.gradle.internal.classloader.VisitableURLClassLoader$Spec                    : loaded 2 times (x 72B)
Class org.gradle.api.GradleException                                                  : loaded 2 times (x 80B)
Class com.google.common.base.CharMatcher$JavaLetterOrDigit                            : loaded 2 times (x 109B)
Class org.gradle.api.internal.classpath.ModuleRegistry                                : loaded 2 times (x 68B)
Class com.google.common.collect.ImmutableCollection                                   : loaded 2 times (x 123B)
Class org.gradle.api.internal.ClassPathProvider                                       : loaded 2 times (x 68B)
Class com.google.common.collect.RegularImmutableMap$Values                            : loaded 2 times (x 167B)
Class org.gradle.internal.classloader.ClasspathUtil$1                                 : loaded 2 times (x 74B)
Class com.google.common.collect.ImmutableEnumMap                                      : loaded 2 times (x 123B)
Class com.google.common.collect.ImmutableList$ReverseImmutableList                    : loaded 2 times (x 168B)
Class org.gradle.internal.classloader.ClassLoaderFactory                              : loaded 2 times (x 68B)
Class com.google.common.collect.ObjectArrays                                          : loaded 2 times (x 69B)
Class com.google.common.collect.Iterators$10                                          : loaded 2 times (x 79B)
Class com.google.common.collect.ImmutableList                                         : loaded 2 times (x 166B)
Class org.gradle.api.internal.classpath.ManifestUtil                                  : loaded 2 times (x 69B)
Class org.gradle.api.specs.Spec                                                       : loaded 2 times (x 68B)
Class com.google.common.base.CharMatcher$Whitespace                                   : loaded 2 times (x 110B)
Class com.google.common.collect.Iterators$1                                           : loaded 2 times (x 79B)
Class com.google.common.collect.Iterators$4                                           : loaded 2 times (x 80B)
Class com.google.common.collect.RegularImmutableMap$BucketOverflowException           : loaded 2 times (x 80B)
Class com.google.common.collect.Iterators$5                                           : loaded 2 times (x 80B)
Class com.google.common.base.Preconditions                                            : loaded 2 times (x 69B)
Class com.google.common.base.Function                                                 : loaded 2 times (x 68B)
Class com.google.common.collect.Iterators$9                                           : loaded 2 times (x 79B)
Class org.gradle.internal.IoActions                                                   : loaded 2 times (x 69B)
Class com.google.common.collect.RegularImmutableMap$KeySet                            : loaded 2 times (x 148B)
Class com.google.common.collect.CollectPreconditions                                  : loaded 2 times (x 69B)
Class com.google.common.collect.Maps                                                  : loaded 2 times (x 69B)
Class com.google.common.collect.RegularImmutableMap                                   : loaded 2 times (x 119B)
Class com.google.common.collect.AbstractIndexedListIterator                           : loaded 2 times (x 94B)
Class com.google.common.base.CharMatcher$None                                         : loaded 2 times (x 110B)
Class org.gradle.api.internal.classpath.EffectiveClassPath                            : loaded 2 times (x 88B)
Class com.google.common.collect.UnmodifiableListIterator                              : loaded 2 times (x 93B)
Class com.google.common.collect.ImmutableList$1                                       : loaded 2 times (x 95B)
Class com.google.common.base.Splitter$Strategy                                        : loaded 2 times (x 68B)
Class com.google.common.collect.ImmutableMapEntrySet$RegularEntrySet                  : loaded 2 times (x 149B)
Class [Lcom.google.common.collect.ImmutableMapEntry;                                  : loaded 2 times (x 67B)
Class org.gradle.internal.installation.CurrentGradleInstallation                      : loaded 2 times (x 71B)
Class org.gradle.internal.agents.InstrumentingClassLoader                             : loaded 2 times (x 68B)
Class org.gradle.internal.installation.CurrentGradleInstallationLocator               : loaded 2 times (x 69B)
Class org.gradle.api.internal.classpath.Module                                        : loaded 2 times (x 68B)
Class com.google.common.base.Splitter$1$1                                             : loaded 2 times (x 84B)
Class com.google.common.collect.ImmutableSet$JdkBackedSetBuilderImpl                  : loaded 2 times (x 74B)
Class com.google.common.collect.ImmutableSet$RegularSetBuilderImpl                    : loaded 2 times (x 75B)
Class org.gradle.internal.service.CachingServiceLocator                               : loaded 2 times (x 80B)
Class [Lcom.google.common.collect.ImmutableEntry;                                     : loaded 2 times (x 67B)
Class org.gradle.internal.classpath.DefaultClassPath                                  : loaded 2 times (x 88B)
Class com.google.common.base.Splitter$SplittingIterator                               : loaded 2 times (x 82B)
Class com.google.common.base.CharMatcher$Is                                           : loaded 2 times (x 109B)
Class com.google.common.collect.RegularImmutableAsList                                : loaded 2 times (x 176B)
Class com.google.common.collect.PeekingIterator                                       : loaded 2 times (x 68B)
Class settings_8zqn3cktf4otfl0frf7qu8d6c$_run_closure1                                : loaded 2 times (x 134B)
Class com.google.common.collect.ImmutableMapEntrySet                                  : loaded 2 times (x 149B)
Class com.google.common.collect.ImmutableBiMapFauxverideShim                          : loaded 2 times (x 118B)
Class org.gradle.internal.classloader.SystemClassLoaderSpec                           : loaded 2 times (x 69B)
Class com.google.common.collect.SingletonImmutableSet                                 : loaded 2 times (x 144B)
Class [Lcom.google.common.base.AbstractIterator$State;                                : loaded 2 times (x 67B)
Class com.google.common.collect.ImmutableMap$Builder                                  : loaded 2 times (x 80B)
Class com.google.common.base.AbstractIterator                                         : loaded 2 times (x 78B)
Class com.google.common.base.AbstractIterator$1                                       : loaded 2 times (x 69B)
Class com.google.common.collect.Iterators                                             : loaded 2 times (x 69B)
Class com.google.common.base.CharMatcher$1                                            : loaded 2 times (x 111B)
Class com.google.common.base.CharMatcher$Ascii                                        : loaded 2 times (x 110B)
Class org.gradle.api.UncheckedIOException                                             : loaded 2 times (x 80B)
Class com.google.common.base.CharMatcher$And                                          : loaded 2 times (x 110B)
Class com.google.common.collect.IndexedImmutableSet                                   : loaded 2 times (x 148B)
Class com.google.common.collect.AbstractListMultimap                                  : loaded 2 times (x 170B)
Class com.google.common.base.CharMatcher$Any                                          : loaded 2 times (x 110B)
Class com.google.common.collect.ArrayListMultimapGwtSerializationDependencies         : loaded 2 times (x 170B)
Class com.google.common.base.CharMatcher$RangesMatcher                                : loaded 2 times (x 110B)
Class com.google.common.collect.ImmutableList$SubList                                 : loaded 2 times (x 168B)
Class org.gradle.internal.classloader.ClasspathUtil                                   : loaded 2 times (x 69B)
Class settings_8zqn3cktf4otfl0frf7qu8d6c$_run_closure1$_closure2                      : loaded 2 times (x 134B)
Class com.google.common.base.Splitter$1                                               : loaded 2 times (x 75B)
Class com.google.common.collect.Maps$BiMapConverter                                   : loaded 2 times (x 88B)
Class org.gradle.api.internal.DefaultClassPathRegistry                                : loaded 2 times (x 74B)
Class com.google.common.collect.ImmutableSet$SetBuilderImpl                           : loaded 2 times (x 74B)
Class org.gradle.api.internal.classpath.DefaultModuleRegistry$DefaultModule           : loaded 2 times (x 84B)
Class com.google.common.base.CharMatcher$JavaIsoControl                               : loaded 2 times (x 110B)
Class com.google.common.collect.ImmutableMap$1                                        : loaded 2 times (x 79B)
Class com.google.common.base.CharMatcher$Or                                           : loaded 2 times (x 110B)
Class com.google.common.collect.Iterables                                             : loaded 2 times (x 69B)
Class com.google.common.base.CharMatcher$JavaLowerCase                                : loaded 2 times (x 109B)
Class org.gradle.api.internal.classpath.UnknownModuleException                        : loaded 2 times (x 80B)
Class com.google.common.collect.Maps$EntryTransformer                                 : loaded 2 times (x 68B)
Class com.google.common.collect.ImmutableCollection$Builder                           : loaded 2 times (x 74B)
Class com.google.common.base.CommonPattern                                            : loaded 2 times (x 72B)
Class org.gradle.internal.service.ServiceLookupException                              : loaded 2 times (x 80B)
Class org.gradle.cache.GlobalCache                                                    : loaded 2 times (x 68B)
Class com.google.common.base.CharMatcher$NegatedFastMatcher                           : loaded 2 times (x 111B)
Class [Lorg.gradle.api.internal.ClassPathProvider;                                    : loaded 2 times (x 67B)
Class org.gradle.util.internal.GUtil                                                  : loaded 2 times (x 69B)
Class com.google.common.math.IntMath                                                  : loaded 2 times (x 69B)
Class com.google.common.collect.AbstractIterator                                      : loaded 2 times (x 80B)
Class org.gradle.internal.classloader.ClassLoaderSpec                                 : loaded 2 times (x 69B)
Class com.google.common.base.NullnessCasts                                            : loaded 2 times (x 69B)
Class com.google.common.collect.AbstractMapEntry                                      : loaded 2 times (x 79B)
Class com.google.common.base.CharMatcher$Negated                                      : loaded 2 times (x 111B)
Class com.google.common.collect.ImmutableSet$Builder                                  : loaded 2 times (x 83B)
Class com.google.common.base.CharMatcher$ForPredicate                                 : loaded 2 times (x 110B)
Class com.google.common.collect.ImmutableMap$MapViewOfValuesAsSingletonSets           : loaded 2 times (x 123B)
Class com.google.common.collect.SortedMapDifference                                   : loaded 2 times (x 68B)
Class org.gradle.internal.classloader.VisitableURLClassLoader                         : loaded 2 times (x 114B)
Class com.google.common.collect.ImmutableBiMap                                        : loaded 2 times (x 141B)
Class org.gradle.internal.Cast                                                        : loaded 2 times (x 69B)
Class org.gradle.api.internal.ClassPathRegistry                                       : loaded 2 times (x 68B)
Class com.google.common.collect.ImmutableSet                                          : loaded 2 times (x 143B)
Class org.gradle.internal.classloader.VisitableURLClassLoader$InstrumentingVisitableURLClassLoader: loaded 2 times (x 120B)
Class org.gradle.internal.classloader.ClassLoaderHierarchy                            : loaded 2 times (x 68B)
Class com.google.common.base.AbstractIterator$State                                   : loaded 2 times (x 77B)
Class com.google.common.base.CharMatcher$NamedFastMatcher                             : loaded 2 times (x 110B)
Class org.gradle.internal.InternalTransformer                                         : loaded 2 times (x 68B)
Class org.gradle.internal.service.ServiceLocator                                      : loaded 2 times (x 68B)
Class com.google.common.collect.ImmutableMapEntry                                     : loaded 2 times (x 83B)
Class com.google.common.base.CharMatcher$Invisible                                    : loaded 2 times (x 110B)
Class com.google.common.base.CharMatcher$FastMatcher                                  : loaded 2 times (x 109B)
Class org.gradle.internal.classpath.DefaultClassPath$ImmutableUniqueList              : loaded 2 times (x 159B)
Class com.google.common.base.CharMatcher$JavaLetter                                   : loaded 2 times (x 109B)
Class org.gradle.internal.classpath.TransformedClassPath                              : loaded 2 times (x 94B)
Class com.google.common.collect.MapDifference                                         : loaded 2 times (x 68B)
Class com.google.common.collect.Platform                                              : loaded 2 times (x 69B)
Class com.google.common.collect.ImmutableAsList                                       : loaded 2 times (x 169B)
Class com.google.common.base.CharMatcher$AnyOf                                        : loaded 2 times (x 110B)
Class com.google.common.base.CharMatcher$IsEither                                     : loaded 2 times (x 109B)
Class com.google.common.collect.RegularImmutableList                                  : loaded 2 times (x 172B)
Class com.google.common.base.CharMatcher$JavaUpperCase                                : loaded 2 times (x 109B)
Class com.google.common.collect.Multiset                                              : loaded 2 times (x 68B)
Class com.google.common.collect.ImmutableSet$CachingAsList                            : loaded 2 times (x 145B)
Class com.google.common.collect.ImmutableMapEntry$NonTerminalImmutableMapEntry        : loaded 2 times (x 83B)
Class com.google.common.collect.AbstractMapBasedMultimap                              : loaded 2 times (x 137B)
Class settings_8zqn3cktf4otfl0frf7qu8d6c                                              : loaded 2 times (x 177B)


---------------  S Y S T E M  ---------------

OS:
 Windows 11 , 64 bit Build 22621 (10.0.22621.2506)
OS uptime: 16 days 1:18 hours

CPU: total 4 (initial active 4) (4 cores per cpu, 2 threads per core) family 23 model 24 stepping 1 microcode 0x0, cx8, cmov, fxsr, ht, mmx, 3dnowpref, sse, sse2, sse3, ssse3, sse4a, sse4.1, sse4.2, popcnt, lzcnt, tsc, tscinvbit, avx, avx2, aes, clmul, bmi1, bmi2, adx, sha, fma, vzeroupper, clflush, clflushopt

Memory: 4k page, system-wide physical 6086M (240M free)
TotalPageFile size 14086M (AvailPageFile size 17M)
current process WorkingSet (physical memory assigned to process): 264M, peak: 264M
current process commit charge ("private bytes"): 294M, peak: 308M

vm_info: OpenJDK 64-Bit Server VM (17.0.7+0-b2043.56-10550314) for windows-amd64 JRE (17.0.7+0-b2043.56-10550314), built on Jul 24 2023 18:27:45 by "androidbuild" with MS VC++ 16.10 / 16.11 (VS2019)

END.
