#
# There is insufficient memory for the Java Runtime Environment to continue.
# Native memory allocation (mmap) failed to map 30408704 bytes for G1 virtual space
# Possible reasons:
#   The system is out of physical RAM or swap space
#   The process is running with CompressedOops enabled, and the Java Heap may be blocking the growth of the native heap
# Possible solutions:
#   Reduce memory load on the system
#   Increase physical memory or swap space
#   Check if swap backing store is full
#   Decrease Java heap size (-Xmx/-Xms)
#   Decrease number of Java threads
#   Decrease Java thread stack sizes (-Xss)
#   Set larger code cache with -XX:ReservedCodeCacheSize=
#   JVM is running with Unscaled Compressed Oops mode in which the Java heap is
#     placed in the first 4GB address space. The Java Heap base address is the
#     maximum limit for the native heap growth. Please use -XX:HeapBaseMinAddress
#     to set the Java Heap base and to place the Java Heap above 4GB virtual address.
# This output file may be truncated or incomplete.
#
#  Out of Memory Error (os_windows.cpp:3771), pid=26908, tid=8240
#
# JRE version: OpenJDK Runtime Environment (17.0.7) (build 17.0.7+0-b2043.56-10550314)
# Java VM: OpenJDK 64-Bit Server VM (17.0.7+0-b2043.56-10550314, mixed mode, tiered, compressed oops, compressed class ptrs, g1 gc, windows-amd64)
# No core dump will be written. Minidumps are not enabled by default on client versions of Windows
#

---------------  S U M M A R Y ------------

Command Line: --add-opens=java.base/java.util=ALL-UNNAMED --add-opens=java.base/java.lang=ALL-UNNAMED --add-opens=java.base/java.lang.invoke=ALL-UNNAMED --add-opens=java.prefs/java.util.prefs=ALL-UNNAMED --add-opens=java.base/java.nio.charset=ALL-UNNAMED --add-opens=java.base/java.net=ALL-UNNAMED --add-opens=java.base/java.util.concurrent.atomic=ALL-UNNAMED -Xmx2048m -Dfile.encoding=UTF-8 -Duser.country=US -Duser.language=en -Duser.variant -javaagent:C:\Users\paras kamboj\.gradle\wrapper\dists\gradle-8.2-bin\bbg7u40eoinfdyxsxr3z4i7ta\gradle-8.2\lib\agents\gradle-instrumentation-agent-8.2.jar org.gradle.launcher.daemon.bootstrap.GradleDaemon 8.2

Host: AMD Ryzen 3 3250U with Radeon Graphics         , 4 cores, 5G,  Windows 11 , 64 bit Build 22621 (10.0.22621.2506)
Time: Sun Feb 11 01:11:26 2024 India Standard Time elapsed time: 12.171165 seconds (0d 0h 0m 12s)

---------------  T H R E A D  ---------------

Current thread (0x0000016931368fa0):  VMThread "VM Thread" [stack: 0x0000004c84500000,0x0000004c84600000] [id=8240]

Stack: [0x0000004c84500000,0x0000004c84600000]
Native frames: (J=compiled Java code, j=interpreted, Vv=VM code, C=native code)
V  [jvm.dll+0x683bfa]
V  [jvm.dll+0x8430a4]
V  [jvm.dll+0x8449be]
V  [jvm.dll+0x845023]
V  [jvm.dll+0x24ad2f]
V  [jvm.dll+0x680ac9]
V  [jvm.dll+0x67519a]
V  [jvm.dll+0x30b3cb]
V  [jvm.dll+0x312876]
V  [jvm.dll+0x36221e]
V  [jvm.dll+0x36244f]
V  [jvm.dll+0x2e14a8]
V  [jvm.dll+0x2df684]
V  [jvm.dll+0x2dec8c]
V  [jvm.dll+0x323b51]
V  [jvm.dll+0x8496eb]
V  [jvm.dll+0x84a424]
V  [jvm.dll+0x84a93d]
V  [jvm.dll+0x84ad14]
V  [jvm.dll+0x84ade0]
V  [jvm.dll+0x7f2aea]
V  [jvm.dll+0x682a35]
C  [ucrtbase.dll+0x29363]
C  [KERNEL32.DLL+0x1257d]
C  [ntdll.dll+0x5aa58]

VM_Operation (0x0000004c85bf81a0): G1TryInitiateConcMark, mode: safepoint, requested by thread 0x000001693688d160


---------------  P R O C E S S  ---------------

Threads class SMR info:
_java_thread_list=0x0000016938692440, length=35, elements={
0x0000016917db2090, 0x000001693138f020, 0x0000016931390ab0, 0x00000169313ae8d0,
0x00000169313aac60, 0x00000169315e10b0, 0x00000169315e2190, 0x00000169315e6280,
0x00000169315e6d20, 0x00000169315ffee0, 0x0000016931713b60, 0x0000016931836800,
0x00000169377a7b60, 0x000001693724f5c0, 0x0000016936d89910, 0x000001693778e3b0,
0x000001693778bc40, 0x000001693688f2b0, 0x000001693688d160, 0x0000016937541b20,
0x0000016937463070, 0x0000016937a283c0, 0x0000016937a2a570, 0x0000016937a29230,
0x0000016937a28890, 0x0000016937a27550, 0x0000016937a2aa40, 0x0000016937a2a0a0,
0x0000016937a29bd0, 0x0000016937a28d60, 0x0000016937a27080, 0x0000016937a29700,
0x0000016937a27ef0, 0x00000169389eabb0, 0x00000169389ec3c0
}

Java Threads: ( => current thread )
  0x0000016917db2090 JavaThread "main" [_thread_blocked, id=9080, stack(0x0000004c83f00000,0x0000004c84000000)]
  0x000001693138f020 JavaThread "Reference Handler" daemon [_thread_blocked, id=17416, stack(0x0000004c84600000,0x0000004c84700000)]
  0x0000016931390ab0 JavaThread "Finalizer" daemon [_thread_blocked, id=17352, stack(0x0000004c84700000,0x0000004c84800000)]
  0x00000169313ae8d0 JavaThread "Signal Dispatcher" daemon [_thread_blocked, id=13792, stack(0x0000004c84800000,0x0000004c84900000)]
  0x00000169313aac60 JavaThread "Attach Listener" daemon [_thread_blocked, id=10676, stack(0x0000004c84900000,0x0000004c84a00000)]
  0x00000169315e10b0 JavaThread "Service Thread" daemon [_thread_blocked, id=21544, stack(0x0000004c84a00000,0x0000004c84b00000)]
  0x00000169315e2190 JavaThread "Monitor Deflation Thread" daemon [_thread_blocked, id=12220, stack(0x0000004c84b00000,0x0000004c84c00000)]
  0x00000169315e6280 JavaThread "C2 CompilerThread0" daemon [_thread_blocked, id=3240, stack(0x0000004c84c00000,0x0000004c84d00000)]
  0x00000169315e6d20 JavaThread "C1 CompilerThread0" daemon [_thread_blocked, id=6404, stack(0x0000004c84d00000,0x0000004c84e00000)]
  0x00000169315ffee0 JavaThread "Sweeper thread" daemon [_thread_blocked, id=26800, stack(0x0000004c84e00000,0x0000004c84f00000)]
  0x0000016931713b60 JavaThread "Common-Cleaner" daemon [_thread_blocked, id=14040, stack(0x0000004c84f00000,0x0000004c85000000)]
  0x0000016931836800 JavaThread "Notification Thread" daemon [_thread_blocked, id=11992, stack(0x0000004c85000000,0x0000004c85100000)]
  0x00000169377a7b60 JavaThread "Daemon health stats" [_thread_blocked, id=9756, stack(0x0000004c85500000,0x0000004c85600000)]
  0x000001693724f5c0 JavaThread "Incoming local TCP Connector on port 51458" [_thread_in_native, id=15572, stack(0x0000004c85600000,0x0000004c85700000)]
  0x0000016936d89910 JavaThread "Daemon periodic checks" [_thread_blocked, id=11032, stack(0x0000004c85700000,0x0000004c85800000)]
  0x000001693778e3b0 JavaThread "Daemon" [_thread_blocked, id=23776, stack(0x0000004c85800000,0x0000004c85900000)]
  0x000001693778bc40 JavaThread "Handler for socket connection from /127.0.0.1:51458 to /127.0.0.1:51459" [_thread_in_native, id=10184, stack(0x0000004c85900000,0x0000004c85a00000)]
  0x000001693688f2b0 JavaThread "Cancel handler" [_thread_blocked, id=4140, stack(0x0000004c85a00000,0x0000004c85b00000)]
  0x000001693688d160 JavaThread "Daemon worker" [_thread_blocked, id=6776, stack(0x0000004c85b00000,0x0000004c85c00000)]
  0x0000016937541b20 JavaThread "Asynchronous log dispatcher for DefaultDaemonConnection: socket connection from /127.0.0.1:51458 to /127.0.0.1:51459" [_thread_blocked, id=10772, stack(0x0000004c85c00000,0x0000004c85d00000)]
  0x0000016937463070 JavaThread "Stdin handler" [_thread_blocked, id=15520, stack(0x0000004c85d00000,0x0000004c85e00000)]
  0x0000016937a283c0 JavaThread "Daemon client event forwarder" [_thread_blocked, id=24304, stack(0x0000004c85e00000,0x0000004c85f00000)]
  0x0000016937a2a570 JavaThread "Cache worker for journal cache (C:\Users\paras kamboj\.gradle\caches\journal-1)" [_thread_blocked, id=27360, stack(0x0000004c85f00000,0x0000004c86000000)]
  0x0000016937a29230 JavaThread "File lock request listener" [_thread_in_native, id=4000, stack(0x0000004c86000000,0x0000004c86100000)]
  0x0000016937a28890 JavaThread "Cache worker for file hash cache (C:\Users\paras kamboj\.gradle\caches\8.2\fileHashes)" [_thread_blocked, id=21300, stack(0x0000004c86100000,0x0000004c86200000)]
  0x0000016937a27550 JavaThread "File watcher server" daemon [_thread_in_native, id=22248, stack(0x0000004c86200000,0x0000004c86300000)]
  0x0000016937a2aa40 JavaThread "File watcher consumer" daemon [_thread_blocked, id=7564, stack(0x0000004c86300000,0x0000004c86400000)]
  0x0000016937a2a0a0 JavaThread "Cache worker for checksums cache (D:\Git and Github\ProjectSynopisis\.gradle\8.2\checksums)" [_thread_blocked, id=27032, stack(0x0000004c86400000,0x0000004c86500000)]
  0x0000016937a29bd0 JavaThread "Cache worker for cache directory md-rule (C:\Users\paras kamboj\.gradle\caches\8.2\md-rule)" [_thread_blocked, id=23968, stack(0x0000004c86500000,0x0000004c86600000)]
  0x0000016937a28d60 JavaThread "Cache worker for file content cache (C:\Users\paras kamboj\.gradle\caches\8.2\fileContent)" [_thread_blocked, id=16604, stack(0x0000004c86600000,0x0000004c86700000)]
  0x0000016937a27080 JavaThread "Cache worker for file hash cache (D:\Git and Github\ProjectSynopisis\.gradle\8.2\fileHashes)" [_thread_blocked, id=25024, stack(0x0000004c86700000,0x0000004c86800000)]
  0x0000016937a29700 JavaThread "Cache worker for cache directory md-supplier (C:\Users\paras kamboj\.gradle\caches\8.2\md-supplier)" [_thread_blocked, id=15044, stack(0x0000004c86800000,0x0000004c86900000)]
  0x0000016937a27ef0 JavaThread "Cache worker for execution history cache (C:\Users\paras kamboj\.gradle\caches\8.2\executionHistory)" [_thread_blocked, id=22048, stack(0x0000004c86900000,0x0000004c86a00000)]
  0x00000169389eabb0 JavaThread "jar transforms" [_thread_blocked, id=7604, stack(0x0000004c86a00000,0x0000004c86b00000)]
  0x00000169389ec3c0 JavaThread "jar transforms Thread 2" [_thread_blocked, id=23676, stack(0x0000004c86b00000,0x0000004c86c00000)]

Other Threads:
=>0x0000016931368fa0 VMThread "VM Thread" [stack: 0x0000004c84500000,0x0000004c84600000] [id=8240]
  0x0000016917db2d10 WatcherThread [stack: 0x0000004c85100000,0x0000004c85200000] [id=24744]
  0x0000016917e0b510 GCTaskThread "GC Thread#0" [stack: 0x0000004c84000000,0x0000004c84100000] [id=1596]
  0x00000169319bca50 GCTaskThread "GC Thread#1" [stack: 0x0000004c85200000,0x0000004c85300000] [id=27280]
  0x00000169319be3b0 GCTaskThread "GC Thread#2" [stack: 0x0000004c85300000,0x0000004c85400000] [id=21888]
  0x0000016936bc8570 GCTaskThread "GC Thread#3" [stack: 0x0000004c85400000,0x0000004c85500000] [id=21816]
  0x0000016917e1cc60 ConcurrentGCThread "G1 Main Marker" [stack: 0x0000004c84100000,0x0000004c84200000] [id=10512]
  0x0000016917e1de10 ConcurrentGCThread "G1 Conc#0" [stack: 0x0000004c84200000,0x0000004c84300000] [id=17200]
  0x0000016917e6e590 ConcurrentGCThread "G1 Refine#0" [stack: 0x0000004c84300000,0x0000004c84400000] [id=6172]
  0x00000169311c20a0 ConcurrentGCThread "G1 Service" [stack: 0x0000004c84400000,0x0000004c84500000] [id=7132]

Threads with active compile tasks:
C2 CompilerThread0    12222 3645  s    4       jdk.internal.loader.Resource::cachedInputStream (20 bytes)

VM state: at safepoint (normal execution)

VM Mutex/Monitor currently owned by a thread:  ([mutex/lock_event])
[0x0000016917dacf10] Threads_lock - owner thread: 0x0000016931368fa0
[0x0000016917dac730] Heap_lock - owner thread: 0x000001693688d160

Heap address: 0x0000000080000000, size: 2048 MB, Compressed Oops mode: 32-bit

CDS archive(s) not mapped
Compressed class space mapped at: 0x0000000100000000-0x0000000140000000, reserved size: 1073741824
Narrow klass base: 0x0000000000000000, Narrow klass shift: 3, Narrow klass range: 0x140000000

GC Precious Log:
 CPUs: 4 total, 4 available
 Memory: 6086M
 Large Page Support: Disabled
 NUMA Support: Disabled
 Compressed Oops: Enabled (32-bit)
 Heap Region Size: 1M
 Heap Min Capacity: 8M
 Heap Initial Capacity: 96M
 Heap Max Capacity: 2G
 Pre-touch: Disabled
 Parallel Workers: 4
 Concurrent Workers: 1
 Concurrent Refinement Workers: 4
 Periodic GC: Disabled

Heap:
 garbage-first heap   total 68608K, used 31458K [0x0000000080000000, 0x0000000100000000)
  region size 1024K, 3 young (3072K), 3 survivors (3072K)
 Metaspace       used 41844K, committed 42240K, reserved 1114112K
  class space    used 5553K, committed 5760K, reserved 1048576K

Heap Regions: E=young(eden), S=young(survivor), O=old, HS=humongous(starts), HC=humongous(continues), CS=collection set, F=free, OA=open archive, CA=closed archive, TAMS=top-at-mark-start (previous, next)
|   0|0x0000000080000000, 0x0000000080100000, 0x0000000080100000|100%| O|  |TAMS 0x0000000080100000, 0x0000000080100000| Untracked 
|   1|0x0000000080100000, 0x0000000080200000, 0x0000000080200000|100%| O|  |TAMS 0x0000000080200000, 0x0000000080200000| Untracked 
|   2|0x0000000080200000, 0x0000000080300000, 0x0000000080300000|100%|HS|  |TAMS 0x0000000080300000, 0x0000000080300000| Complete 
|   3|0x0000000080300000, 0x0000000080400000, 0x0000000080400000|100%|HC|  |TAMS 0x0000000080400000, 0x0000000080400000| Complete 
|   4|0x0000000080400000, 0x0000000080500000, 0x0000000080500000|100%|HC|  |TAMS 0x0000000080500000, 0x0000000080500000| Complete 
|   5|0x0000000080500000, 0x0000000080600000, 0x0000000080600000|100%|HC|  |TAMS 0x0000000080600000, 0x0000000080600000| Complete 
|   6|0x0000000080600000, 0x0000000080700000, 0x0000000080700000|100%| O|  |TAMS 0x0000000080700000, 0x0000000080700000| Untracked 
|   7|0x0000000080700000, 0x0000000080800000, 0x0000000080800000|100%| O|  |TAMS 0x0000000080800000, 0x0000000080800000| Untracked 
|   8|0x0000000080800000, 0x0000000080900000, 0x0000000080900000|100%| O|  |TAMS 0x0000000080900000, 0x0000000080900000| Untracked 
|   9|0x0000000080900000, 0x0000000080a00000, 0x0000000080a00000|100%| O|  |TAMS 0x0000000080a00000, 0x0000000080a00000| Untracked 
|  10|0x0000000080a00000, 0x0000000080b00000, 0x0000000080b00000|100%| O|  |TAMS 0x0000000080b00000, 0x0000000080b00000| Untracked 
|  11|0x0000000080b00000, 0x0000000080c00000, 0x0000000080c00000|100%| O|  |TAMS 0x0000000080b00000, 0x0000000080c00000| Untracked 
|  12|0x0000000080c00000, 0x0000000080d00000, 0x0000000080d00000|100%| O|  |TAMS 0x0000000080d00000, 0x0000000080d00000| Untracked 
|  13|0x0000000080d00000, 0x0000000080e00000, 0x0000000080e00000|100%| O|  |TAMS 0x0000000080e00000, 0x0000000080e00000| Untracked 
|  14|0x0000000080e00000, 0x0000000080f00000, 0x0000000080f00000|100%| O|  |TAMS 0x0000000080f00000, 0x0000000080f00000| Untracked 
|  15|0x0000000080f00000, 0x0000000081000000, 0x0000000081000000|100%| O|  |TAMS 0x0000000081000000, 0x0000000081000000| Untracked 
|  16|0x0000000081000000, 0x0000000081100000, 0x0000000081100000|100%| O|  |TAMS 0x0000000081100000, 0x0000000081100000| Untracked 
|  17|0x0000000081100000, 0x0000000081200000, 0x0000000081200000|100%| O|  |TAMS 0x0000000081200000, 0x0000000081200000| Untracked 
|  18|0x0000000081200000, 0x0000000081300000, 0x0000000081300000|100%| O|  |TAMS 0x0000000081300000, 0x0000000081300000| Untracked 
|  19|0x0000000081300000, 0x0000000081400000, 0x0000000081400000|100%| O|  |TAMS 0x0000000081400000, 0x0000000081400000| Untracked 
|  20|0x0000000081400000, 0x0000000081400000, 0x0000000081500000|  0%| F|  |TAMS 0x0000000081400000, 0x0000000081400000| Untracked 
|  21|0x0000000081500000, 0x0000000081600000, 0x0000000081600000|100%| O|  |TAMS 0x0000000081500000, 0x0000000081600000| Untracked 
|  22|0x0000000081600000, 0x0000000081700000, 0x0000000081700000|100%| O|  |TAMS 0x0000000081600000, 0x0000000081700000| Untracked 
|  23|0x0000000081700000, 0x0000000081800000, 0x0000000081800000|100%| O|  |TAMS 0x0000000081700000, 0x0000000081800000| Untracked 
|  24|0x0000000081800000, 0x0000000081900000, 0x0000000081900000|100%| O|  |TAMS 0x0000000081800000, 0x0000000081900000| Untracked 
|  25|0x0000000081900000, 0x0000000081a00000, 0x0000000081a00000|100%| O|  |TAMS 0x0000000081900000, 0x0000000081a00000| Untracked 
|  26|0x0000000081a00000, 0x0000000081b00000, 0x0000000081b00000|100%| O|  |TAMS 0x0000000081a00000, 0x0000000081b00000| Untracked 
|  27|0x0000000081b00000, 0x0000000081b9fe00, 0x0000000081c00000| 62%| O|  |TAMS 0x0000000081b00000, 0x0000000081b9fe00| Untracked 
|  28|0x0000000081c00000, 0x0000000081d00000, 0x0000000081d00000|100%|HS|  |TAMS 0x0000000081c00000, 0x0000000081d00000| Complete 
|  29|0x0000000081d00000, 0x0000000081e00000, 0x0000000081e00000|100%|HC|  |TAMS 0x0000000081d00000, 0x0000000081e00000| Complete 
|  30|0x0000000081e00000, 0x0000000081e00000, 0x0000000081f00000|  0%| F|  |TAMS 0x0000000081e00000, 0x0000000081e00000| Untracked 
|  31|0x0000000081f00000, 0x0000000081f00000, 0x0000000082000000|  0%| F|  |TAMS 0x0000000081f00000, 0x0000000081f00000| Untracked 
|  32|0x0000000082000000, 0x0000000082000000, 0x0000000082100000|  0%| F|  |TAMS 0x0000000082000000, 0x0000000082000000| Untracked 
|  33|0x0000000082100000, 0x0000000082100000, 0x0000000082200000|  0%| F|  |TAMS 0x0000000082100000, 0x0000000082100000| Untracked 
|  34|0x0000000082200000, 0x0000000082200000, 0x0000000082300000|  0%| F|  |TAMS 0x0000000082200000, 0x0000000082200000| Untracked 
|  35|0x0000000082300000, 0x0000000082300000, 0x0000000082400000|  0%| F|  |TAMS 0x0000000082300000, 0x0000000082300000| Untracked 
|  36|0x0000000082400000, 0x0000000082400000, 0x0000000082500000|  0%| F|  |TAMS 0x0000000082400000, 0x0000000082400000| Untracked 
|  37|0x0000000082500000, 0x0000000082500000, 0x0000000082600000|  0%| F|  |TAMS 0x0000000082500000, 0x0000000082500000| Untracked 
|  38|0x0000000082600000, 0x0000000082600000, 0x0000000082700000|  0%| F|  |TAMS 0x0000000082600000, 0x0000000082600000| Untracked 
|  39|0x0000000082700000, 0x0000000082700000, 0x0000000082800000|  0%| F|  |TAMS 0x0000000082700000, 0x0000000082700000| Untracked 
|  40|0x0000000082800000, 0x0000000082800000, 0x0000000082900000|  0%| F|  |TAMS 0x0000000082800000, 0x0000000082800000| Untracked 
|  41|0x0000000082900000, 0x0000000082900000, 0x0000000082a00000|  0%| F|  |TAMS 0x0000000082900000, 0x0000000082900000| Untracked 
|  42|0x0000000082a00000, 0x0000000082a00000, 0x0000000082b00000|  0%| F|  |TAMS 0x0000000082a00000, 0x0000000082a00000| Untracked 
|  43|0x0000000082b00000, 0x0000000082b00000, 0x0000000082c00000|  0%| F|  |TAMS 0x0000000082b00000, 0x0000000082b00000| Untracked 
|  44|0x0000000082c00000, 0x0000000082c00000, 0x0000000082d00000|  0%| F|  |TAMS 0x0000000082c00000, 0x0000000082c00000| Untracked 
|  45|0x0000000082d00000, 0x0000000082d00000, 0x0000000082e00000|  0%| F|  |TAMS 0x0000000082d00000, 0x0000000082d00000| Untracked 
|  46|0x0000000082e00000, 0x0000000082e00000, 0x0000000082f00000|  0%| F|  |TAMS 0x0000000082e00000, 0x0000000082e00000| Untracked 
|  47|0x0000000082f00000, 0x0000000082f18d60, 0x0000000083000000|  9%| S|CS|TAMS 0x0000000082f00000, 0x0000000082f00000| Complete 
|  48|0x0000000083000000, 0x0000000083100000, 0x0000000083100000|100%| S|CS|TAMS 0x0000000083000000, 0x0000000083000000| Complete 
|  49|0x0000000083100000, 0x0000000083200000, 0x0000000083200000|100%| S|CS|TAMS 0x0000000083100000, 0x0000000083100000| Complete 
|  50|0x0000000083200000, 0x0000000083200000, 0x0000000083300000|  0%| F|  |TAMS 0x0000000083200000, 0x0000000083200000| Untracked 
|  51|0x0000000083300000, 0x0000000083300000, 0x0000000083400000|  0%| F|  |TAMS 0x0000000083300000, 0x0000000083300000| Untracked 
|  52|0x0000000083400000, 0x0000000083400000, 0x0000000083500000|  0%| F|  |TAMS 0x0000000083400000, 0x0000000083400000| Untracked 
|  53|0x0000000083500000, 0x0000000083500000, 0x0000000083600000|  0%| F|  |TAMS 0x0000000083500000, 0x0000000083500000| Untracked 
|  54|0x0000000083600000, 0x0000000083600000, 0x0000000083700000|  0%| F|  |TAMS 0x0000000083600000, 0x0000000083600000| Untracked 
|  55|0x0000000083700000, 0x0000000083700000, 0x0000000083800000|  0%| F|  |TAMS 0x0000000083700000, 0x0000000083700000| Untracked 
|  56|0x0000000083800000, 0x0000000083800000, 0x0000000083900000|  0%| F|  |TAMS 0x0000000083800000, 0x0000000083800000| Untracked 
|  57|0x0000000083900000, 0x0000000083900000, 0x0000000083a00000|  0%| F|  |TAMS 0x0000000083900000, 0x0000000083900000| Untracked 
|  58|0x0000000083a00000, 0x0000000083a00000, 0x0000000083b00000|  0%| F|  |TAMS 0x0000000083a00000, 0x0000000083a00000| Untracked 
|  59|0x0000000083b00000, 0x0000000083b00000, 0x0000000083c00000|  0%| F|  |TAMS 0x0000000083b00000, 0x0000000083b00000| Untracked 
|  60|0x0000000083c00000, 0x0000000083c00000, 0x0000000083d00000|  0%| F|  |TAMS 0x0000000083c00000, 0x0000000083c00000| Untracked 
|  61|0x0000000083d00000, 0x0000000083d00000, 0x0000000083e00000|  0%| F|  |TAMS 0x0000000083d00000, 0x0000000083d00000| Untracked 
|  62|0x0000000083e00000, 0x0000000083e00000, 0x0000000083f00000|  0%| F|  |TAMS 0x0000000083e00000, 0x0000000083e00000| Untracked 
|  63|0x0000000083f00000, 0x0000000083f00000, 0x0000000084000000|  0%| F|  |TAMS 0x0000000083f00000, 0x0000000083f00000| Untracked 
|  64|0x0000000084000000, 0x0000000084000000, 0x0000000084100000|  0%| F|  |TAMS 0x0000000084000000, 0x0000000084000000| Untracked 
|  65|0x0000000084100000, 0x0000000084100000, 0x0000000084200000|  0%| F|  |TAMS 0x0000000084100000, 0x0000000084100000| Untracked 
|  95|0x0000000085f00000, 0x0000000085f00000, 0x0000000086000000|  0%| F|  |TAMS 0x0000000085f00000, 0x0000000085f00000| Untracked 

Card table byte_map: [0x000001692a680000,0x000001692aa80000] _byte_map_base: 0x000001692a280000

Marking Bits (Prev, Next): (CMBitMap*) 0x0000016917e0c330, (CMBitMap*) 0x0000016917e0c370
 Prev Bits: [0x000001692ae80000, 0x000001692ce80000)
 Next Bits: [0x000001692ce80000, 0x000001692ee80000)

Polling page: 0x0000016915d40000

Metaspace:

Usage:
  Non-class:     35.44 MB used.
      Class:      5.42 MB used.
       Both:     40.86 MB used.

Virtual space:
  Non-class space:       64.00 MB reserved,      35.62 MB ( 56%) committed,  1 nodes.
      Class space:        1.00 GB reserved,       5.62 MB ( <1%) committed,  1 nodes.
             Both:        1.06 GB reserved,      41.25 MB (  4%) committed. 

Chunk freelists:
   Non-Class:  11.62 MB
       Class:  10.44 MB
        Both:  22.06 MB

MaxMetaspaceSize: unlimited
CompressedClassSpaceSize: 1.00 GB
Initial GC threshold: 21.00 MB
Current GC threshold: 59.00 MB
CDS: off
MetaspaceReclaimPolicy: balanced
 - commit_granule_bytes: 65536.
 - commit_granule_words: 8192.
 - virtual_space_node_default_size: 8388608.
 - enlarge_chunks_in_place: 1.
 - new_chunks_are_fully_committed: 0.
 - uncommit_free_chunks: 1.
 - use_allocation_guard: 0.
 - handle_deallocations: 1.


Internal statistics:

num_allocs_failed_limit: 6.
num_arena_births: 316.
num_arena_deaths: 0.
num_vsnodes_births: 2.
num_vsnodes_deaths: 0.
num_space_committed: 660.
num_space_uncommitted: 0.
num_chunks_returned_to_freelist: 6.
num_chunks_taken_from_freelist: 1480.
num_chunk_merges: 6.
num_chunk_splits: 994.
num_chunks_enlarged: 707.
num_inconsistent_stats: 0.

CodeHeap 'non-profiled nmethods': size=120000Kb used=1688Kb max_used=1688Kb free=118311Kb
 bounds [0x0000016922d50000, 0x0000016922fc0000, 0x000001692a280000]
CodeHeap 'profiled nmethods': size=120000Kb used=7649Kb max_used=7649Kb free=112350Kb
 bounds [0x000001691b280000, 0x000001691ba00000, 0x00000169227b0000]
CodeHeap 'non-nmethods': size=5760Kb used=1588Kb max_used=1607Kb free=4171Kb
 bounds [0x00000169227b0000, 0x0000016922a20000, 0x0000016922d50000]
 total_blobs=4336 nmethods=3683 adapters=565
 compilation: enabled
              stopped_count=0, restarted_count=0
 full_count=0

Compilation events (20 events):
Event: 12.137 Thread 0x00000169315e6d20 3702       3       java.lang.invoke.LambdaFormEditor$TransformKey::inRange (36 bytes)
Event: 12.137 Thread 0x00000169315e6d20 nmethod 3702 0x000001691b9f2590 code [0x000001691b9f2720, 0x000001691b9f2878]
Event: 12.138 Thread 0x00000169315e6d20 3703       3       java.lang.invoke.LambdaForm::editor (5 bytes)
Event: 12.138 Thread 0x00000169315e6d20 nmethod 3703 0x000001691b9f2910 code [0x000001691b9f2ae0, 0x000001691b9f2e08]
Event: 12.138 Thread 0x00000169315e6d20 3705       3       java.lang.invoke.LambdaFormEditor::getInCache (165 bytes)
Event: 12.140 Thread 0x00000169315e6d20 nmethod 3705 0x000001691b9f2f90 code [0x000001691b9f3200, 0x000001691b9f4078]
Event: 12.140 Thread 0x00000169315e6d20 3706       3       java.lang.invoke.LambdaForm$Name::internArguments (62 bytes)
Event: 12.140 Thread 0x00000169315e6d20 nmethod 3706 0x000001691b9f4410 code [0x000001691b9f4600, 0x000001691b9f4cc8]
Event: 12.140 Thread 0x00000169315e6d20 3704       3       java.lang.invoke.LambdaFormEditor::lambdaFormEditor (12 bytes)
Event: 12.141 Thread 0x00000169315e6d20 nmethod 3704 0x000001691b9f4e90 code [0x000001691b9f5040, 0x000001691b9f52e8]
Event: 12.141 Thread 0x00000169315e6d20 3707       3       groovy.lang.MetaClassImpl$Index::getNotNull (32 bytes)
Event: 12.141 Thread 0x00000169315e6d20 nmethod 3707 0x000001691b9f5410 code [0x000001691b9f55e0, 0x000001691b9f5c68]
Event: 12.148 Thread 0x00000169315e6d20 3708       3       org.codehaus.groovy.reflection.CachedClass::addSubclassExpandos (138 bytes)
Event: 12.149 Thread 0x00000169315e6d20 nmethod 3708 0x000001691b9f5e90 code [0x000001691b9f6120, 0x000001691b9f70d8]
Event: 12.149 Thread 0x00000169315e6d20 3710       3       org.codehaus.groovy.util.ComplexKeyHashMap$1::nextEntry (69 bytes)
Event: 12.149 Thread 0x00000169315e6d20 nmethod 3710 0x000001691b9f7590 code [0x000001691b9f7760, 0x000001691b9f7b08]
Event: 12.149 Thread 0x00000169315e6d20 3709       3       org.codehaus.groovy.util.ComplexKeyHashMap$1::next (5 bytes)
Event: 12.149 Thread 0x00000169315e6d20 nmethod 3709 0x000001691b9f7d10 code [0x000001691b9f7ec0, 0x000001691b9f8008]
Event: 12.149 Thread 0x00000169315e6d20 3711       3       jdk.internal.org.objectweb.asm.MethodVisitor::visitEnd (15 bytes)
Event: 12.150 Thread 0x00000169315e6d20 nmethod 3711 0x000001691b9f8090 code [0x000001691b9f8240, 0x000001691b9f8448]

GC Heap History (20 events):
Event: 2.338 GC heap after
{Heap after GC invocations=2 (full 0):
 garbage-first heap   total 98304K, used 10490K [0x0000000080000000, 0x0000000100000000)
  region size 1024K, 3 young (3072K), 3 survivors (3072K)
 Metaspace       used 11310K, committed 11520K, reserved 1114112K
  class space    used 1180K, committed 1280K, reserved 1048576K
}
Event: 3.222 GC heap before
{Heap before GC invocations=2 (full 0):
 garbage-first heap   total 98304K, used 33018K [0x0000000080000000, 0x0000000100000000)
  region size 1024K, 25 young (25600K), 3 survivors (3072K)
 Metaspace       used 11418K, committed 11648K, reserved 1114112K
  class space    used 1181K, committed 1280K, reserved 1048576K
}
Event: 3.229 GC heap after
{Heap after GC invocations=3 (full 0):
 garbage-first heap   total 98304K, used 12055K [0x0000000080000000, 0x0000000100000000)
  region size 1024K, 2 young (2048K), 2 survivors (2048K)
 Metaspace       used 11418K, committed 11648K, reserved 1114112K
  class space    used 1181K, committed 1280K, reserved 1048576K
}
Event: 6.032 GC heap before
{Heap before GC invocations=3 (full 0):
 garbage-first heap   total 98304K, used 58135K [0x0000000080000000, 0x0000000100000000)
  region size 1024K, 48 young (49152K), 2 survivors (2048K)
 Metaspace       used 21253K, committed 21504K, reserved 1114112K
  class space    used 2556K, committed 2688K, reserved 1048576K
}
Event: 6.046 GC heap after
{Heap after GC invocations=4 (full 0):
 garbage-first heap   total 98304K, used 18512K [0x0000000080000000, 0x0000000100000000)
  region size 1024K, 8 young (8192K), 8 survivors (8192K)
 Metaspace       used 21253K, committed 21504K, reserved 1114112K
  class space    used 2556K, committed 2688K, reserved 1048576K
}
Event: 7.688 GC heap before
{Heap before GC invocations=5 (full 0):
 garbage-first heap   total 68608K, used 50256K [0x0000000080000000, 0x0000000100000000)
  region size 1024K, 40 young (40960K), 8 survivors (8192K)
 Metaspace       used 25938K, committed 26240K, reserved 1114112K
  class space    used 3375K, committed 3520K, reserved 1048576K
}
Event: 7.712 GC heap after
{Heap after GC invocations=6 (full 0):
 garbage-first heap   total 68608K, used 20426K [0x0000000080000000, 0x0000000100000000)
  region size 1024K, 3 young (3072K), 3 survivors (3072K)
 Metaspace       used 25938K, committed 26240K, reserved 1114112K
  class space    used 3375K, committed 3520K, reserved 1048576K
}
Event: 7.809 GC heap before
{Heap before GC invocations=6 (full 0):
 garbage-first heap   total 68608K, used 20426K [0x0000000080000000, 0x0000000100000000)
  region size 1024K, 4 young (4096K), 3 survivors (3072K)
 Metaspace       used 26029K, committed 26304K, reserved 1114112K
  class space    used 3399K, committed 3584K, reserved 1048576K
}
Event: 7.817 GC heap after
{Heap after GC invocations=7 (full 0):
 garbage-first heap   total 68608K, used 20165K [0x0000000080000000, 0x0000000100000000)
  region size 1024K, 1 young (1024K), 1 survivors (1024K)
 Metaspace       used 26029K, committed 26304K, reserved 1114112K
  class space    used 3399K, committed 3584K, reserved 1048576K
}
Event: 9.120 GC heap before
{Heap before GC invocations=7 (full 0):
 garbage-first heap   total 68608K, used 48837K [0x0000000080000000, 0x0000000100000000)
  region size 1024K, 30 young (30720K), 1 survivors (1024K)
 Metaspace       used 30103K, committed 30464K, reserved 1114112K
  class space    used 4065K, committed 4224K, reserved 1048576K
}
Event: 9.125 GC heap after
{Heap after GC invocations=8 (full 0):
 garbage-first heap   total 68608K, used 21471K [0x0000000080000000, 0x0000000100000000)
  region size 1024K, 2 young (2048K), 2 survivors (2048K)
 Metaspace       used 30103K, committed 30464K, reserved 1114112K
  class space    used 4065K, committed 4224K, reserved 1048576K
}
Event: 10.325 GC heap before
{Heap before GC invocations=8 (full 0):
 garbage-first heap   total 68608K, used 51167K [0x0000000080000000, 0x0000000100000000)
  region size 1024K, 31 young (31744K), 2 survivors (2048K)
 Metaspace       used 34256K, committed 34624K, reserved 1114112K
  class space    used 4708K, committed 4864K, reserved 1048576K
}
Event: 10.333 GC heap after
{Heap after GC invocations=9 (full 0):
 garbage-first heap   total 68608K, used 22666K [0x0000000080000000, 0x0000000100000000)
  region size 1024K, 3 young (3072K), 3 survivors (3072K)
 Metaspace       used 34256K, committed 34624K, reserved 1114112K
  class space    used 4708K, committed 4864K, reserved 1048576K
}
Event: 10.735 GC heap before
{Heap before GC invocations=9 (full 0):
 garbage-first heap   total 68608K, used 31882K [0x0000000080000000, 0x0000000100000000)
  region size 1024K, 13 young (13312K), 3 survivors (3072K)
 Metaspace       used 35730K, committed 35968K, reserved 1114112K
  class space    used 4946K, committed 5056K, reserved 1048576K
}
Event: 10.744 GC heap after
{Heap after GC invocations=10 (full 0):
 garbage-first heap   total 68608K, used 23686K [0x0000000080000000, 0x0000000100000000)
  region size 1024K, 3 young (3072K), 3 survivors (3072K)
 Metaspace       used 35730K, committed 35968K, reserved 1114112K
  class space    used 4946K, committed 5056K, reserved 1048576K
}
Event: 11.757 GC heap before
{Heap before GC invocations=11 (full 0):
 garbage-first heap   total 68608K, used 52358K [0x0000000080000000, 0x0000000100000000)
  region size 1024K, 32 young (32768K), 3 survivors (3072K)
 Metaspace       used 41132K, committed 41472K, reserved 1114112K
  class space    used 5468K, committed 5632K, reserved 1048576K
}
Event: 11.769 GC heap after
{Heap after GC invocations=12 (full 0):
 garbage-first heap   total 68608K, used 27332K [0x0000000080000000, 0x0000000100000000)
  region size 1024K, 4 young (4096K), 4 survivors (4096K)
 Metaspace       used 41132K, committed 41472K, reserved 1114112K
  class space    used 5468K, committed 5632K, reserved 1048576K
}
Event: 11.786 GC heap before
{Heap before GC invocations=12 (full 0):
 garbage-first heap   total 68608K, used 28356K [0x0000000080000000, 0x0000000100000000)
  region size 1024K, 5 young (5120K), 4 survivors (4096K)
 Metaspace       used 41132K, committed 41472K, reserved 1114112K
  class space    used 5468K, committed 5632K, reserved 1048576K
}
Event: 11.796 GC heap after
{Heap after GC invocations=13 (full 0):
 garbage-first heap   total 68608K, used 27980K [0x0000000080000000, 0x0000000100000000)
  region size 1024K, 1 young (1024K), 1 survivors (1024K)
 Metaspace       used 41132K, committed 41472K, reserved 1114112K
  class space    used 5468K, committed 5632K, reserved 1048576K
}
Event: 12.157 GC heap before
{Heap before GC invocations=13 (full 0):
 garbage-first heap   total 68608K, used 45388K [0x0000000080000000, 0x0000000100000000)
  region size 1024K, 17 young (17408K), 1 survivors (1024K)
 Metaspace       used 41844K, committed 42240K, reserved 1114112K
  class space    used 5553K, committed 5760K, reserved 1048576K
}

Dll operation events (3 events):
Event: 0.018 Loaded shared library C:\Program Files\Android\Android Studio1\jbr\bin\java.dll
Event: 0.267 Loaded shared library C:\Program Files\Android\Android Studio1\jbr\bin\zip.dll
Event: 1.098 Loaded shared library C:\Program Files\Android\Android Studio1\jbr\bin\verify.dll

Deoptimization events (20 events):
Event: 11.491 Thread 0x000001693688d160 DEOPT PACKING pc=0x0000016922eaa044 sp=0x0000004c85bf7440
Event: 11.491 Thread 0x000001693688d160 DEOPT UNPACKING pc=0x00000169228069a3 sp=0x0000004c85bf73e0 mode 2
Event: 11.812 Thread 0x000001693688d160 DEOPT PACKING pc=0x000001691b96d1a0 sp=0x0000004c85bf7820
Event: 11.813 Thread 0x000001693688d160 DEOPT UNPACKING pc=0x0000016922807143 sp=0x0000004c85bf6d30 mode 0
Event: 11.929 Thread 0x000001693688d160 Uncommon trap: trap_request=0xffffffde fr.pc=0x0000016922eda7e0 relative=0x0000000000000380
Event: 11.929 Thread 0x000001693688d160 Uncommon trap: reason=class_check action=maybe_recompile pc=0x0000016922eda7e0 method=java.util.regex.Pattern$Start.match(Ljava/util/regex/Matcher;ILjava/lang/CharSequence;)Z @ 44 c2
Event: 11.929 Thread 0x000001693688d160 DEOPT PACKING pc=0x0000016922eda7e0 sp=0x0000004c85bf8a20
Event: 11.929 Thread 0x000001693688d160 DEOPT UNPACKING pc=0x00000169228069a3 sp=0x0000004c85bf8950 mode 2
Event: 11.929 Thread 0x000001693688d160 Uncommon trap: trap_request=0xffffffde fr.pc=0x0000016922eda7e0 relative=0x0000000000000380
Event: 11.929 Thread 0x000001693688d160 Uncommon trap: reason=class_check action=maybe_recompile pc=0x0000016922eda7e0 method=java.util.regex.Pattern$Start.match(Ljava/util/regex/Matcher;ILjava/lang/CharSequence;)Z @ 44 c2
Event: 11.929 Thread 0x000001693688d160 DEOPT PACKING pc=0x0000016922eda7e0 sp=0x0000004c85bf8a20
Event: 11.929 Thread 0x000001693688d160 DEOPT UNPACKING pc=0x00000169228069a3 sp=0x0000004c85bf8950 mode 2
Event: 12.126 Thread 0x000001693688d160 Uncommon trap: trap_request=0xffffffde fr.pc=0x0000016922eda7e0 relative=0x0000000000000380
Event: 12.126 Thread 0x000001693688d160 Uncommon trap: reason=class_check action=maybe_recompile pc=0x0000016922eda7e0 method=java.util.regex.Pattern$Start.match(Ljava/util/regex/Matcher;ILjava/lang/CharSequence;)Z @ 44 c2
Event: 12.126 Thread 0x000001693688d160 DEOPT PACKING pc=0x0000016922eda7e0 sp=0x0000004c85bf8f50
Event: 12.126 Thread 0x000001693688d160 DEOPT UNPACKING pc=0x00000169228069a3 sp=0x0000004c85bf8e80 mode 2
Event: 12.127 Thread 0x000001693688d160 Uncommon trap: trap_request=0xffffffde fr.pc=0x0000016922eda7e0 relative=0x0000000000000380
Event: 12.127 Thread 0x000001693688d160 Uncommon trap: reason=class_check action=maybe_recompile pc=0x0000016922eda7e0 method=java.util.regex.Pattern$Start.match(Ljava/util/regex/Matcher;ILjava/lang/CharSequence;)Z @ 44 c2
Event: 12.127 Thread 0x000001693688d160 DEOPT PACKING pc=0x0000016922eda7e0 sp=0x0000004c85bf8f50
Event: 12.127 Thread 0x000001693688d160 DEOPT UNPACKING pc=0x00000169228069a3 sp=0x0000004c85bf8e80 mode 2

Classes unloaded (0 events):
No events

Classes redefined (0 events):
No events

Internal exceptions (20 events):
Event: 11.921 Thread 0x000001693688d160 Exception <a 'java/lang/ClassNotFoundException'{0x0000000083911f58}: groovy/lang/ScriptCustomizer> (0x0000000083911f58) 
thrown [s\src\hotspot\share\classfile\systemDictionary.cpp, line 256]
Event: 11.923 Thread 0x000001693688d160 Exception <a 'java/lang/ClassNotFoundException'{0x0000000083924510}: org/gradle/groovy/scripts/ScriptCustomizer> (0x0000000083924510) 
thrown [s\src\hotspot\share\classfile\systemDictionary.cpp, line 256]
Event: 11.924 Thread 0x000001693688d160 Exception <a 'java/lang/ClassNotFoundException'{0x0000000083935b10}: org/gradle/groovy/scripts/BasicScriptCustomizer> (0x0000000083935b10) 
thrown [s\src\hotspot\share\classfile\systemDictionary.cpp, line 256]
Event: 11.928 Thread 0x000001693688d160 Exception <a 'java/lang/ClassNotFoundException'{0x000000008394bab8}: org/gradle/groovy/scripts/DefaultScriptCustomizer> (0x000000008394bab8) 
thrown [s\src\hotspot\share\classfile\systemDictionary.cpp, line 256]
Event: 11.933 Thread 0x000001693688d160 Exception <a 'java/lang/ClassNotFoundException'{0x0000000083972f68}: org/gradle/initialization/InitScriptCustomizer> (0x0000000083972f68) 
thrown [s\src\hotspot\share\classfile\systemDictionary.cpp, line 256]
Event: 11.935 Thread 0x000001693688d160 Exception <a 'java/lang/ClassNotFoundException'{0x00000000839811c0}: ijtestinit1_dkn9mvcmepptgnd6xfkdb33u0Customizer> (0x00000000839811c0) 
thrown [s\src\hotspot\share\classfile\systemDictionary.cpp, line 256]
Event: 11.974 Thread 0x000001693688d160 Exception <a 'java/lang/ClassNotFoundException'{0x0000000083833568}: org/gradle/internal/extensibility/DefaultExtraPropertiesExtensionBeanInfo> (0x0000000083833568) 
thrown [s\src\hotspot\share\classfile\systemDictionary.cpp, line 256]
Event: 11.974 Thread 0x000001693688d160 Exception <a 'java/lang/ClassNotFoundException'{0x000000008383d0d0}: org/gradle/internal/extensibility/DefaultExtraPropertiesExtensionCustomizer> (0x000000008383d0d0) 
thrown [s\src\hotspot\share\classfile\systemDictionary.cpp, line 256]
Event: 11.998 Thread 0x000001693688d160 Exception <a 'java/lang/ClassNotFoundException'{0x00000000838d2000}: groovy/lang/ReferenceBeanInfo> (0x00000000838d2000) 
thrown [s\src\hotspot\share\classfile\systemDictionary.cpp, line 256]
Event: 12.000 Thread 0x000001693688d160 Exception <a 'java/lang/ClassNotFoundException'{0x00000000838f4b78}: groovy/lang/ReferenceCustomizer> (0x00000000838f4b78) 
thrown [s\src\hotspot\share\classfile\systemDictionary.cpp, line 256]
Event: 12.067 Thread 0x000001693688d160 Exception <a 'java/lang/ClassNotFoundException'{0x0000000083505af8}: org/gradle/invocation/DefaultGradle_DecoratedBeanInfo> (0x0000000083505af8) 
thrown [s\src\hotspot\share\classfile\systemDictionary.cpp, line 256]
Event: 12.068 Thread 0x000001693688d160 Exception <a 'java/lang/ClassNotFoundException'{0x0000000083514028}: org/gradle/invocation/DefaultGradleBeanInfo> (0x0000000083514028) 
thrown [s\src\hotspot\share\classfile\systemDictionary.cpp, line 256]
Event: 12.070 Thread 0x000001693688d160 Exception <a 'java/lang/ClassNotFoundException'{0x0000000083522ac0}: org/gradle/api/internal/project/AbstractPluginAwareBeanInfo> (0x0000000083522ac0) 
thrown [s\src\hotspot\share\classfile\systemDictionary.cpp, line 256]
Event: 12.071 Thread 0x000001693688d160 Exception <a 'java/lang/ClassNotFoundException'{0x00000000835314b0}: org/gradle/api/internal/project/AbstractPluginAwareCustomizer> (0x00000000835314b0) 
thrown [s\src\hotspot\share\classfile\systemDictionary.cpp, line 256]
Event: 12.073 Thread 0x000001693688d160 Exception <a 'java/lang/ClassNotFoundException'{0x0000000083545588}: org/gradle/invocation/DefaultGradleCustomizer> (0x0000000083545588) 
thrown [s\src\hotspot\share\classfile\systemDictionary.cpp, line 256]
Event: 12.082 Thread 0x000001693688d160 Exception <a 'java/lang/ClassNotFoundException'{0x00000000835846d0}: org/gradle/invocation/DefaultGradle_DecoratedCustomizer> (0x00000000835846d0) 
thrown [s\src\hotspot\share\classfile\systemDictionary.cpp, line 256]
Event: 12.121 Thread 0x000001693688d160 Exception <a 'java/lang/ClassNotFoundException'{0x00000000834d8f90}: groovy/lang/Closure$1BeanInfo> (0x00000000834d8f90) 
thrown [s\src\hotspot\share\classfile\systemDictionary.cpp, line 256]
Event: 12.123 Thread 0x000001693688d160 Exception <a 'java/lang/ClassNotFoundException'{0x00000000834fba40}: groovy/lang/ClosureBeanInfo> (0x00000000834fba40) 
thrown [s\src\hotspot\share\classfile\systemDictionary.cpp, line 256]
Event: 12.125 Thread 0x000001693688d160 Exception <a 'java/lang/ClassNotFoundException'{0x000000008331e858}: groovy/lang/ClosureCustomizer> (0x000000008331e858) 
thrown [s\src\hotspot\share\classfile\systemDictionary.cpp, line 256]
Event: 12.133 Thread 0x000001693688d160 Exception <a 'java/lang/ClassNotFoundException'{0x0000000083364580}: groovy/lang/Closure$1Customizer> (0x0000000083364580) 
thrown [s\src\hotspot\share\classfile\systemDictionary.cpp, line 256]

VM Operations (20 events):
Event: 11.246 Executing VM operation: HandshakeAllThreads done
Event: 11.315 Executing VM operation: HandshakeAllThreads
Event: 11.315 Executing VM operation: HandshakeAllThreads done
Event: 11.492 Executing VM operation: HandshakeAllThreads
Event: 11.492 Executing VM operation: HandshakeAllThreads done
Event: 11.493 Executing VM operation: HandshakeAllThreads
Event: 11.493 Executing VM operation: HandshakeAllThreads done
Event: 11.500 Executing VM operation: HandshakeAllThreads
Event: 11.501 Executing VM operation: HandshakeAllThreads done
Event: 11.512 Executing VM operation: HandshakeAllThreads
Event: 11.512 Executing VM operation: HandshakeAllThreads done
Event: 11.528 Executing VM operation: HandshakeAllThreads
Event: 11.528 Executing VM operation: HandshakeAllThreads done
Event: 11.654 Executing VM operation: HandshakeAllThreads
Event: 11.654 Executing VM operation: HandshakeAllThreads done
Event: 11.757 Executing VM operation: G1CollectForAllocation
Event: 11.769 Executing VM operation: G1CollectForAllocation done
Event: 11.786 Executing VM operation: G1CollectForAllocation
Event: 11.796 Executing VM operation: G1CollectForAllocation done
Event: 12.157 Executing VM operation: G1TryInitiateConcMark

Events (20 events):
Event: 11.655 loading class jdk/internal/jrtfs/JrtDirectoryStream
Event: 11.656 loading class jdk/internal/jrtfs/JrtDirectoryStream done
Event: 11.657 loading class jdk/internal/jrtfs/JrtDirectoryStream$1
Event: 11.657 loading class jdk/internal/jrtfs/JrtDirectoryStream$1 done
Event: 11.657 loading class java/util/function/BooleanSupplier
Event: 11.657 loading class java/util/function/BooleanSupplier done
Event: 11.658 loading class jdk/internal/jimage/ImageReader$Resource
Event: 11.658 loading class jdk/internal/jimage/ImageReader$Resource done
Event: 11.879 loading class java/util/WeakHashMap$KeyIterator
Event: 11.885 loading class java/util/WeakHashMap$HashIterator
Event: 11.886 loading class java/util/WeakHashMap$HashIterator done
Event: 11.886 loading class java/util/WeakHashMap$KeyIterator done
Event: 12.133 loading class com/sun/beans/finder/MethodFinder
Event: 12.134 loading class com/sun/beans/finder/AbstractFinder
Event: 12.134 loading class com/sun/beans/finder/AbstractFinder done
Event: 12.134 loading class com/sun/beans/finder/MethodFinder done
Event: 12.134 loading class com/sun/beans/finder/MethodFinder$1
Event: 12.135 loading class com/sun/beans/finder/MethodFinder$1 done
Event: 12.135 loading class com/sun/beans/finder/FinderUtils
Event: 12.135 loading class com/sun/beans/finder/FinderUtils done


Dynamic libraries:
0x00007ff6af020000 - 0x00007ff6af02a000 	C:\Program Files\Android\Android Studio1\jbr\bin\java.exe
0x00007ff968af0000 - 0x00007ff968d07000 	C:\WINDOWS\SYSTEM32\ntdll.dll
0x00007ff967880000 - 0x00007ff967944000 	C:\WINDOWS\System32\KERNEL32.DLL
0x00007ff965e30000 - 0x00007ff9661d6000 	C:\WINDOWS\System32\KERNELBASE.dll
0x00007ff966720000 - 0x00007ff966831000 	C:\WINDOWS\System32\ucrtbase.dll
0x00007ff956020000 - 0x00007ff956037000 	C:\Program Files\Android\Android Studio1\jbr\bin\jli.dll
0x00007ff968900000 - 0x00007ff968aae000 	C:\WINDOWS\System32\USER32.dll
0x00007ff9663d0000 - 0x00007ff9663f6000 	C:\WINDOWS\System32\win32u.dll
0x00007ff9567a0000 - 0x00007ff9567bb000 	C:\Program Files\Android\Android Studio1\jbr\bin\VCRUNTIME140.dll
0x00007ff967bc0000 - 0x00007ff967be9000 	C:\WINDOWS\System32\GDI32.dll
0x00007ff966600000 - 0x00007ff966718000 	C:\WINDOWS\System32\gdi32full.dll
0x00007ff950d40000 - 0x00007ff950fd3000 	C:\WINDOWS\WinSxS\amd64_microsoft.windows.common-controls_6595b64144ccf1df_6.0.22621.2506_none_270c5ae97388e100\COMCTL32.dll
0x00007ff966430000 - 0x00007ff9664ca000 	C:\WINDOWS\System32\msvcp_win.dll
0x00007ff9673e0000 - 0x00007ff967487000 	C:\WINDOWS\System32\msvcrt.dll
0x00007ff9677d0000 - 0x00007ff967801000 	C:\WINDOWS\System32\IMM32.DLL
0x00007ff95ef50000 - 0x00007ff95ef5c000 	C:\Program Files\Android\Android Studio1\jbr\bin\vcruntime140_1.dll
0x00007ff920b00000 - 0x00007ff920b8d000 	C:\Program Files\Android\Android Studio1\jbr\bin\msvcp140.dll
0x00007ff913a30000 - 0x00007ff9146b0000 	C:\Program Files\Android\Android Studio1\jbr\bin\server\jvm.dll
0x00007ff968550000 - 0x00007ff968603000 	C:\WINDOWS\System32\ADVAPI32.dll
0x00007ff967950000 - 0x00007ff9679f8000 	C:\WINDOWS\System32\sechost.dll
0x00007ff966400000 - 0x00007ff966428000 	C:\WINDOWS\System32\bcrypt.dll
0x00007ff9687e0000 - 0x00007ff9688f7000 	C:\WINDOWS\System32\RPCRT4.dll
0x00007ff95d870000 - 0x00007ff95d8a4000 	C:\WINDOWS\SYSTEM32\WINMM.dll
0x00007ff95ee80000 - 0x00007ff95ee89000 	C:\WINDOWS\SYSTEM32\WSOCK32.dll
0x00007ff95d4a0000 - 0x00007ff95d4aa000 	C:\WINDOWS\SYSTEM32\VERSION.dll
0x00007ff966da0000 - 0x00007ff966e11000 	C:\WINDOWS\System32\WS2_32.dll
0x00007ff964e60000 - 0x00007ff964e78000 	C:\WINDOWS\SYSTEM32\kernel.appcore.dll
0x00007ff95ad40000 - 0x00007ff95ad4a000 	C:\Program Files\Android\Android Studio1\jbr\bin\jimage.dll
0x00007ff94ea30000 - 0x00007ff94ec63000 	C:\WINDOWS\SYSTEM32\DBGHELP.DLL
0x00007ff966ed0000 - 0x00007ff967259000 	C:\WINDOWS\System32\combase.dll
0x00007ff966840000 - 0x00007ff966917000 	C:\WINDOWS\System32\OLEAUT32.dll
0x00007ff9448d0000 - 0x00007ff944902000 	C:\WINDOWS\SYSTEM32\dbgcore.DLL
0x00007ff966350000 - 0x00007ff9663ca000 	C:\WINDOWS\System32\bcryptPrimitives.dll
0x00007ff956040000 - 0x00007ff95604e000 	C:\Program Files\Android\Android Studio1\jbr\bin\instrument.dll
0x00007ff956f70000 - 0x00007ff956f95000 	C:\Program Files\Android\Android Studio1\jbr\bin\java.dll
0x00007ff956ae0000 - 0x00007ff956af8000 	C:\Program Files\Android\Android Studio1\jbr\bin\zip.dll
0x00007ff967cf0000 - 0x00007ff96854a000 	C:\WINDOWS\System32\SHELL32.dll
0x00007ff963d80000 - 0x00007ff964676000 	C:\WINDOWS\SYSTEM32\windows.storage.dll
0x00007ff963c40000 - 0x00007ff963d7e000 	C:\WINDOWS\SYSTEM32\wintypes.dll
0x00007ff967670000 - 0x00007ff967763000 	C:\WINDOWS\System32\SHCORE.dll
0x00007ff968610000 - 0x00007ff96866e000 	C:\WINDOWS\System32\shlwapi.dll
0x00007ff965d60000 - 0x00007ff965d86000 	C:\WINDOWS\SYSTEM32\profapi.dll
0x00007ff956920000 - 0x00007ff956939000 	C:\Program Files\Android\Android Studio1\jbr\bin\net.dll
0x00007ff95d1c0000 - 0x00007ff95d2f7000 	C:\WINDOWS\SYSTEM32\WINHTTP.dll
0x00007ff9652e0000 - 0x00007ff965349000 	C:\WINDOWS\system32\mswsock.dll
0x00007ff956900000 - 0x00007ff956916000 	C:\Program Files\Android\Android Studio1\jbr\bin\nio.dll
0x00007ff956790000 - 0x00007ff9567a0000 	C:\Program Files\Android\Android Studio1\jbr\bin\verify.dll
0x00007ff955f10000 - 0x00007ff955f37000 	C:\Users\paras kamboj\.gradle\native\68d5fa5c4cc2d200863cafc0d521ce42e7d3e7ee720ec0a83991735586a16f82\windows-amd64\native-platform.dll
0x00007ff91c630000 - 0x00007ff91c774000 	C:\Users\paras kamboj\.gradle\native\e376f236ea51e6404a007f0833ffe2c6e607c4080706a723a18a27aeea778392\windows-amd64\native-platform-file-events.dll
0x00007ff956280000 - 0x00007ff956289000 	C:\Program Files\Android\Android Studio1\jbr\bin\management.dll
0x00007ff956270000 - 0x00007ff95627b000 	C:\Program Files\Android\Android Studio1\jbr\bin\management_ext.dll
0x00007ff9672e0000 - 0x00007ff9672e8000 	C:\WINDOWS\System32\PSAPI.DLL
0x00007ff965530000 - 0x00007ff96554b000 	C:\WINDOWS\SYSTEM32\CRYPTSP.dll
0x00007ff964dc0000 - 0x00007ff964df5000 	C:\WINDOWS\system32\rsaenh.dll
0x00007ff9653d0000 - 0x00007ff9653fc000 	C:\WINDOWS\SYSTEM32\USERENV.dll
0x00007ff965550000 - 0x00007ff96555c000 	C:\WINDOWS\SYSTEM32\CRYPTBASE.dll
0x00007ff964920000 - 0x00007ff96494d000 	C:\WINDOWS\SYSTEM32\IPHLPAPI.DLL
0x00007ff967340000 - 0x00007ff967349000 	C:\WINDOWS\System32\NSI.dll
0x00007ff95d4b0000 - 0x00007ff95d4c9000 	C:\WINDOWS\SYSTEM32\dhcpcsvc6.DLL
0x00007ff95d120000 - 0x00007ff95d13f000 	C:\WINDOWS\SYSTEM32\dhcpcsvc.DLL
0x00007ff964950000 - 0x00007ff964a49000 	C:\WINDOWS\SYSTEM32\DNSAPI.dll
0x00007ff9563b0000 - 0x00007ff9563b8000 	C:\WINDOWS\system32\wshunix.dll

dbghelp: loaded successfully - version: 4.0.5 - missing functions: none
symbol engine: initialized successfully - sym options: 0x614 - pdb path: .;C:\Program Files\Android\Android Studio1\jbr\bin;C:\WINDOWS\SYSTEM32;C:\WINDOWS\WinSxS\amd64_microsoft.windows.common-controls_6595b64144ccf1df_6.0.22621.2506_none_270c5ae97388e100;C:\Program Files\Android\Android Studio1\jbr\bin\server;C:\Users\paras kamboj\.gradle\native\68d5fa5c4cc2d200863cafc0d521ce42e7d3e7ee720ec0a83991735586a16f82\windows-amd64;C:\Users\paras kamboj\.gradle\native\e376f236ea51e6404a007f0833ffe2c6e607c4080706a723a18a27aeea778392\windows-amd64

VM Arguments:
jvm_args: --add-opens=java.base/java.util=ALL-UNNAMED --add-opens=java.base/java.lang=ALL-UNNAMED --add-opens=java.base/java.lang.invoke=ALL-UNNAMED --add-opens=java.prefs/java.util.prefs=ALL-UNNAMED --add-opens=java.base/java.nio.charset=ALL-UNNAMED --add-opens=java.base/java.net=ALL-UNNAMED --add-opens=java.base/java.util.concurrent.atomic=ALL-UNNAMED -Xmx2048m -Dfile.encoding=UTF-8 -Duser.country=US -Duser.language=en -Duser.variant -javaagent:C:\Users\paras kamboj\.gradle\wrapper\dists\gradle-8.2-bin\bbg7u40eoinfdyxsxr3z4i7ta\gradle-8.2\lib\agents\gradle-instrumentation-agent-8.2.jar 
java_command: org.gradle.launcher.daemon.bootstrap.GradleDaemon 8.2
java_class_path (initial): C:\Users\paras kamboj\.gradle\wrapper\dists\gradle-8.2-bin\bbg7u40eoinfdyxsxr3z4i7ta\gradle-8.2\lib\gradle-launcher-8.2.jar
Launcher Type: SUN_STANDARD

[Global flags]
     intx CICompilerCount                          = 3                                         {product} {ergonomic}
     uint ConcGCThreads                            = 1                                         {product} {ergonomic}
     uint G1ConcRefinementThreads                  = 4                                         {product} {ergonomic}
   size_t G1HeapRegionSize                         = 1048576                                   {product} {ergonomic}
    uintx GCDrainStackTargetSize                   = 64                                        {product} {ergonomic}
   size_t InitialHeapSize                          = 100663296                                 {product} {ergonomic}
   size_t MarkStackSize                            = 4194304                                   {product} {ergonomic}
   size_t MaxHeapSize                              = 2147483648                                {product} {command line}
   size_t MaxNewSize                               = 1287651328                                {product} {ergonomic}
   size_t MinHeapDeltaBytes                        = 1048576                                   {product} {ergonomic}
   size_t MinHeapSize                              = 8388608                                   {product} {ergonomic}
    uintx NonNMethodCodeHeapSize                   = 5832780                                {pd product} {ergonomic}
    uintx NonProfiledCodeHeapSize                  = 122912730                              {pd product} {ergonomic}
    uintx ProfiledCodeHeapSize                     = 122912730                              {pd product} {ergonomic}
    uintx ReservedCodeCacheSize                    = 251658240                              {pd product} {ergonomic}
     bool SegmentedCodeCache                       = true                                      {product} {ergonomic}
   size_t SoftMaxHeapSize                          = 2147483648                             {manageable} {ergonomic}
     bool UseCompressedClassPointers               = true                           {product lp64_product} {ergonomic}
     bool UseCompressedOops                        = true                           {product lp64_product} {ergonomic}
     bool UseG1GC                                  = true                                      {product} {ergonomic}
     bool UseLargePagesIndividualAllocation        = false                                  {pd product} {ergonomic}

Logging:
Log output configuration:
 #0: stdout all=warning uptime,level,tags
 #1: stderr all=off uptime,level,tags

Environment Variables:
PATH=C:\Program Files\Common Files\Oracle\Java\javapath;C:\WINDOWS\system32;C:\WINDOWS;C:\WINDOWS\System32\Wbem;C:\WINDOWS\System32\WindowsPowerShell\v1.0\;C:\WINDOWS\System32\OpenSSH\;C:\MinGW\bin;C:\dart-sdk\bin;C:\flutter\bin;C:\Program Files\Git\cmd;C:\Program Files\MySQL\MySQL Shell 8.0\bin\;C:\Users\paras kamboj\AppData\Local\Programs\Python\Python311\Scripts\;C:\Users\paras kamboj\AppData\Local\Programs\Python\Python311\;C:\MinGW\mingw32\bin;C:\Users\paras kamboj\AppData\Local\Microsoft\WindowsApps;C:\MinGW\bin;C:\Program Files\JetBrains\IntelliJ IDEA Community Edition 2022.3.2\bin;;C:\dart-sdk\bin;C:\Users\paras kamboj\AppData\Local\Android\Sdk\tools;C:\Users\paras kamboj\AppData\Local\Android\Sdk\platform-tools;C:\Users\paras kamboj\AppData\Local\Programs\Microsoft VS Code\bin;C:\flutter\bin;C:\Program Files\Java\jdk-19\bin;C:\Program Files\Android\Android Studio\bin;C:\Users\paras kamboj\AppData\Local\GitHubDesktop\bin
USERNAME=paras kamboj
OS=Windows_NT
PROCESSOR_IDENTIFIER=AMD64 Family 23 Model 24 Stepping 1, AuthenticAMD
TMP=C:\Users\PARASK~1\AppData\Local\Temp
TEMP=C:\Users\PARASK~1\AppData\Local\Temp


JNI global refs:
JNI global refs: 24, weak refs: 0

JNI global refs memory usage: 843, weak refs: 841

OOME stack traces (most recent first):
Classloader memory used:
Loader org.gradle.internal.classloader.VisitableURLClassLoader                         : 2431K
Loader bootstrap                                                                       : 2271K
Loader org.gradle.initialization.MixInLegacyTypesClassLoader                           : 431K
Loader jdk.internal.loader.ClassLoaders$PlatformClassLoader                            : 65469B
Loader jdk.internal.loader.ClassLoaders$AppClassLoader                                 : 28352B
Loader jdk.internal.reflect.DelegatingClassLoader                                      : 3534B
Loader org.gradle.groovy.scripts.internal.DefaultScriptCompilationHandler$ScriptClassLoader: 1754B

Classes loaded by more than one classloader:
Class org.gradle.internal.installation.GradleInstallation                             : loaded 2 times (x 73B)
Class org.gradle.internal.classpath.ClassPath                                         : loaded 2 times (x 68B)
Class org.gradle.api.internal.classpath.DefaultModuleRegistry                         : loaded 2 times (x 84B)
Class org.gradle.api.Action                                                           : loaded 2 times (x 68B)
Class org.gradle.api.internal.DefaultClassPathProvider                                : loaded 2 times (x 74B)
Class org.gradle.internal.installation.GradleInstallation$1                           : loaded 2 times (x 73B)
Class org.gradle.internal.classloader.FilteringClassLoader                            : loaded 2 times (x 102B)
Class org.gradle.internal.classpath.DefaultClassPath$ImmutableUniqueList$Builder      : loaded 2 times (x 73B)
Class org.gradle.internal.classloader.ClassLoaderVisitor                              : loaded 2 times (x 74B)
Class org.gradle.internal.service.DefaultServiceLocator                               : loaded 2 times (x 81B)
Class org.gradle.internal.service.UnknownServiceException                             : loaded 2 times (x 81B)
Class org.gradle.internal.classloader.DefaultClassLoaderFactory                       : loaded 2 times (x 80B)
Class org.gradle.internal.classloader.VisitableURLClassLoader$Spec                    : loaded 2 times (x 72B)
Class org.gradle.api.GradleException                                                  : loaded 2 times (x 80B)
Class org.gradle.api.internal.classpath.ModuleRegistry                                : loaded 2 times (x 68B)
Class org.gradle.api.internal.ClassPathProvider                                       : loaded 2 times (x 68B)
Class org.gradle.internal.classloader.ClasspathUtil$1                                 : loaded 2 times (x 74B)
Class org.gradle.internal.classloader.ClassLoaderFactory                              : loaded 2 times (x 68B)
Class org.gradle.api.internal.classpath.ManifestUtil                                  : loaded 2 times (x 69B)
Class org.gradle.api.specs.Spec                                                       : loaded 2 times (x 68B)
Class org.gradle.internal.IoActions                                                   : loaded 2 times (x 69B)
Class org.gradle.api.internal.classpath.EffectiveClassPath                            : loaded 2 times (x 88B)
Class org.gradle.internal.installation.CurrentGradleInstallation                      : loaded 2 times (x 71B)
Class org.gradle.internal.agents.InstrumentingClassLoader                             : loaded 2 times (x 68B)
Class org.gradle.internal.installation.CurrentGradleInstallationLocator               : loaded 2 times (x 69B)
Class org.gradle.api.internal.classpath.Module                                        : loaded 2 times (x 68B)
Class org.gradle.internal.service.CachingServiceLocator                               : loaded 2 times (x 80B)
Class org.gradle.internal.classpath.DefaultClassPath                                  : loaded 2 times (x 88B)
Class org.gradle.internal.classloader.SystemClassLoaderSpec                           : loaded 2 times (x 69B)
Class org.gradle.api.UncheckedIOException                                             : loaded 2 times (x 80B)
Class org.gradle.internal.classloader.ClasspathUtil                                   : loaded 2 times (x 69B)
Class org.gradle.api.internal.DefaultClassPathRegistry                                : loaded 2 times (x 74B)
Class org.gradle.api.internal.classpath.DefaultModuleRegistry$DefaultModule           : loaded 2 times (x 84B)
Class org.gradle.api.internal.classpath.UnknownModuleException                        : loaded 2 times (x 80B)
Class org.gradle.internal.service.ServiceLookupException                              : loaded 2 times (x 80B)
Class org.gradle.cache.GlobalCache                                                    : loaded 2 times (x 68B)
Class [Lorg.gradle.api.internal.ClassPathProvider;                                    : loaded 2 times (x 67B)
Class org.gradle.util.internal.GUtil                                                  : loaded 2 times (x 69B)
Class org.gradle.internal.classloader.ClassLoaderSpec                                 : loaded 2 times (x 69B)
Class org.gradle.internal.classloader.VisitableURLClassLoader                         : loaded 2 times (x 114B)
Class org.gradle.internal.Cast                                                        : loaded 2 times (x 69B)
Class org.gradle.api.internal.ClassPathRegistry                                       : loaded 2 times (x 68B)
Class org.gradle.internal.classloader.VisitableURLClassLoader$InstrumentingVisitableURLClassLoader: loaded 2 times (x 120B)
Class org.gradle.internal.classloader.ClassLoaderHierarchy                            : loaded 2 times (x 68B)
Class org.gradle.internal.InternalTransformer                                         : loaded 2 times (x 68B)
Class org.gradle.internal.service.ServiceLocator                                      : loaded 2 times (x 68B)
Class org.gradle.internal.classpath.DefaultClassPath$ImmutableUniqueList              : loaded 2 times (x 159B)
Class org.gradle.internal.classpath.TransformedClassPath                              : loaded 2 times (x 94B)


---------------  S Y S T E M  ---------------

OS:
 Windows 11 , 64 bit Build 22621 (10.0.22621.2506)
OS uptime: 16 days 1:23 hours

CPU: total 4 (initial active 4) (4 cores per cpu, 2 threads per core) family 23 model 24 stepping 1 microcode 0x0, cx8, cmov, fxsr, ht, mmx, 3dnowpref, sse, sse2, sse3, ssse3, sse4a, sse4.1, sse4.2, popcnt, lzcnt, tsc, tscinvbit, avx, avx2, aes, clmul, bmi1, bmi2, adx, sha, fma, vzeroupper, clflush, clflushopt

Memory: 4k page, system-wide physical 6086M (244M free)
TotalPageFile size 14086M (AvailPageFile size 23M)
current process WorkingSet (physical memory assigned to process): 200M, peak: 200M
current process commit charge ("private bytes"): 227M, peak: 257M

vm_info: OpenJDK 64-Bit Server VM (17.0.7+0-b2043.56-10550314) for windows-amd64 JRE (17.0.7+0-b2043.56-10550314), built on Jul 24 2023 18:27:45 by "androidbuild" with MS VC++ 16.10 / 16.11 (VS2019)

END.
