#
# There is insufficient memory for the Java Runtime Environment to continue.
# Native memory allocation (malloc) failed to allocate 1938576 bytes for Chunk::new
# Possible reasons:
#   The system is out of physical RAM or swap space
#   The process is running with CompressedOops enabled, and the Java Heap may be blocking the growth of the native heap
# Possible solutions:
#   Reduce memory load on the system
#   Increase physical memory or swap space
#   Check if swap backing store is full
#   Decrease Java heap size (-Xmx/-Xms)
#   Decrease number of Java threads
#   Decrease Java thread stack sizes (-Xss)
#   Set larger code cache with -XX:ReservedCodeCacheSize=
#   JVM is running with Unscaled Compressed Oops mode in which the Java heap is
#     placed in the first 4GB address space. The Java Heap base address is the
#     maximum limit for the native heap growth. Please use -XX:HeapBaseMinAddress
#     to set the Java Heap base and to place the Java Heap above 4GB virtual address.
# This output file may be truncated or incomplete.
#
#  Out of Memory Error (arena.cpp:189), pid=19072, tid=4184
#
# JRE version: OpenJDK Runtime Environment (17.0.7) (build 17.0.7+0-b2043.56-10550314)
# Java VM: OpenJDK 64-Bit Server VM (17.0.7+0-b2043.56-10550314, mixed mode, tiered, compressed oops, compressed class ptrs, g1 gc, windows-amd64)
# No core dump will be written. Minidumps are not enabled by default on client versions of Windows
#

---------------  S U M M A R Y ------------

Command Line: --add-opens=java.base/java.util=ALL-UNNAMED --add-opens=java.base/java.lang=ALL-UNNAMED --add-opens=java.base/java.lang.invoke=ALL-UNNAMED --add-opens=java.prefs/java.util.prefs=ALL-UNNAMED --add-opens=java.base/java.nio.charset=ALL-UNNAMED --add-opens=java.base/java.net=ALL-UNNAMED --add-opens=java.base/java.util.concurrent.atomic=ALL-UNNAMED -Xmx2048m -Dfile.encoding=UTF-8 -Duser.country=US -Duser.language=en -Duser.variant -javaagent:C:\Users\paras kamboj\.gradle\wrapper\dists\gradle-8.2-bin\bbg7u40eoinfdyxsxr3z4i7ta\gradle-8.2\lib\agents\gradle-instrumentation-agent-8.2.jar org.gradle.launcher.daemon.bootstrap.GradleDaemon 8.2

Host: AMD Ryzen 3 3250U with Radeon Graphics         , 4 cores, 5G,  Windows 11 , 64 bit Build 22621 (10.0.22621.2506)
Time: Sun Feb 11 01:07:25 2024 India Standard Time elapsed time: 17.901102 seconds (0d 0h 0m 17s)

---------------  T H R E A D  ---------------

Current thread (0x00000181b7020c50):  JavaThread "C2 CompilerThread0" daemon [_thread_in_native, id=4184, stack(0x0000000150c00000,0x0000000150d00000)]


Current CompileTask:
C2:  17901 6219       4       org.objectweb.asm.Frame::execute (2318 bytes)

Stack: [0x0000000150c00000,0x0000000150d00000]
Native frames: (J=compiled Java code, j=interpreted, Vv=VM code, C=native code)
V  [jvm.dll+0x683bfa]
V  [jvm.dll+0x8430a4]
V  [jvm.dll+0x8449be]
V  [jvm.dll+0x845023]
V  [jvm.dll+0x24ad2f]
V  [jvm.dll+0xac25c]
V  [jvm.dll+0xac82c]
V  [jvm.dll+0x36a132]
V  [jvm.dll+0x334821]
V  [jvm.dll+0x333cca]
V  [jvm.dll+0x21d251]
V  [jvm.dll+0x21c671]
V  [jvm.dll+0x1a605d]
V  [jvm.dll+0x22c148]
V  [jvm.dll+0x22a209]
V  [jvm.dll+0x7f858c]
V  [jvm.dll+0x7f2aea]
V  [jvm.dll+0x682a35]
C  [ucrtbase.dll+0x29363]
C  [KERNEL32.DLL+0x1257d]
C  [ntdll.dll+0x5aa58]


---------------  P R O C E S S  ---------------

Threads class SMR info:
_java_thread_list=0x00000181ba997510, length=44, elements={
0x000001819944fb80, 0x00000181b29f9ed0, 0x00000181b29fb550, 0x00000181b2a226e0,
0x00000181b2a231a0, 0x00000181b701c010, 0x00000181b701c9c0, 0x00000181b7020c50,
0x00000181b7029700, 0x00000181b70348d0, 0x00000181b299b320, 0x00000181b72ae030,
0x00000181b928aae0, 0x00000181b7dc9040, 0x00000181b83284c0, 0x00000181b8272da0,
0x00000181b8b42fc0, 0x00000181b895bcf0, 0x00000181b88bc930, 0x00000181b8bf2b90,
0x00000181b8bf4d40, 0x00000181b8bf43a0, 0x00000181b8bf3530, 0x00000181b8bf3a00,
0x00000181b8bf1d20, 0x00000181b8bf4870, 0x00000181b8bf1380, 0x00000181b8bf1850,
0x00000181b8bf3ed0, 0x00000181b8bf21f0, 0x00000181b8bf26c0, 0x00000181b8bf3060,
0x00000181ba33bf10, 0x00000181ba33c3e0, 0x00000181ba3415b0, 0x00000181ba33ea60,
0x00000181ba341f50, 0x00000181ba341a80, 0x00000181ba340c10, 0x00000181ba33e590,
0x00000181ba33ef30, 0x00000181ba33cd80, 0x00000181ba33d720, 0x00000181ba340740
}

Java Threads: ( => current thread )
  0x000001819944fb80 JavaThread "main" [_thread_blocked, id=27604, stack(0x000000014ff00000,0x0000000150000000)]
  0x00000181b29f9ed0 JavaThread "Reference Handler" daemon [_thread_blocked, id=22664, stack(0x0000000150600000,0x0000000150700000)]
  0x00000181b29fb550 JavaThread "Finalizer" daemon [_thread_blocked, id=24184, stack(0x0000000150700000,0x0000000150800000)]
  0x00000181b2a226e0 JavaThread "Signal Dispatcher" daemon [_thread_blocked, id=8448, stack(0x0000000150800000,0x0000000150900000)]
  0x00000181b2a231a0 JavaThread "Attach Listener" daemon [_thread_blocked, id=7228, stack(0x0000000150900000,0x0000000150a00000)]
  0x00000181b701c010 JavaThread "Service Thread" daemon [_thread_blocked, id=9116, stack(0x0000000150a00000,0x0000000150b00000)]
  0x00000181b701c9c0 JavaThread "Monitor Deflation Thread" daemon [_thread_blocked, id=24008, stack(0x0000000150b00000,0x0000000150c00000)]
=>0x00000181b7020c50 JavaThread "C2 CompilerThread0" daemon [_thread_in_native, id=4184, stack(0x0000000150c00000,0x0000000150d00000)]
  0x00000181b7029700 JavaThread "C1 CompilerThread0" daemon [_thread_blocked, id=23384, stack(0x0000000150d00000,0x0000000150e00000)]
  0x00000181b70348d0 JavaThread "Sweeper thread" daemon [_thread_blocked, id=4604, stack(0x0000000150e00000,0x0000000150f00000)]
  0x00000181b299b320 JavaThread "Common-Cleaner" daemon [_thread_blocked, id=13592, stack(0x0000000150f00000,0x0000000151000000)]
  0x00000181b72ae030 JavaThread "Notification Thread" daemon [_thread_blocked, id=22300, stack(0x0000000151000000,0x0000000151100000)]
  0x00000181b928aae0 JavaThread "Daemon health stats" [_thread_blocked, id=1660, stack(0x0000000151600000,0x0000000151700000)]
  0x00000181b7dc9040 JavaThread "Incoming local TCP Connector on port 51433" [_thread_in_native, id=18656, stack(0x0000000151500000,0x0000000151600000)]
  0x00000181b83284c0 JavaThread "Daemon periodic checks" [_thread_blocked, id=9856, stack(0x0000000151700000,0x0000000151800000)]
  0x00000181b8272da0 JavaThread "Daemon" [_thread_blocked, id=18900, stack(0x0000000151800000,0x0000000151900000)]
  0x00000181b8b42fc0 JavaThread "Handler for socket connection from /127.0.0.1:51433 to /127.0.0.1:51434" [_thread_in_native, id=5052, stack(0x0000000151900000,0x0000000151a00000)]
  0x00000181b895bcf0 JavaThread "Cancel handler" [_thread_blocked, id=16324, stack(0x0000000151a00000,0x0000000151b00000)]
  0x00000181b88bc930 JavaThread "Daemon worker" [_thread_in_vm, id=11888, stack(0x0000000151b00000,0x0000000151c00000)]
  0x00000181b8bf2b90 JavaThread "Asynchronous log dispatcher for DefaultDaemonConnection: socket connection from /127.0.0.1:51433 to /127.0.0.1:51434" [_thread_blocked, id=21312, stack(0x0000000151c00000,0x0000000151d00000)]
  0x00000181b8bf4d40 JavaThread "Stdin handler" [_thread_blocked, id=26244, stack(0x0000000151d00000,0x0000000151e00000)]
  0x00000181b8bf43a0 JavaThread "Daemon client event forwarder" [_thread_blocked, id=18136, stack(0x0000000151e00000,0x0000000151f00000)]
  0x00000181b8bf3530 JavaThread "Cache worker for journal cache (C:\Users\paras kamboj\.gradle\caches\journal-1)" [_thread_blocked, id=13004, stack(0x0000000151f00000,0x0000000152000000)]
  0x00000181b8bf3a00 JavaThread "File lock request listener" [_thread_in_native, id=13128, stack(0x0000000152000000,0x0000000152100000)]
  0x00000181b8bf1d20 JavaThread "Cache worker for file hash cache (C:\Users\paras kamboj\.gradle\caches\8.2\fileHashes)" [_thread_blocked, id=25644, stack(0x0000000152100000,0x0000000152200000)]
  0x00000181b8bf4870 JavaThread "File watcher server" daemon [_thread_in_native, id=10004, stack(0x0000000152300000,0x0000000152400000)]
  0x00000181b8bf1380 JavaThread "File watcher consumer" daemon [_thread_blocked, id=12856, stack(0x0000000152400000,0x0000000152500000)]
  0x00000181b8bf1850 JavaThread "Cache worker for checksums cache (D:\Git and Github\ProjectSynopisis\.gradle\8.2\checksums)" [_thread_blocked, id=3856, stack(0x0000000152500000,0x0000000152600000)]
  0x00000181b8bf3ed0 JavaThread "Cache worker for cache directory md-rule (C:\Users\paras kamboj\.gradle\caches\8.2\md-rule)" [_thread_blocked, id=23584, stack(0x0000000152600000,0x0000000152700000)]
  0x00000181b8bf21f0 JavaThread "Cache worker for file content cache (C:\Users\paras kamboj\.gradle\caches\8.2\fileContent)" [_thread_blocked, id=26208, stack(0x0000000152700000,0x0000000152800000)]
  0x00000181b8bf26c0 JavaThread "Cache worker for file hash cache (D:\Git and Github\ProjectSynopisis\.gradle\8.2\fileHashes)" [_thread_blocked, id=18084, stack(0x0000000152800000,0x0000000152900000)]
  0x00000181b8bf3060 JavaThread "Cache worker for cache directory md-supplier (C:\Users\paras kamboj\.gradle\caches\8.2\md-supplier)" [_thread_blocked, id=15048, stack(0x0000000152900000,0x0000000152a00000)]
  0x00000181ba33bf10 JavaThread "Cache worker for execution history cache (C:\Users\paras kamboj\.gradle\caches\8.2\executionHistory)" [_thread_blocked, id=2144, stack(0x0000000152200000,0x0000000152300000)]
  0x00000181ba33c3e0 JavaThread "jar transforms" [_thread_blocked, id=7080, stack(0x0000000152a00000,0x0000000152b00000)]
  0x00000181ba3415b0 JavaThread "jar transforms Thread 2" [_thread_blocked, id=18380, stack(0x0000000152b00000,0x0000000152c00000)]
  0x00000181ba33ea60 JavaThread "jar transforms Thread 3" [_thread_blocked, id=26220, stack(0x0000000152c00000,0x0000000152d00000)]
  0x00000181ba341f50 JavaThread "jar transforms Thread 4" [_thread_blocked, id=6012, stack(0x0000000152d00000,0x0000000152e00000)]
  0x00000181ba341a80 JavaThread "Cache worker for dependencies-accessors (D:\Git and Github\ProjectSynopisis\.gradle\8.2\dependencies-accessors)" [_thread_blocked, id=23012, stack(0x0000000152e00000,0x0000000152f00000)]
  0x00000181ba340c10 JavaThread "Cache worker for Build Output Cleanup Cache (D:\Git and Github\ProjectSynopisis\.gradle\buildOutputCleanup)" [_thread_blocked, id=21464, stack(0x0000000152f00000,0x0000000153000000)]
  0x00000181ba33e590 JavaThread "Unconstrained build operations" [_thread_blocked, id=11648, stack(0x0000000153000000,0x0000000153100000)]
  0x00000181ba33ef30 JavaThread "Unconstrained build operations Thread 2" [_thread_blocked, id=25796, stack(0x0000000153100000,0x0000000153200000)]
  0x00000181ba33cd80 JavaThread "Unconstrained build operations Thread 3" [_thread_blocked, id=10212, stack(0x0000000153200000,0x0000000153300000)]
  0x00000181ba33d720 JavaThread "build event listener" [_thread_blocked, id=6976, stack(0x0000000153300000,0x0000000153400000)]
  0x00000181ba340740 JavaThread "Memory manager" [_thread_blocked, id=25896, stack(0x0000000153400000,0x0000000153500000)]

Other Threads:
  0x00000181b29f9750 VMThread "VM Thread" [stack: 0x0000000150500000,0x0000000150600000] [id=26192]
  0x00000181994509f0 WatcherThread [stack: 0x0000000151100000,0x0000000151200000] [id=13072]
  0x00000181994ac010 GCTaskThread "GC Thread#0" [stack: 0x0000000150000000,0x0000000150100000] [id=9948]
  0x00000181b7357990 GCTaskThread "GC Thread#1" [stack: 0x0000000151200000,0x0000000151300000] [id=12608]
  0x00000181b7650c60 GCTaskThread "GC Thread#2" [stack: 0x0000000151300000,0x0000000151400000] [id=11728]
  0x00000181b7d02ef0 GCTaskThread "GC Thread#3" [stack: 0x0000000151400000,0x0000000151500000] [id=19936]
  0x00000181994bd760 ConcurrentGCThread "G1 Main Marker" [stack: 0x0000000150100000,0x0000000150200000] [id=4040]
  0x00000181994bf120 ConcurrentGCThread "G1 Conc#0" [stack: 0x0000000150200000,0x0000000150300000] [id=17412]
  0x00000181b2860090 ConcurrentGCThread "G1 Refine#0" [stack: 0x0000000150300000,0x0000000150400000] [id=16564]
  0x00000181b2860ab0 ConcurrentGCThread "G1 Service" [stack: 0x0000000150400000,0x0000000150500000] [id=22140]

Threads with active compile tasks:
C2 CompilerThread0    17946 6219       4       org.objectweb.asm.Frame::execute (2318 bytes)

VM state: not at safepoint (normal execution)

VM Mutex/Monitor currently owned by a thread: None

Heap address: 0x0000000080000000, size: 2048 MB, Compressed Oops mode: 32-bit

CDS archive(s) not mapped
Compressed class space mapped at: 0x0000000100000000-0x0000000140000000, reserved size: 1073741824
Narrow klass base: 0x0000000000000000, Narrow klass shift: 3, Narrow klass range: 0x140000000

GC Precious Log:
 CPUs: 4 total, 4 available
 Memory: 6086M
 Large Page Support: Disabled
 NUMA Support: Disabled
 Compressed Oops: Enabled (32-bit)
 Heap Region Size: 1M
 Heap Min Capacity: 8M
 Heap Initial Capacity: 96M
 Heap Max Capacity: 2G
 Pre-touch: Disabled
 Parallel Workers: 4
 Concurrent Workers: 1
 Concurrent Refinement Workers: 4
 Periodic GC: Disabled

Heap:
 garbage-first heap   total 99328K, used 67550K [0x0000000080000000, 0x0000000100000000)
  region size 1024K, 18 young (18432K), 2 survivors (2048K)
 Metaspace       used 62158K, committed 62720K, reserved 1114112K
  class space    used 8270K, committed 8512K, reserved 1048576K

Heap Regions: E=young(eden), S=young(survivor), O=old, HS=humongous(starts), HC=humongous(continues), CS=collection set, F=free, OA=open archive, CA=closed archive, TAMS=top-at-mark-start (previous, next)
|   0|0x0000000080000000, 0x0000000080100000, 0x0000000080100000|100%| O|  |TAMS 0x0000000080100000, 0x0000000080000000| Untracked 
|   1|0x0000000080100000, 0x0000000080200000, 0x0000000080200000|100%| O|  |TAMS 0x0000000080200000, 0x0000000080100000| Untracked 
|   2|0x0000000080200000, 0x0000000080300000, 0x0000000080300000|100%|HS|  |TAMS 0x0000000080300000, 0x0000000080200000| Complete 
|   3|0x0000000080300000, 0x0000000080400000, 0x0000000080400000|100%|HC|  |TAMS 0x0000000080400000, 0x0000000080300000| Complete 
|   4|0x0000000080400000, 0x0000000080500000, 0x0000000080500000|100%|HC|  |TAMS 0x0000000080500000, 0x0000000080400000| Complete 
|   5|0x0000000080500000, 0x0000000080600000, 0x0000000080600000|100%|HC|  |TAMS 0x0000000080600000, 0x0000000080500000| Complete 
|   6|0x0000000080600000, 0x0000000080700000, 0x0000000080700000|100%| O|  |TAMS 0x0000000080700000, 0x0000000080600000| Untracked 
|   7|0x0000000080700000, 0x0000000080800000, 0x0000000080800000|100%| O|  |TAMS 0x0000000080800000, 0x0000000080700000| Untracked 
|   8|0x0000000080800000, 0x0000000080900000, 0x0000000080900000|100%| O|  |TAMS 0x0000000080900000, 0x0000000080800000| Untracked 
|   9|0x0000000080900000, 0x0000000080a00000, 0x0000000080a00000|100%| O|  |TAMS 0x0000000080a00000, 0x0000000080900000| Untracked 
|  10|0x0000000080a00000, 0x0000000080b00000, 0x0000000080b00000|100%| O|  |TAMS 0x0000000080b00000, 0x0000000080a00000| Untracked 
|  11|0x0000000080b00000, 0x0000000080c00000, 0x0000000080c00000|100%| O|  |TAMS 0x0000000080c00000, 0x0000000080b00000| Untracked 
|  12|0x0000000080c00000, 0x0000000080d00000, 0x0000000080d00000|100%| O|  |TAMS 0x0000000080d00000, 0x0000000080c00000| Untracked 
|  13|0x0000000080d00000, 0x0000000080e00000, 0x0000000080e00000|100%| O|  |TAMS 0x0000000080e00000, 0x0000000080d00000| Untracked 
|  14|0x0000000080e00000, 0x0000000080f00000, 0x0000000080f00000|100%| O|  |TAMS 0x0000000080f00000, 0x0000000080e00000| Untracked 
|  15|0x0000000080f00000, 0x0000000081000000, 0x0000000081000000|100%| O|  |TAMS 0x0000000081000000, 0x0000000080f00000| Untracked 
|  16|0x0000000081000000, 0x0000000081100000, 0x0000000081100000|100%| O|  |TAMS 0x0000000081100000, 0x0000000081000000| Untracked 
|  17|0x0000000081100000, 0x0000000081200000, 0x0000000081200000|100%| O|  |TAMS 0x0000000081200000, 0x0000000081100000| Untracked 
|  18|0x0000000081200000, 0x0000000081300000, 0x0000000081300000|100%| O|  |TAMS 0x0000000081300000, 0x0000000081200000| Untracked 
|  19|0x0000000081300000, 0x0000000081400000, 0x0000000081400000|100%| O|  |TAMS 0x0000000081400000, 0x0000000081300000| Untracked 
|  20|0x0000000081400000, 0x0000000081500000, 0x0000000081500000|100%| O|  |TAMS 0x0000000081500000, 0x0000000081400000| Untracked 
|  21|0x0000000081500000, 0x0000000081600000, 0x0000000081600000|100%| O|  |TAMS 0x0000000081600000, 0x0000000081500000| Untracked 
|  22|0x0000000081600000, 0x0000000081700000, 0x0000000081700000|100%| O|  |TAMS 0x0000000081700000, 0x0000000081600000| Untracked 
|  23|0x0000000081700000, 0x0000000081800000, 0x0000000081800000|100%| O|  |TAMS 0x0000000081800000, 0x0000000081700000| Untracked 
|  24|0x0000000081800000, 0x0000000081900000, 0x0000000081900000|100%| O|  |TAMS 0x0000000081900000, 0x0000000081800000| Untracked 
|  25|0x0000000081900000, 0x0000000081a00000, 0x0000000081a00000|100%| O|  |TAMS 0x0000000081a00000, 0x0000000081900000| Untracked 
|  26|0x0000000081a00000, 0x0000000081b00000, 0x0000000081b00000|100%|HS|  |TAMS 0x0000000081b00000, 0x0000000081a00000| Complete 
|  27|0x0000000081b00000, 0x0000000081c00000, 0x0000000081c00000|100%|HS|  |TAMS 0x0000000081c00000, 0x0000000081b00000| Complete 
|  28|0x0000000081c00000, 0x0000000081d00000, 0x0000000081d00000|100%| O|  |TAMS 0x0000000081d00000, 0x0000000081c00000| Untracked 
|  29|0x0000000081d00000, 0x0000000081e00000, 0x0000000081e00000|100%| O|  |TAMS 0x0000000081e00000, 0x0000000081d00000| Untracked 
|  30|0x0000000081e00000, 0x0000000081f00000, 0x0000000081f00000|100%| O|  |TAMS 0x0000000081f00000, 0x0000000081e00000| Untracked 
|  31|0x0000000081f00000, 0x0000000082000000, 0x0000000082000000|100%| O|  |TAMS 0x0000000082000000, 0x0000000081f00000| Untracked 
|  32|0x0000000082000000, 0x0000000082100000, 0x0000000082100000|100%|HS|  |TAMS 0x0000000082100000, 0x0000000082000000| Complete 
|  33|0x0000000082100000, 0x0000000082200000, 0x0000000082200000|100%| O|  |TAMS 0x0000000082100000, 0x0000000082100000| Untracked 
|  34|0x0000000082200000, 0x0000000082300000, 0x0000000082300000|100%|HS|  |TAMS 0x0000000082300000, 0x0000000082200000| Complete 
|  35|0x0000000082300000, 0x0000000082400000, 0x0000000082400000|100%|HS|  |TAMS 0x0000000082400000, 0x0000000082300000| Complete 
|  36|0x0000000082400000, 0x0000000082500000, 0x0000000082500000|100%| O|  |TAMS 0x0000000082500000, 0x0000000082400000| Untracked 
|  37|0x0000000082500000, 0x0000000082600000, 0x0000000082600000|100%| O|  |TAMS 0x0000000082600000, 0x0000000082500000| Untracked 
|  38|0x0000000082600000, 0x0000000082700000, 0x0000000082700000|100%| O|  |TAMS 0x0000000082700000, 0x0000000082600000| Untracked 
|  39|0x0000000082700000, 0x0000000082800000, 0x0000000082800000|100%| O|  |TAMS 0x0000000082800000, 0x0000000082700000| Untracked 
|  40|0x0000000082800000, 0x0000000082900000, 0x0000000082900000|100%| O|  |TAMS 0x0000000082900000, 0x0000000082800000| Untracked 
|  41|0x0000000082900000, 0x0000000082a00000, 0x0000000082a00000|100%| O|  |TAMS 0x0000000082a00000, 0x0000000082900000| Untracked 
|  42|0x0000000082a00000, 0x0000000082b00000, 0x0000000082b00000|100%| O|  |TAMS 0x0000000082b00000, 0x0000000082a00000| Untracked 
|  43|0x0000000082b00000, 0x0000000082c00000, 0x0000000082c00000|100%| O|  |TAMS 0x0000000082b00000, 0x0000000082b00000| Untracked 
|  44|0x0000000082c00000, 0x0000000082d00000, 0x0000000082d00000|100%| O|  |TAMS 0x0000000082c00000, 0x0000000082c00000| Untracked 
|  45|0x0000000082d00000, 0x0000000082e00000, 0x0000000082e00000|100%| O|  |TAMS 0x0000000082d00000, 0x0000000082d00000| Untracked 
|  46|0x0000000082e00000, 0x0000000082f00000, 0x0000000082f00000|100%| O|  |TAMS 0x0000000082e00000, 0x0000000082e00000| Untracked 
|  47|0x0000000082f00000, 0x0000000082f67e00, 0x0000000083000000| 40%| O|  |TAMS 0x0000000082f00000, 0x0000000082f00000| Untracked 
|  48|0x0000000083000000, 0x0000000083100000, 0x0000000083100000|100%| O|  |TAMS 0x0000000083100000, 0x0000000083000000| Untracked 
|  49|0x0000000083100000, 0x0000000083100000, 0x0000000083200000|  0%| F|  |TAMS 0x0000000083100000, 0x0000000083100000| Untracked 
|  50|0x0000000083200000, 0x0000000083200000, 0x0000000083300000|  0%| F|  |TAMS 0x0000000083200000, 0x0000000083200000| Untracked 
|  51|0x0000000083300000, 0x0000000083300000, 0x0000000083400000|  0%| F|  |TAMS 0x0000000083300000, 0x0000000083300000| Untracked 
|  52|0x0000000083400000, 0x0000000083400000, 0x0000000083500000|  0%| F|  |TAMS 0x0000000083400000, 0x0000000083400000| Untracked 
|  53|0x0000000083500000, 0x0000000083500000, 0x0000000083600000|  0%| F|  |TAMS 0x0000000083500000, 0x0000000083500000| Untracked 
|  54|0x0000000083600000, 0x0000000083600000, 0x0000000083700000|  0%| F|  |TAMS 0x0000000083600000, 0x0000000083600000| Untracked 
|  55|0x0000000083700000, 0x0000000083700000, 0x0000000083800000|  0%| F|  |TAMS 0x0000000083700000, 0x0000000083700000| Untracked 
|  56|0x0000000083800000, 0x0000000083800000, 0x0000000083900000|  0%| F|  |TAMS 0x0000000083800000, 0x0000000083800000| Untracked 
|  57|0x0000000083900000, 0x0000000083900000, 0x0000000083a00000|  0%| F|  |TAMS 0x0000000083900000, 0x0000000083900000| Untracked 
|  58|0x0000000083a00000, 0x0000000083a00000, 0x0000000083b00000|  0%| F|  |TAMS 0x0000000083a00000, 0x0000000083a00000| Untracked 
|  59|0x0000000083b00000, 0x0000000083b00000, 0x0000000083c00000|  0%| F|  |TAMS 0x0000000083b00000, 0x0000000083b00000| Untracked 
|  60|0x0000000083c00000, 0x0000000083c00000, 0x0000000083d00000|  0%| F|  |TAMS 0x0000000083c00000, 0x0000000083c00000| Untracked 
|  61|0x0000000083d00000, 0x0000000083d00000, 0x0000000083e00000|  0%| F|  |TAMS 0x0000000083d00000, 0x0000000083d00000| Untracked 
|  62|0x0000000083e00000, 0x0000000083e00000, 0x0000000083f00000|  0%| F|  |TAMS 0x0000000083e00000, 0x0000000083e00000| Untracked 
|  63|0x0000000083f00000, 0x0000000083f00000, 0x0000000084000000|  0%| F|  |TAMS 0x0000000083f00000, 0x0000000083f00000| Untracked 
|  64|0x0000000084000000, 0x0000000084000000, 0x0000000084100000|  0%| F|  |TAMS 0x0000000084000000, 0x0000000084000000| Untracked 
|  65|0x0000000084100000, 0x0000000084100000, 0x0000000084200000|  0%| F|  |TAMS 0x0000000084100000, 0x0000000084100000| Untracked 
|  66|0x0000000084200000, 0x000000008428fa30, 0x0000000084300000| 56%| S|CS|TAMS 0x0000000084200000, 0x0000000084200000| Complete 
|  67|0x0000000084300000, 0x0000000084400000, 0x0000000084400000|100%| S|CS|TAMS 0x0000000084300000, 0x0000000084300000| Complete 
|  68|0x0000000084400000, 0x0000000084400000, 0x0000000084500000|  0%| F|  |TAMS 0x0000000084400000, 0x0000000084400000| Untracked 
|  69|0x0000000084500000, 0x0000000084500000, 0x0000000084600000|  0%| F|  |TAMS 0x0000000084500000, 0x0000000084500000| Untracked 
|  70|0x0000000084600000, 0x0000000084600000, 0x0000000084700000|  0%| F|  |TAMS 0x0000000084600000, 0x0000000084600000| Untracked 
|  71|0x0000000084700000, 0x0000000084700000, 0x0000000084800000|  0%| F|  |TAMS 0x0000000084700000, 0x0000000084700000| Untracked 
|  72|0x0000000084800000, 0x0000000084800000, 0x0000000084900000|  0%| F|  |TAMS 0x0000000084800000, 0x0000000084800000| Untracked 
|  73|0x0000000084900000, 0x0000000084900000, 0x0000000084a00000|  0%| F|  |TAMS 0x0000000084900000, 0x0000000084900000| Untracked 
|  74|0x0000000084a00000, 0x0000000084a00000, 0x0000000084b00000|  0%| F|  |TAMS 0x0000000084a00000, 0x0000000084a00000| Untracked 
|  75|0x0000000084b00000, 0x0000000084b00000, 0x0000000084c00000|  0%| F|  |TAMS 0x0000000084b00000, 0x0000000084b00000| Untracked 
|  76|0x0000000084c00000, 0x0000000084c00000, 0x0000000084d00000|  0%| F|  |TAMS 0x0000000084c00000, 0x0000000084c00000| Untracked 
|  77|0x0000000084d00000, 0x0000000084d00000, 0x0000000084e00000|  0%| F|  |TAMS 0x0000000084d00000, 0x0000000084d00000| Untracked 
|  78|0x0000000084e00000, 0x0000000084e00000, 0x0000000084f00000|  0%| F|  |TAMS 0x0000000084e00000, 0x0000000084e00000| Untracked 
|  79|0x0000000084f00000, 0x0000000084f00000, 0x0000000085000000|  0%| F|  |TAMS 0x0000000084f00000, 0x0000000084f00000| Untracked 
|  80|0x0000000085000000, 0x0000000085100000, 0x0000000085100000|100%| E|  |TAMS 0x0000000085000000, 0x0000000085000000| Complete 
|  81|0x0000000085100000, 0x0000000085200000, 0x0000000085200000|100%| E|CS|TAMS 0x0000000085100000, 0x0000000085100000| Complete 
|  82|0x0000000085200000, 0x0000000085300000, 0x0000000085300000|100%| E|CS|TAMS 0x0000000085200000, 0x0000000085200000| Complete 
|  83|0x0000000085300000, 0x0000000085400000, 0x0000000085400000|100%| E|CS|TAMS 0x0000000085300000, 0x0000000085300000| Complete 
|  84|0x0000000085400000, 0x0000000085500000, 0x0000000085500000|100%| E|CS|TAMS 0x0000000085400000, 0x0000000085400000| Complete 
|  85|0x0000000085500000, 0x0000000085600000, 0x0000000085600000|100%| E|CS|TAMS 0x0000000085500000, 0x0000000085500000| Complete 
|  86|0x0000000085600000, 0x0000000085700000, 0x0000000085700000|100%| E|CS|TAMS 0x0000000085600000, 0x0000000085600000| Complete 
|  87|0x0000000085700000, 0x0000000085800000, 0x0000000085800000|100%| E|CS|TAMS 0x0000000085700000, 0x0000000085700000| Complete 
|  88|0x0000000085800000, 0x0000000085900000, 0x0000000085900000|100%| E|CS|TAMS 0x0000000085800000, 0x0000000085800000| Complete 
|  89|0x0000000085900000, 0x0000000085a00000, 0x0000000085a00000|100%| E|CS|TAMS 0x0000000085900000, 0x0000000085900000| Complete 
|  90|0x0000000085a00000, 0x0000000085b00000, 0x0000000085b00000|100%| E|CS|TAMS 0x0000000085a00000, 0x0000000085a00000| Complete 
|  91|0x0000000085b00000, 0x0000000085c00000, 0x0000000085c00000|100%| E|CS|TAMS 0x0000000085b00000, 0x0000000085b00000| Complete 
|  92|0x0000000085c00000, 0x0000000085d00000, 0x0000000085d00000|100%| E|CS|TAMS 0x0000000085c00000, 0x0000000085c00000| Complete 
|  93|0x0000000085d00000, 0x0000000085e00000, 0x0000000085e00000|100%| E|CS|TAMS 0x0000000085d00000, 0x0000000085d00000| Complete 
|  94|0x0000000085e00000, 0x0000000085f00000, 0x0000000085f00000|100%| E|CS|TAMS 0x0000000085e00000, 0x0000000085e00000| Complete 
|  95|0x0000000085f00000, 0x0000000086000000, 0x0000000086000000|100%| E|CS|TAMS 0x0000000085f00000, 0x0000000085f00000| Complete 
|2047|0x00000000fff00000, 0x0000000100000000, 0x0000000100000000|100%| O|  |TAMS 0x00000000fff1d000, 0x00000000fff00000| Untracked 

Card table byte_map: [0x00000181abd20000,0x00000181ac120000] _byte_map_base: 0x00000181ab920000

Marking Bits (Prev, Next): (CMBitMap*) 0x00000181994ac660, (CMBitMap*) 0x00000181994ac620
 Prev Bits: [0x00000181ae520000, 0x00000181b0520000)
 Next Bits: [0x00000181ac520000, 0x00000181ae520000)

Polling page: 0x00000181975d0000

Metaspace:

Usage:
  Non-class:     52.65 MB used.
      Class:      8.08 MB used.
       Both:     60.73 MB used.

Virtual space:
  Non-class space:       64.00 MB reserved,      53.00 MB ( 83%) committed,  1 nodes.
      Class space:        1.00 GB reserved,       8.31 MB ( <1%) committed,  1 nodes.
             Both:        1.06 GB reserved,      61.31 MB (  6%) committed. 

Chunk freelists:
   Non-Class:  10.55 MB
       Class:  7.54 MB
        Both:  18.09 MB

MaxMetaspaceSize: unlimited
CompressedClassSpaceSize: 1.00 GB
Initial GC threshold: 21.00 MB
Current GC threshold: 93.56 MB
CDS: off
MetaspaceReclaimPolicy: balanced
 - commit_granule_bytes: 65536.
 - commit_granule_words: 8192.
 - virtual_space_node_default_size: 8388608.
 - enlarge_chunks_in_place: 1.
 - new_chunks_are_fully_committed: 0.
 - uncommit_free_chunks: 1.
 - use_allocation_guard: 0.
 - handle_deallocations: 1.


Internal statistics:

num_allocs_failed_limit: 6.
num_arena_births: 602.
num_arena_deaths: 0.
num_vsnodes_births: 2.
num_vsnodes_deaths: 0.
num_space_committed: 981.
num_space_uncommitted: 0.
num_chunks_returned_to_freelist: 6.
num_chunks_taken_from_freelist: 2653.
num_chunk_merges: 6.
num_chunk_splits: 1777.
num_chunks_enlarged: 1194.
num_inconsistent_stats: 0.

CodeHeap 'non-profiled nmethods': size=120000Kb used=3065Kb max_used=3065Kb free=116934Kb
 bounds [0x00000181a43f0000, 0x00000181a46f0000, 0x00000181ab920000]
CodeHeap 'profiled nmethods': size=120000Kb used=12431Kb max_used=12431Kb free=107568Kb
 bounds [0x000001819c920000, 0x000001819d550000, 0x00000181a3e50000]
CodeHeap 'non-nmethods': size=5760Kb used=2342Kb max_used=2363Kb free=3417Kb
 bounds [0x00000181a3e50000, 0x00000181a40c0000, 0x00000181a43f0000]
 total_blobs=7133 nmethods=6269 adapters=776
 compilation: enabled
              stopped_count=0, restarted_count=0
 full_count=0

Compilation events (20 events):
Event: 17.883 Thread 0x00000181b7029700 nmethod 6316 0x000001819d536710 code [0x000001819d5368c0, 0x000001819d536bb8]
Event: 17.883 Thread 0x00000181b7029700 6317       3       java.util.TreeMap::keySet (5 bytes)
Event: 17.883 Thread 0x00000181b7029700 nmethod 6317 0x000001819d536d10 code [0x000001819d536ec0, 0x000001819d537008]
Event: 17.886 Thread 0x00000181b7029700 6318       3       javax.management.ImmutableDescriptor::<init> (195 bytes)
Event: 17.888 Thread 0x00000181b7029700 nmethod 6318 0x000001819d537090 code [0x000001819d537400, 0x000001819d538ce8]
Event: 17.889 Thread 0x00000181b7029700 6319       3       java.util.TreeMap$KeySet::size (10 bytes)
Event: 17.889 Thread 0x00000181b7029700 nmethod 6319 0x000001819d539410 code [0x000001819d5395c0, 0x000001819d539788]
Event: 17.889 Thread 0x00000181b7029700 6320       1       com.sun.management.internal.DiagnosticCommandArgumentInfo::getName (5 bytes)
Event: 17.889 Thread 0x00000181b7029700 nmethod 6320 0x00000181a46ede90 code [0x00000181a46ee020, 0x00000181a46ee0f8]
Event: 17.889 Thread 0x00000181b7029700 6321       1       com.sun.management.internal.DiagnosticCommandInfo::getArgumentsInfo (5 bytes)
Event: 17.889 Thread 0x00000181b7029700 nmethod 6321 0x00000181a46ee190 code [0x00000181a46ee320, 0x00000181a46ee3f8]
Event: 17.889 Thread 0x00000181b7029700 6322       3       java.lang.Class::getConstructor0 (83 bytes)
Event: 17.890 Thread 0x00000181b7029700 nmethod 6322 0x000001819d539890 code [0x000001819d539b00, 0x000001819d53a558]
Event: 17.893 Thread 0x00000181b7029700 6323       3       java.util.IdentityHashMap::containsKey (55 bytes)
Event: 17.893 Thread 0x00000181b7029700 nmethod 6323 0x000001819d53aa10 code [0x000001819d53abe0, 0x000001819d53b048]
Event: 17.894 Thread 0x00000181b7029700 6324       3       java.util.TreeMap::entrySet (27 bytes)
Event: 17.894 Thread 0x00000181b7029700 nmethod 6324 0x000001819d53b290 code [0x000001819d53b460, 0x000001819d53b858]
Event: 17.894 Thread 0x00000181b7029700 6325       3       java.util.TreeMap$EntrySet::<init> (10 bytes)
Event: 17.894 Thread 0x00000181b7029700 nmethod 6325 0x000001819d53b990 code [0x000001819d53bb40, 0x000001819d53bdb8]
Event: 17.896 Thread 0x00000181b7029700 6326  s!   3       com.sun.jmx.mbeanserver.DefaultMXBeanMappingFactory::mappingForType (110 bytes)

GC Heap History (20 events):
Event: 8.363 GC heap before
{Heap before GC invocations=7 (full 0):
 garbage-first heap   total 68608K, used 50381K [0x0000000080000000, 0x0000000100000000)
  region size 1024K, 30 young (30720K), 1 survivors (1024K)
 Metaspace       used 30073K, committed 30400K, reserved 1114112K
  class space    used 4061K, committed 4224K, reserved 1048576K
}
Event: 8.368 GC heap after
{Heap after GC invocations=8 (full 0):
 garbage-first heap   total 68608K, used 21894K [0x0000000080000000, 0x0000000100000000)
  region size 1024K, 2 young (2048K), 2 survivors (2048K)
 Metaspace       used 30073K, committed 30400K, reserved 1114112K
  class space    used 4061K, committed 4224K, reserved 1048576K
}
Event: 9.251 GC heap before
{Heap before GC invocations=8 (full 0):
 garbage-first heap   total 68608K, used 51590K [0x0000000080000000, 0x0000000100000000)
  region size 1024K, 31 young (31744K), 2 survivors (2048K)
 Metaspace       used 34219K, committed 34496K, reserved 1114112K
  class space    used 4701K, committed 4800K, reserved 1048576K
}
Event: 9.257 GC heap after
{Heap after GC invocations=9 (full 0):
 garbage-first heap   total 68608K, used 23039K [0x0000000080000000, 0x0000000100000000)
  region size 1024K, 3 young (3072K), 3 survivors (3072K)
 Metaspace       used 34219K, committed 34496K, reserved 1114112K
  class space    used 4701K, committed 4800K, reserved 1048576K
}
Event: 9.586 GC heap before
{Heap before GC invocations=9 (full 0):
 garbage-first heap   total 68608K, used 31231K [0x0000000080000000, 0x0000000100000000)
  region size 1024K, 12 young (12288K), 3 survivors (3072K)
 Metaspace       used 35642K, committed 35968K, reserved 1114112K
  class space    used 4940K, committed 5120K, reserved 1048576K
}
Event: 9.597 GC heap after
{Heap after GC invocations=10 (full 0):
 garbage-first heap   total 68608K, used 23885K [0x0000000080000000, 0x0000000100000000)
  region size 1024K, 3 young (3072K), 3 survivors (3072K)
 Metaspace       used 35642K, committed 35968K, reserved 1114112K
  class space    used 4940K, committed 5120K, reserved 1048576K
}
Event: 10.693 GC heap before
{Heap before GC invocations=11 (full 0):
 garbage-first heap   total 68608K, used 51533K [0x0000000080000000, 0x0000000100000000)
  region size 1024K, 31 young (31744K), 3 survivors (3072K)
 Metaspace       used 41139K, committed 41472K, reserved 1114112K
  class space    used 5469K, committed 5632K, reserved 1048576K
}
Event: 10.705 GC heap after
{Heap after GC invocations=12 (full 0):
 garbage-first heap   total 68608K, used 27467K [0x0000000080000000, 0x0000000100000000)
  region size 1024K, 4 young (4096K), 4 survivors (4096K)
 Metaspace       used 41139K, committed 41472K, reserved 1114112K
  class space    used 5469K, committed 5632K, reserved 1048576K
}
Event: 11.288 GC heap before
{Heap before GC invocations=12 (full 0):
 garbage-first heap   total 68608K, used 57163K [0x0000000080000000, 0x0000000100000000)
  region size 1024K, 29 young (29696K), 4 survivors (4096K)
 Metaspace       used 43321K, committed 43712K, reserved 1114112K
  class space    used 5680K, committed 5824K, reserved 1048576K
}
Event: 11.306 GC heap after
{Heap after GC invocations=13 (full 0):
 garbage-first heap   total 98304K, used 30995K [0x0000000080000000, 0x0000000100000000)
  region size 1024K, 4 young (4096K), 4 survivors (4096K)
 Metaspace       used 43321K, committed 43712K, reserved 1114112K
  class space    used 5680K, committed 5824K, reserved 1048576K
}
Event: 12.613 GC heap before
{Heap before GC invocations=13 (full 0):
 garbage-first heap   total 98304K, used 75027K [0x0000000080000000, 0x0000000100000000)
  region size 1024K, 46 young (47104K), 4 survivors (4096K)
 Metaspace       used 47992K, committed 48384K, reserved 1114112K
  class space    used 6326K, committed 6528K, reserved 1048576K
}
Event: 12.623 GC heap after
{Heap after GC invocations=14 (full 0):
 garbage-first heap   total 98304K, used 33596K [0x0000000080000000, 0x0000000100000000)
  region size 1024K, 6 young (6144K), 6 survivors (6144K)
 Metaspace       used 47992K, committed 48384K, reserved 1114112K
  class space    used 6326K, committed 6528K, reserved 1048576K
}
Event: 14.291 GC heap before
{Heap before GC invocations=14 (full 0):
 garbage-first heap   total 98304K, used 75580K [0x0000000080000000, 0x0000000100000000)
  region size 1024K, 47 young (48128K), 6 survivors (6144K)
 Metaspace       used 52096K, committed 52544K, reserved 1114112K
  class space    used 6920K, committed 7104K, reserved 1048576K
}
Event: 14.308 GC heap after
{Heap after GC invocations=15 (full 0):
 garbage-first heap   total 98304K, used 36595K [0x0000000080000000, 0x0000000100000000)
  region size 1024K, 6 young (6144K), 6 survivors (6144K)
 Metaspace       used 52096K, committed 52544K, reserved 1114112K
  class space    used 6920K, committed 7104K, reserved 1048576K
}
Event: 15.783 GC heap before
{Heap before GC invocations=15 (full 0):
 garbage-first heap   total 98304K, used 82675K [0x0000000080000000, 0x0000000100000000)
  region size 1024K, 46 young (47104K), 6 survivors (6144K)
 Metaspace       used 54059K, committed 54528K, reserved 1114112K
  class space    used 7162K, committed 7360K, reserved 1048576K
}
Event: 15.799 GC heap after
{Heap after GC invocations=16 (full 0):
 garbage-first heap   total 99328K, used 50292K [0x0000000080000000, 0x0000000100000000)
  region size 1024K, 6 young (6144K), 6 survivors (6144K)
 Metaspace       used 54059K, committed 54528K, reserved 1114112K
  class space    used 7162K, committed 7360K, reserved 1048576K
}
Event: 16.580 GC heap before
{Heap before GC invocations=16 (full 0):
 garbage-first heap   total 99328K, used 76916K [0x0000000080000000, 0x0000000100000000)
  region size 1024K, 32 young (32768K), 6 survivors (6144K)
 Metaspace       used 56674K, committed 57152K, reserved 1114112K
  class space    used 7546K, committed 7744K, reserved 1048576K
}
Event: 16.588 GC heap after
{Heap after GC invocations=17 (full 0):
 garbage-first heap   total 99328K, used 51803K [0x0000000080000000, 0x0000000100000000)
  region size 1024K, 2 young (2048K), 2 survivors (2048K)
 Metaspace       used 56674K, committed 57152K, reserved 1114112K
  class space    used 7546K, committed 7744K, reserved 1048576K
}
Event: 17.358 GC heap before
{Heap before GC invocations=18 (full 0):
 garbage-first heap   total 99328K, used 77403K [0x0000000080000000, 0x0000000100000000)
  region size 1024K, 28 young (28672K), 2 survivors (2048K)
 Metaspace       used 59702K, committed 60160K, reserved 1114112K
  class space    used 7908K, committed 8128K, reserved 1048576K
}
Event: 17.365 GC heap after
{Heap after GC invocations=19 (full 0):
 garbage-first heap   total 99328K, used 52190K [0x0000000080000000, 0x0000000100000000)
  region size 1024K, 2 young (2048K), 2 survivors (2048K)
 Metaspace       used 59702K, committed 60160K, reserved 1114112K
  class space    used 7908K, committed 8128K, reserved 1048576K
}

Dll operation events (3 events):
Event: 0.020 Loaded shared library C:\Program Files\Android\Android Studio1\jbr\bin\java.dll
Event: 0.245 Loaded shared library C:\Program Files\Android\Android Studio1\jbr\bin\zip.dll
Event: 0.921 Loaded shared library C:\Program Files\Android\Android Studio1\jbr\bin\verify.dll

Deoptimization events (20 events):
Event: 17.205 Thread 0x00000181b88bc930 DEOPT PACKING pc=0x000001819cce0b1b sp=0x0000000151bf6d80
Event: 17.205 Thread 0x00000181b88bc930 DEOPT UNPACKING pc=0x00000181a3ea7143 sp=0x0000000151bf61f0 mode 0
Event: 17.477 Thread 0x00000181b88bc930 Uncommon trap: trap_request=0xffffffde fr.pc=0x00000181a46d21bc relative=0x000000000000003c
Event: 17.477 Thread 0x00000181b88bc930 Uncommon trap: reason=class_check action=maybe_recompile pc=0x00000181a46d21bc method=java.lang.StringConcatHelper.stringOf(Ljava/lang/Object;)Ljava/lang/String; @ 5 c2
Event: 17.477 Thread 0x00000181b88bc930 DEOPT PACKING pc=0x00000181a46d21bc sp=0x0000000151bf7c30
Event: 17.477 Thread 0x00000181b88bc930 DEOPT UNPACKING pc=0x00000181a3ea69a3 sp=0x0000000151bf7bc0 mode 2
Event: 17.477 Thread 0x00000181b88bc930 Uncommon trap: trap_request=0xffffffde fr.pc=0x00000181a46d21bc relative=0x000000000000003c
Event: 17.477 Thread 0x00000181b88bc930 Uncommon trap: reason=class_check action=maybe_recompile pc=0x00000181a46d21bc method=java.lang.StringConcatHelper.stringOf(Ljava/lang/Object;)Ljava/lang/String; @ 5 c2
Event: 17.477 Thread 0x00000181b88bc930 DEOPT PACKING pc=0x00000181a46d21bc sp=0x0000000151bf7c30
Event: 17.477 Thread 0x00000181b88bc930 DEOPT UNPACKING pc=0x00000181a3ea69a3 sp=0x0000000151bf7bc0 mode 2
Event: 17.477 Thread 0x00000181b88bc930 Uncommon trap: trap_request=0xffffffde fr.pc=0x00000181a46d21bc relative=0x000000000000003c
Event: 17.477 Thread 0x00000181b88bc930 Uncommon trap: reason=class_check action=maybe_recompile pc=0x00000181a46d21bc method=java.lang.StringConcatHelper.stringOf(Ljava/lang/Object;)Ljava/lang/String; @ 5 c2
Event: 17.477 Thread 0x00000181b88bc930 DEOPT PACKING pc=0x00000181a46d21bc sp=0x0000000151bf7c30
Event: 17.477 Thread 0x00000181b88bc930 DEOPT UNPACKING pc=0x00000181a3ea69a3 sp=0x0000000151bf7bc0 mode 2
Event: 17.477 Thread 0x00000181b88bc930 Uncommon trap: trap_request=0xffffffde fr.pc=0x00000181a46d21bc relative=0x000000000000003c
Event: 17.477 Thread 0x00000181b88bc930 Uncommon trap: reason=class_check action=maybe_recompile pc=0x00000181a46d21bc method=java.lang.StringConcatHelper.stringOf(Ljava/lang/Object;)Ljava/lang/String; @ 5 c2
Event: 17.477 Thread 0x00000181b88bc930 DEOPT PACKING pc=0x00000181a46d21bc sp=0x0000000151bf7c30
Event: 17.477 Thread 0x00000181b88bc930 DEOPT UNPACKING pc=0x00000181a3ea69a3 sp=0x0000000151bf7bc0 mode 2
Event: 17.553 Thread 0x00000181b88bc930 DEOPT PACKING pc=0x000001819c9c3713 sp=0x0000000151bf4f90
Event: 17.553 Thread 0x00000181b88bc930 DEOPT UNPACKING pc=0x00000181a3ea7143 sp=0x0000000151bf44c8 mode 0

Classes unloaded (0 events):
No events

Classes redefined (0 events):
No events

Internal exceptions (20 events):
Event: 13.650 Thread 0x00000181b88bc930 Exception <a 'java/lang/NoSuchMethodError'{0x0000000083f40f50}: 'java.lang.Object java.lang.invoke.DirectMethodHandle$Holder.invokeStatic(java.lang.Object, java.lang.Object, java.lang.Object, java.lang.Object, java.lang.Object, java.lang.Object, java.lang.Object, java.lang.Object, java.lang.Object, java.lang.Object, java.lang.Object, java.lang.Object, java.lang.Object, java.lang.Object, java.lang.Object, java.lang.Object, java.lang.Object, java.lang.Object, java.lang.Object, java.lang.Object, java.lang.Obj
Event: 14.997 Thread 0x00000181b88bc930 Exception <a 'java/lang/NoSuchMethodError'{0x0000000084f6dd18}: 'long java.lang.invoke.DirectMethodHandle$Holder.invokeVirtual(java.lang.Object, java.lang.Object)'> (0x0000000084f6dd18) 
thrown [s\src\hotspot\share\interpreter\linkResolver.cpp, line 771]
Event: 15.016 Thread 0x00000181b8bf43a0 Exception <a 'java/lang/NoSuchMethodError'{0x0000000084e0bb00}: static Lorg/gradle/internal/build/event/types/DefaultOperationFinishedProgressEvent;.<clinit>()V> (0x0000000084e0bb00) 
thrown [s\src\hotspot\share\prims\jni.cpp, line 1108]
Event: 15.022 Thread 0x00000181b8bf43a0 Exception <a 'java/lang/NoSuchMethodError'{0x0000000084e30c80}: static Lorg/gradle/internal/build/event/types/DefaultProjectConfigurationSuccessResult;.<clinit>()V> (0x0000000084e30c80) 
thrown [s\src\hotspot\share\prims\jni.cpp, line 1108]
Event: 15.023 Thread 0x00000181b8bf43a0 Exception <a 'java/lang/NoSuchMethodError'{0x0000000084e31d38}: static Lorg/gradle/internal/build/event/types/AbstractProjectConfigurationResult;.<clinit>()V> (0x0000000084e31d38) 
thrown [s\src\hotspot\share\prims\jni.cpp, line 1108]
Event: 15.023 Thread 0x00000181b8bf43a0 Exception <a 'java/lang/NoSuchMethodError'{0x0000000084e33240}: static Lorg/gradle/internal/build/event/types/AbstractOperationResult;.<clinit>()V> (0x0000000084e33240) 
thrown [s\src\hotspot\share\prims\jni.cpp, line 1108]
Event: 15.023 Thread 0x00000181b8bf43a0 Exception <a 'java/lang/NoSuchMethodError'{0x0000000084e34470}: static Lorg/gradle/internal/build/event/types/AbstractResult;.<clinit>()V> (0x0000000084e34470) 
thrown [s\src\hotspot\share\prims\jni.cpp, line 1108]
Event: 15.030 Thread 0x00000181b8bf43a0 Exception <a 'java/lang/NoSuchMethodError'{0x0000000084e49bb8}: static Lorg/gradle/internal/build/event/types/DefaultPluginApplicationResult;.<clinit>()V> (0x0000000084e49bb8) 
thrown [s\src\hotspot\share\prims\jni.cpp, line 1108]
Event: 15.033 Thread 0x00000181b8bf43a0 Exception <a 'java/lang/NoSuchMethodError'{0x0000000084e54cf0}: static Lorg/gradle/internal/build/event/types/DefaultBinaryPluginIdentifier;.<clinit>()V> (0x0000000084e54cf0) 
thrown [s\src\hotspot\share\prims\jni.cpp, line 1108]
Event: 15.038 Thread 0x00000181b8bf43a0 Exception <a 'java/lang/NoSuchMethodError'{0x0000000084ea0f80}: static Lorg/gradle/internal/build/event/types/DefaultScriptPluginIdentifier;.<clinit>()V> (0x0000000084ea0f80) 
thrown [s\src\hotspot\share\prims\jni.cpp, line 1108]
Event: 15.059 Thread 0x00000181b88bc930 Exception <a 'java/lang/ClassNotFoundException'{0x0000000084ee1a48}: build_bii92z0mriow8ss6mlyfyb6bxBeanInfo> (0x0000000084ee1a48) 
thrown [s\src\hotspot\share\classfile\systemDictionary.cpp, line 256]
Event: 15.059 Thread 0x00000181b88bc930 Exception <a 'java/lang/ClassNotFoundException'{0x0000000084ee8488}: build_bii92z0mriow8ss6mlyfyb6bxCustomizer> (0x0000000084ee8488) 
thrown [s\src\hotspot\share\classfile\systemDictionary.cpp, line 256]
Event: 15.470 Thread 0x00000181b88bc930 Exception <a 'java/lang/ClassNotFoundException'{0x000000008457c3c8}: sun/misc/SharedSecrets> (0x000000008457c3c8) 
thrown [s\src\hotspot\share\classfile\systemDictionary.cpp, line 256]
Event: 15.470 Thread 0x00000181b88bc930 Exception <a 'java/lang/ClassNotFoundException'{0x000000008457d6f8}: org/gradle/api/internal/plugins/DefaultObjectConfigurationActionBeanInfo> (0x000000008457d6f8) 
thrown [s\src\hotspot\share\classfile\systemDictionary.cpp, line 256]
Event: 15.471 Thread 0x00000181b88bc930 Exception <a 'java/lang/ClassNotFoundException'{0x00000000845903b8}: org/gradle/api/internal/plugins/DefaultObjectConfigurationActionCustomizer> (0x00000000845903b8) 
thrown [s\src\hotspot\share\classfile\systemDictionary.cpp, line 256]
Event: 16.016 Thread 0x00000181b88bc930 Exception <a 'java/lang/NoSuchMethodError'{0x0000000085971dc8}: 'java.lang.Object java.lang.invoke.DirectMethodHandle$Holder.newInvokeSpecial(java.lang.Object, java.lang.Object, java.lang.Object, java.lang.Object, int)'> (0x0000000085971dc8) 
thrown [s\src\hotspot\share\interpreter\linkResolver.cpp, line 771]
Event: 16.017 Thread 0x00000181b88bc930 Exception <a 'java/lang/NoSuchMethodError'{0x0000000085976f68}: 'java.lang.Object java.lang.invoke.DirectMethodHandle$Holder.invokeSpecial(java.lang.Object, java.lang.Object, java.lang.Object, java.lang.Object, java.lang.Object, int)'> (0x0000000085976f68) 
thrown [s\src\hotspot\share\interpreter\linkResolver.cpp, line 771]
Event: 16.018 Thread 0x00000181b88bc930 Exception <a 'java/lang/NoSuchMethodError'{0x000000008597bc80}: 'java.lang.Object java.lang.invoke.Invokers$Holder.linkToTargetMethod(java.lang.Object, java.lang.Object, java.lang.Object, int, java.lang.Object)'> (0x000000008597bc80) 
thrown [s\src\hotspot\share\interpreter\linkResolver.cpp, line 771]
Event: 16.541 Thread 0x00000181b88bc930 Exception <a 'java/lang/NoSuchMethodError'{0x00000000847aafd0}: 'int java.lang.invoke.DirectMethodHandle$Holder.invokeInterface(java.lang.Object, java.lang.Object, java.lang.Object, java.lang.Object)'> (0x00000000847aafd0) 
thrown [s\src\hotspot\share\interpreter\linkResolver.cpp, line 771]
Event: 17.821 Thread 0x00000181b88bc930 Exception <a 'java/lang/IncompatibleClassChangeError'{0x00000000853e41c0}: Found class java.lang.Object, but interface was expected> (0x00000000853e41c0) 
thrown [s\src\hotspot\share\interpreter\linkResolver.cpp, line 838]

VM Operations (20 events):
Event: 15.006 Executing VM operation: HandshakeAllThreads
Event: 15.006 Executing VM operation: HandshakeAllThreads done
Event: 15.061 Executing VM operation: HandshakeAllThreads
Event: 15.061 Executing VM operation: HandshakeAllThreads done
Event: 15.062 Executing VM operation: ICBufferFull
Event: 15.063 Executing VM operation: ICBufferFull done
Event: 15.783 Executing VM operation: G1CollectForAllocation
Event: 15.799 Executing VM operation: G1CollectForAllocation done
Event: 16.525 Executing VM operation: HandshakeAllThreads
Event: 16.525 Executing VM operation: HandshakeAllThreads done
Event: 16.540 Executing VM operation: HandshakeAllThreads
Event: 16.540 Executing VM operation: HandshakeAllThreads done
Event: 16.580 Executing VM operation: G1CollectForAllocation
Event: 16.588 Executing VM operation: G1CollectForAllocation done
Event: 16.694 Executing VM operation: G1Concurrent
Event: 16.703 Executing VM operation: G1Concurrent done
Event: 16.755 Executing VM operation: G1Concurrent
Event: 16.756 Executing VM operation: G1Concurrent done
Event: 17.358 Executing VM operation: G1CollectForAllocation
Event: 17.365 Executing VM operation: G1CollectForAllocation done

Events (20 events):
Event: 17.877 loading class jdk/jfr/internal/dcmd/DCmdCheck
Event: 17.878 loading class jdk/jfr/internal/dcmd/DCmdCheck done
Event: 17.879 loading class com/sun/management/internal/DiagnosticCommandImpl$Wrapper
Event: 17.879 loading class com/sun/management/internal/DiagnosticCommandImpl$Wrapper done
Event: 17.880 loading class java/lang/StringLatin1$LinesSpliterator
Event: 17.881 loading class java/lang/StringLatin1$LinesSpliterator done
Event: 17.890 loading class java/util/PropertyPermission
Event: 17.890 loading class java/util/PropertyPermission done
Event: 17.892 loading class com/sun/management/GcInfo
Event: 17.892 loading class javax/management/openmbean/CompositeDataView
Event: 17.892 loading class javax/management/openmbean/CompositeDataView done
Event: 17.892 loading class com/sun/management/GcInfo done
Event: 17.894 loading class com/sun/management/internal/HotSpotDiagnostic
Event: 17.895 loading class com/sun/management/HotSpotDiagnosticMXBean
Event: 17.895 loading class com/sun/management/HotSpotDiagnosticMXBean done
Event: 17.895 loading class com/sun/management/internal/HotSpotDiagnostic done
Event: 17.895 loading class com/sun/management/VMOption
Event: 17.896 loading class com/sun/management/VMOption done
Event: 17.896 loading class com/sun/management/VMOption$Origin
Event: 17.896 loading class com/sun/management/VMOption$Origin done


Dynamic libraries:
0x00007ff6af020000 - 0x00007ff6af02a000 	C:\Program Files\Android\Android Studio1\jbr\bin\java.exe
0x00007ff968af0000 - 0x00007ff968d07000 	C:\WINDOWS\SYSTEM32\ntdll.dll
0x00007ff967880000 - 0x00007ff967944000 	C:\WINDOWS\System32\KERNEL32.DLL
0x00007ff965e30000 - 0x00007ff9661d6000 	C:\WINDOWS\System32\KERNELBASE.dll
0x00007ff966720000 - 0x00007ff966831000 	C:\WINDOWS\System32\ucrtbase.dll
0x00007ff956020000 - 0x00007ff956037000 	C:\Program Files\Android\Android Studio1\jbr\bin\jli.dll
0x00007ff968900000 - 0x00007ff968aae000 	C:\WINDOWS\System32\USER32.dll
0x00007ff9567a0000 - 0x00007ff9567bb000 	C:\Program Files\Android\Android Studio1\jbr\bin\VCRUNTIME140.dll
0x00007ff9663d0000 - 0x00007ff9663f6000 	C:\WINDOWS\System32\win32u.dll
0x00007ff950d40000 - 0x00007ff950fd3000 	C:\WINDOWS\WinSxS\amd64_microsoft.windows.common-controls_6595b64144ccf1df_6.0.22621.2506_none_270c5ae97388e100\COMCTL32.dll
0x00007ff967bc0000 - 0x00007ff967be9000 	C:\WINDOWS\System32\GDI32.dll
0x00007ff9673e0000 - 0x00007ff967487000 	C:\WINDOWS\System32\msvcrt.dll
0x00007ff966600000 - 0x00007ff966718000 	C:\WINDOWS\System32\gdi32full.dll
0x00007ff966430000 - 0x00007ff9664ca000 	C:\WINDOWS\System32\msvcp_win.dll
0x00007ff9677d0000 - 0x00007ff967801000 	C:\WINDOWS\System32\IMM32.DLL
0x00007ff95ef50000 - 0x00007ff95ef5c000 	C:\Program Files\Android\Android Studio1\jbr\bin\vcruntime140_1.dll
0x00007ff920b00000 - 0x00007ff920b8d000 	C:\Program Files\Android\Android Studio1\jbr\bin\msvcp140.dll
0x00007ff913a30000 - 0x00007ff9146b0000 	C:\Program Files\Android\Android Studio1\jbr\bin\server\jvm.dll
0x00007ff968550000 - 0x00007ff968603000 	C:\WINDOWS\System32\ADVAPI32.dll
0x00007ff967950000 - 0x00007ff9679f8000 	C:\WINDOWS\System32\sechost.dll
0x00007ff966400000 - 0x00007ff966428000 	C:\WINDOWS\System32\bcrypt.dll
0x00007ff9687e0000 - 0x00007ff9688f7000 	C:\WINDOWS\System32\RPCRT4.dll
0x00007ff95ee80000 - 0x00007ff95ee89000 	C:\WINDOWS\SYSTEM32\WSOCK32.dll
0x00007ff966da0000 - 0x00007ff966e11000 	C:\WINDOWS\System32\WS2_32.dll
0x00007ff95d870000 - 0x00007ff95d8a4000 	C:\WINDOWS\SYSTEM32\WINMM.dll
0x00007ff95d4a0000 - 0x00007ff95d4aa000 	C:\WINDOWS\SYSTEM32\VERSION.dll
0x00007ff964e60000 - 0x00007ff964e78000 	C:\WINDOWS\SYSTEM32\kernel.appcore.dll
0x00007ff95ad40000 - 0x00007ff95ad4a000 	C:\Program Files\Android\Android Studio1\jbr\bin\jimage.dll
0x00007ff94ea30000 - 0x00007ff94ec63000 	C:\WINDOWS\SYSTEM32\DBGHELP.DLL
0x00007ff966ed0000 - 0x00007ff967259000 	C:\WINDOWS\System32\combase.dll
0x00007ff966840000 - 0x00007ff966917000 	C:\WINDOWS\System32\OLEAUT32.dll
0x00007ff9448d0000 - 0x00007ff944902000 	C:\WINDOWS\SYSTEM32\dbgcore.DLL
0x00007ff966350000 - 0x00007ff9663ca000 	C:\WINDOWS\System32\bcryptPrimitives.dll
0x00007ff956040000 - 0x00007ff95604e000 	C:\Program Files\Android\Android Studio1\jbr\bin\instrument.dll
0x00007ff956f70000 - 0x00007ff956f95000 	C:\Program Files\Android\Android Studio1\jbr\bin\java.dll
0x00007ff956ae0000 - 0x00007ff956af8000 	C:\Program Files\Android\Android Studio1\jbr\bin\zip.dll
0x00007ff967cf0000 - 0x00007ff96854a000 	C:\WINDOWS\System32\SHELL32.dll
0x00007ff963d80000 - 0x00007ff964676000 	C:\WINDOWS\SYSTEM32\windows.storage.dll
0x00007ff963c40000 - 0x00007ff963d7e000 	C:\WINDOWS\SYSTEM32\wintypes.dll
0x00007ff967670000 - 0x00007ff967763000 	C:\WINDOWS\System32\SHCORE.dll
0x00007ff968610000 - 0x00007ff96866e000 	C:\WINDOWS\System32\shlwapi.dll
0x00007ff965d60000 - 0x00007ff965d86000 	C:\WINDOWS\SYSTEM32\profapi.dll
0x00007ff956920000 - 0x00007ff956939000 	C:\Program Files\Android\Android Studio1\jbr\bin\net.dll
0x00007ff95d1c0000 - 0x00007ff95d2f7000 	C:\WINDOWS\SYSTEM32\WINHTTP.dll
0x00007ff9652e0000 - 0x00007ff965349000 	C:\WINDOWS\system32\mswsock.dll
0x00007ff956900000 - 0x00007ff956916000 	C:\Program Files\Android\Android Studio1\jbr\bin\nio.dll
0x00007ff956790000 - 0x00007ff9567a0000 	C:\Program Files\Android\Android Studio1\jbr\bin\verify.dll
0x00007ff955f10000 - 0x00007ff955f37000 	C:\Users\paras kamboj\.gradle\native\68d5fa5c4cc2d200863cafc0d521ce42e7d3e7ee720ec0a83991735586a16f82\windows-amd64\native-platform.dll
0x00007ff91c630000 - 0x00007ff91c774000 	C:\Users\paras kamboj\.gradle\native\e376f236ea51e6404a007f0833ffe2c6e607c4080706a723a18a27aeea778392\windows-amd64\native-platform-file-events.dll
0x00007ff956280000 - 0x00007ff956289000 	C:\Program Files\Android\Android Studio1\jbr\bin\management.dll
0x00007ff956270000 - 0x00007ff95627b000 	C:\Program Files\Android\Android Studio1\jbr\bin\management_ext.dll
0x00007ff9672e0000 - 0x00007ff9672e8000 	C:\WINDOWS\System32\PSAPI.DLL
0x00007ff965530000 - 0x00007ff96554b000 	C:\WINDOWS\SYSTEM32\CRYPTSP.dll
0x00007ff964dc0000 - 0x00007ff964df5000 	C:\WINDOWS\system32\rsaenh.dll
0x00007ff9653d0000 - 0x00007ff9653fc000 	C:\WINDOWS\SYSTEM32\USERENV.dll
0x00007ff965550000 - 0x00007ff96555c000 	C:\WINDOWS\SYSTEM32\CRYPTBASE.dll
0x00007ff964920000 - 0x00007ff96494d000 	C:\WINDOWS\SYSTEM32\IPHLPAPI.DLL
0x00007ff967340000 - 0x00007ff967349000 	C:\WINDOWS\System32\NSI.dll
0x00007ff95d4b0000 - 0x00007ff95d4c9000 	C:\WINDOWS\SYSTEM32\dhcpcsvc6.DLL
0x00007ff95d120000 - 0x00007ff95d13f000 	C:\WINDOWS\SYSTEM32\dhcpcsvc.DLL
0x00007ff964950000 - 0x00007ff964a49000 	C:\WINDOWS\SYSTEM32\DNSAPI.dll
0x00007ff9563b0000 - 0x00007ff9563b8000 	C:\WINDOWS\system32\wshunix.dll

dbghelp: loaded successfully - version: 4.0.5 - missing functions: none
symbol engine: initialized successfully - sym options: 0x614 - pdb path: .;C:\Program Files\Android\Android Studio1\jbr\bin;C:\WINDOWS\SYSTEM32;C:\WINDOWS\WinSxS\amd64_microsoft.windows.common-controls_6595b64144ccf1df_6.0.22621.2506_none_270c5ae97388e100;C:\Program Files\Android\Android Studio1\jbr\bin\server;C:\Users\paras kamboj\.gradle\native\68d5fa5c4cc2d200863cafc0d521ce42e7d3e7ee720ec0a83991735586a16f82\windows-amd64;C:\Users\paras kamboj\.gradle\native\e376f236ea51e6404a007f0833ffe2c6e607c4080706a723a18a27aeea778392\windows-amd64

VM Arguments:
jvm_args: --add-opens=java.base/java.util=ALL-UNNAMED --add-opens=java.base/java.lang=ALL-UNNAMED --add-opens=java.base/java.lang.invoke=ALL-UNNAMED --add-opens=java.prefs/java.util.prefs=ALL-UNNAMED --add-opens=java.base/java.nio.charset=ALL-UNNAMED --add-opens=java.base/java.net=ALL-UNNAMED --add-opens=java.base/java.util.concurrent.atomic=ALL-UNNAMED -Xmx2048m -Dfile.encoding=UTF-8 -Duser.country=US -Duser.language=en -Duser.variant -javaagent:C:\Users\paras kamboj\.gradle\wrapper\dists\gradle-8.2-bin\bbg7u40eoinfdyxsxr3z4i7ta\gradle-8.2\lib\agents\gradle-instrumentation-agent-8.2.jar 
java_command: org.gradle.launcher.daemon.bootstrap.GradleDaemon 8.2
java_class_path (initial): C:\Users\paras kamboj\.gradle\wrapper\dists\gradle-8.2-bin\bbg7u40eoinfdyxsxr3z4i7ta\gradle-8.2\lib\gradle-launcher-8.2.jar
Launcher Type: SUN_STANDARD

[Global flags]
     intx CICompilerCount                          = 3                                         {product} {ergonomic}
     uint ConcGCThreads                            = 1                                         {product} {ergonomic}
     uint G1ConcRefinementThreads                  = 4                                         {product} {ergonomic}
   size_t G1HeapRegionSize                         = 1048576                                   {product} {ergonomic}
    uintx GCDrainStackTargetSize                   = 64                                        {product} {ergonomic}
   size_t InitialHeapSize                          = 100663296                                 {product} {ergonomic}
   size_t MarkStackSize                            = 4194304                                   {product} {ergonomic}
   size_t MaxHeapSize                              = 2147483648                                {product} {command line}
   size_t MaxNewSize                               = 1287651328                                {product} {ergonomic}
   size_t MinHeapDeltaBytes                        = 1048576                                   {product} {ergonomic}
   size_t MinHeapSize                              = 8388608                                   {product} {ergonomic}
    uintx NonNMethodCodeHeapSize                   = 5832780                                {pd product} {ergonomic}
    uintx NonProfiledCodeHeapSize                  = 122912730                              {pd product} {ergonomic}
    uintx ProfiledCodeHeapSize                     = 122912730                              {pd product} {ergonomic}
    uintx ReservedCodeCacheSize                    = 251658240                              {pd product} {ergonomic}
     bool SegmentedCodeCache                       = true                                      {product} {ergonomic}
   size_t SoftMaxHeapSize                          = 2147483648                             {manageable} {ergonomic}
     bool UseCompressedClassPointers               = true                           {product lp64_product} {ergonomic}
     bool UseCompressedOops                        = true                           {product lp64_product} {ergonomic}
     bool UseG1GC                                  = true                                      {product} {ergonomic}
     bool UseLargePagesIndividualAllocation        = false                                  {pd product} {ergonomic}

Logging:
Log output configuration:
 #0: stdout all=warning uptime,level,tags
 #1: stderr all=off uptime,level,tags

Environment Variables:
PATH=C:\Program Files\Common Files\Oracle\Java\javapath;C:\WINDOWS\system32;C:\WINDOWS;C:\WINDOWS\System32\Wbem;C:\WINDOWS\System32\WindowsPowerShell\v1.0\;C:\WINDOWS\System32\OpenSSH\;C:\MinGW\bin;C:\dart-sdk\bin;C:\flutter\bin;C:\Program Files\Git\cmd;C:\Program Files\MySQL\MySQL Shell 8.0\bin\;C:\Users\paras kamboj\AppData\Local\Programs\Python\Python311\Scripts\;C:\Users\paras kamboj\AppData\Local\Programs\Python\Python311\;C:\MinGW\mingw32\bin;C:\Users\paras kamboj\AppData\Local\Microsoft\WindowsApps;C:\MinGW\bin;C:\Program Files\JetBrains\IntelliJ IDEA Community Edition 2022.3.2\bin;;C:\dart-sdk\bin;C:\Users\paras kamboj\AppData\Local\Android\Sdk\tools;C:\Users\paras kamboj\AppData\Local\Android\Sdk\platform-tools;C:\Users\paras kamboj\AppData\Local\Programs\Microsoft VS Code\bin;C:\flutter\bin;C:\Program Files\Java\jdk-19\bin;C:\Program Files\Android\Android Studio\bin;C:\Users\paras kamboj\AppData\Local\GitHubDesktop\bin
USERNAME=paras kamboj
OS=Windows_NT
PROCESSOR_IDENTIFIER=AMD64 Family 23 Model 24 Stepping 1, AuthenticAMD
TMP=C:\Users\PARASK~1\AppData\Local\Temp
TEMP=C:\Users\PARASK~1\AppData\Local\Temp


JNI global refs:
JNI global refs: 26, weak refs: 4

JNI global refs memory usage: 843, weak refs: 841

OOME stack traces (most recent first):
Classloader memory used:
Loader org.gradle.internal.classloader.VisitableURLClassLoader                         : 3381K
Loader bootstrap                                                                       : 2598K
Loader org.gradle.initialization.MixInLegacyTypesClassLoader                           : 1058K
Loader org.gradle.internal.classloader.VisitableURLClassLoader$InstrumentingVisitableURLClassLoader: 616K
Loader jdk.internal.loader.ClassLoaders$PlatformClassLoader                            : 65452B
Loader jdk.internal.loader.ClassLoaders$AppClassLoader                                 : 28352B
Loader jdk.internal.reflect.DelegatingClassLoader                                      : 22005B
Loader org.gradle.groovy.scripts.internal.DefaultScriptCompilationHandler$ScriptClassLoader: 11278B
Loader org.codehaus.groovy.runtime.callsite.CallSiteClassLoader                        : 2418B
Loader sun.reflect.misc.MethodUtil                                                     : 373B

Classes loaded by more than one classloader:
Class org.gradle.internal.installation.GradleInstallation                             : loaded 2 times (x 73B)
Class com.google.common.collect.Iterators$MergingIterator                             : loaded 2 times (x 79B)
Class [Lcom.google.common.collect.AbstractMapEntry;                                   : loaded 2 times (x 67B)
Class com.google.common.collect.SingletonImmutableList                                : loaded 2 times (x 167B)
Class com.google.common.cache.CacheLoader$SupplierToCacheLoader                       : loaded 2 times (x 73B)
Class org.gradle.internal.classpath.ClassPath                                         : loaded 2 times (x 68B)
Class com.google.common.cache.RemovalListener                                         : loaded 2 times (x 68B)
Class org.gradle.api.internal.classpath.DefaultModuleRegistry                         : loaded 2 times (x 84B)
Class com.google.common.collect.ListMultimap                                          : loaded 2 times (x 68B)
Class com.google.common.base.CharMatcher$JavaDigit                                    : loaded 2 times (x 109B)
Class com.google.common.base.CharMatcher$Digit                                        : loaded 2 times (x 110B)
Class com.google.common.collect.AbstractMultimap                                      : loaded 2 times (x 121B)
Class com.google.common.cache.CacheBuilder$OneWeigher                                 : loaded 2 times (x 80B)
Class org.gradle.api.Action                                                           : loaded 2 times (x 68B)
Class com.google.common.collect.ImmutableEntry                                        : loaded 2 times (x 80B)
Class com.google.common.collect.Lists$StringAsImmutableList                           : loaded 2 times (x 167B)
Class com.google.common.base.CharMatcher                                              : loaded 2 times (x 109B)
Class com.google.common.base.CharMatcher$IsNot                                        : loaded 2 times (x 109B)
Class com.google.common.base.Splitter                                                 : loaded 2 times (x 70B)
Class [Lcom.google.common.cache.Weigher;                                              : loaded 2 times (x 67B)
Class com.google.common.collect.Iterators$ArrayItr                                    : loaded 2 times (x 95B)
Class com.google.common.cache.LocalCache$Segment                                      : loaded 2 times (x 152B)
Class org.gradle.api.internal.DefaultClassPathProvider                                : loaded 2 times (x 74B)
Class org.gradle.internal.installation.GradleInstallation$1                           : loaded 2 times (x 73B)
Class com.google.common.base.CharMatcher$BitSetMatcher                                : loaded 2 times (x 110B)
Class com.google.common.collect.ImmutableMap$IteratorBasedImmutableMap                : loaded 2 times (x 123B)
Class com.google.common.collect.ImmutableMap                                          : loaded 2 times (x 118B)
Class com.google.common.base.Converter                                                : loaded 2 times (x 88B)
Class com.google.common.collect.ImmutableSet$EmptySetBuilderImpl                      : loaded 2 times (x 74B)
Class com.google.common.base.Equivalence                                              : loaded 2 times (x 80B)
Class com.google.common.cache.LocalCache$EntryFactory$1                               : loaded 2 times (x 81B)
Class com.google.common.cache.LocalCache$EntryFactory$2                               : loaded 2 times (x 81B)
Class com.google.common.cache.LocalCache$EntryFactory$3                               : loaded 2 times (x 81B)
Class com.google.common.cache.LocalCache$EntryFactory$4                               : loaded 2 times (x 81B)
Class com.google.common.cache.LocalCache$EntryFactory$5                               : loaded 2 times (x 81B)
Class com.google.common.cache.LocalCache$EntryFactory$6                               : loaded 2 times (x 81B)
Class com.google.common.cache.LocalCache$EntryFactory$7                               : loaded 2 times (x 81B)
Class com.google.common.cache.LocalCache$EntryFactory$8                               : loaded 2 times (x 81B)
Class com.google.common.base.Predicate                                                : loaded 2 times (x 68B)
Class org.gradle.internal.classloader.FilteringClassLoader                            : loaded 2 times (x 102B)
Class com.google.common.collect.RegularImmutableSet                                   : loaded 2 times (x 146B)
Class [Lcom.google.common.cache.LocalCache$Strength;                                  : loaded 2 times (x 67B)
Class org.gradle.internal.classpath.DefaultClassPath$ImmutableUniqueList$Builder      : loaded 2 times (x 73B)
Class com.google.common.collect.Maps$8                                                : loaded 2 times (x 80B)
Class com.google.common.base.PatternCompiler                                          : loaded 2 times (x 68B)
Class [Lcom.google.common.cache.CacheBuilder$NullListener;                            : loaded 2 times (x 67B)
Class com.google.common.base.CharMatcher$InRange                                      : loaded 2 times (x 109B)
Class com.google.common.collect.BiMap                                                 : loaded 2 times (x 68B)
Class com.google.common.collect.Lists                                                 : loaded 2 times (x 69B)
Class com.google.common.math.IntMath$1                                                : loaded 2 times (x 69B)
Class org.gradle.internal.classloader.ClassLoaderVisitor                              : loaded 2 times (x 74B)
Class com.google.common.cache.CacheBuilder$NullListener                               : loaded 2 times (x 80B)
Class com.google.common.math.MathPreconditions                                        : loaded 2 times (x 69B)
Class org.gradle.internal.service.DefaultServiceLocator                               : loaded 2 times (x 81B)
Class org.gradle.internal.service.UnknownServiceException                             : loaded 2 times (x 81B)
Class com.google.common.collect.ArrayListMultimap                                     : loaded 2 times (x 170B)
Class com.google.common.base.Strings                                                  : loaded 2 times (x 69B)
Class com.google.common.cache.CacheLoader$InvalidCacheLoadException                   : loaded 2 times (x 80B)
Class org.gradle.internal.classloader.DefaultClassLoaderFactory                       : loaded 2 times (x 80B)
Class com.google.common.collect.UnmodifiableIterator                                  : loaded 2 times (x 78B)
Class com.google.common.base.Platform$JdkPatternCompiler                              : loaded 2 times (x 73B)
Class com.google.common.cache.LocalCache$LoadingValueReference                        : loaded 2 times (x 94B)
Class com.google.common.base.CharMatcher$SingleWidth                                  : loaded 2 times (x 110B)
Class com.google.common.collect.Hashing                                               : loaded 2 times (x 69B)
Class com.google.common.base.JdkPattern                                               : loaded 2 times (x 73B)
Class com.google.common.collect.Multimap                                              : loaded 2 times (x 68B)
Class com.google.common.base.FunctionalEquivalence                                    : loaded 2 times (x 81B)
Class com.google.common.cache.LocalCache$1                                            : loaded 2 times (x 87B)
Class com.google.common.cache.LocalCache$2                                            : loaded 2 times (x 140B)
Class com.google.common.collect.RegularImmutableBiMap                                 : loaded 2 times (x 146B)
Class org.gradle.internal.classloader.VisitableURLClassLoader$Spec                    : loaded 2 times (x 72B)
Class org.gradle.api.GradleException                                                  : loaded 2 times (x 80B)
Class com.google.common.base.CharMatcher$JavaLetterOrDigit                            : loaded 2 times (x 109B)
Class org.gradle.api.internal.classpath.ModuleRegistry                                : loaded 2 times (x 68B)
Class com.google.common.collect.ForwardingObject                                      : loaded 2 times (x 70B)
Class com.google.common.cache.CacheBuilder                                            : loaded 2 times (x 70B)
Class com.google.common.collect.ImmutableCollection                                   : loaded 2 times (x 123B)
Class com.google.common.base.PairwiseEquivalence                                      : loaded 2 times (x 81B)
Class com.google.common.base.Ticker                                                   : loaded 2 times (x 70B)
Class org.gradle.api.internal.ClassPathProvider                                       : loaded 2 times (x 68B)
Class com.google.common.collect.RegularImmutableMap$Values                            : loaded 2 times (x 167B)
Class org.gradle.internal.classloader.ClasspathUtil$1                                 : loaded 2 times (x 74B)
Class com.google.common.collect.ImmutableEnumMap                                      : loaded 2 times (x 123B)
Class com.google.common.collect.ForwardingMap                                         : loaded 2 times (x 130B)
Class com.google.common.collect.ImmutableList$ReverseImmutableList                    : loaded 2 times (x 168B)
Class com.google.common.cache.AbstractCache$StatsCounter                              : loaded 2 times (x 68B)
Class com.google.common.cache.LocalCache$Strength$1                                   : loaded 2 times (x 79B)
Class com.google.common.cache.LocalCache$Strength$2                                   : loaded 2 times (x 79B)
Class com.google.common.cache.LocalCache$Strength$3                                   : loaded 2 times (x 79B)
Class org.gradle.internal.classloader.ClassLoaderFactory                              : loaded 2 times (x 68B)
Class com.google.common.collect.ObjectArrays                                          : loaded 2 times (x 69B)
Class com.google.common.collect.Iterators$10                                          : loaded 2 times (x 79B)
Class com.google.common.collect.ImmutableList                                         : loaded 2 times (x 166B)
Class org.gradle.api.internal.classpath.ManifestUtil                                  : loaded 2 times (x 69B)
Class org.gradle.api.specs.Spec                                                       : loaded 2 times (x 68B)
Class com.google.common.cache.CacheLoader$UnsupportedLoadingOperationException        : loaded 2 times (x 80B)
Class com.google.common.base.CharMatcher$Whitespace                                   : loaded 2 times (x 110B)
Class com.google.common.collect.Iterators$1                                           : loaded 2 times (x 79B)
Class com.google.common.collect.Iterators$4                                           : loaded 2 times (x 80B)
Class com.google.common.collect.RegularImmutableMap$BucketOverflowException           : loaded 2 times (x 80B)
Class com.google.common.collect.Iterators$5                                           : loaded 2 times (x 80B)
Class com.google.common.base.Equivalence$Equals                                       : loaded 2 times (x 80B)
Class com.google.common.base.Preconditions                                            : loaded 2 times (x 69B)
Class com.google.common.base.Function                                                 : loaded 2 times (x 68B)
Class com.google.common.collect.Iterators$9                                           : loaded 2 times (x 79B)
Class org.gradle.internal.IoActions                                                   : loaded 2 times (x 69B)
Class com.google.common.cache.ReferenceEntry                                          : loaded 2 times (x 68B)
Class com.google.common.collect.RegularImmutableMap$KeySet                            : loaded 2 times (x 148B)
Class com.google.common.collect.CollectPreconditions                                  : loaded 2 times (x 69B)
Class com.google.common.collect.Maps                                                  : loaded 2 times (x 69B)
Class com.google.common.collect.RegularImmutableMap                                   : loaded 2 times (x 119B)
Class com.google.common.collect.AbstractIndexedListIterator                           : loaded 2 times (x 94B)
Class com.google.common.base.CharMatcher$None                                         : loaded 2 times (x 110B)
Class org.gradle.api.internal.classpath.EffectiveClassPath                            : loaded 2 times (x 88B)
Class com.google.common.collect.UnmodifiableListIterator                              : loaded 2 times (x 93B)
Class com.google.common.cache.CacheLoader$FunctionToCacheLoader                       : loaded 2 times (x 73B)
Class com.google.common.cache.CacheBuilder$1                                          : loaded 2 times (x 83B)
Class com.google.common.cache.CacheBuilder$2                                          : loaded 2 times (x 77B)
Class com.google.common.collect.ImmutableList$1                                       : loaded 2 times (x 95B)
Class com.google.common.base.Splitter$Strategy                                        : loaded 2 times (x 68B)
Class com.google.common.cache.CacheBuilder$3                                          : loaded 2 times (x 70B)
Class com.google.common.collect.ImmutableMapEntrySet$RegularEntrySet                  : loaded 2 times (x 149B)
Class [Lcom.google.common.cache.RemovalListener;                                      : loaded 2 times (x 67B)
Class [Lcom.google.common.collect.ImmutableMapEntry;                                  : loaded 2 times (x 67B)
Class org.gradle.internal.installation.CurrentGradleInstallation                      : loaded 2 times (x 71B)
Class org.gradle.internal.agents.InstrumentingClassLoader                             : loaded 2 times (x 68B)
Class org.gradle.internal.installation.CurrentGradleInstallationLocator               : loaded 2 times (x 69B)
Class [Lcom.google.common.cache.LocalCache$Segment;                                   : loaded 2 times (x 67B)
Class org.gradle.api.internal.classpath.Module                                        : loaded 2 times (x 68B)
Class com.google.common.base.Splitter$1$1                                             : loaded 2 times (x 84B)
Class com.google.common.collect.ImmutableSet$JdkBackedSetBuilderImpl                  : loaded 2 times (x 74B)
Class com.google.common.collect.ImmutableSet$RegularSetBuilderImpl                    : loaded 2 times (x 75B)
Class org.gradle.internal.service.CachingServiceLocator                               : loaded 2 times (x 80B)
Class [Lcom.google.common.collect.ImmutableEntry;                                     : loaded 2 times (x 67B)
Class org.gradle.internal.classpath.DefaultClassPath                                  : loaded 2 times (x 88B)
Class com.google.common.base.Splitter$SplittingIterator                               : loaded 2 times (x 82B)
Class com.google.common.cache.LocalCache$LocalManualCache$1                           : loaded 2 times (x 73B)
Class [Lcom.google.common.cache.LocalCache$EntryFactory;                              : loaded 2 times (x 67B)
Class com.google.common.base.CharMatcher$Is                                           : loaded 2 times (x 109B)
Class com.google.common.base.Platform                                                 : loaded 2 times (x 69B)
Class com.google.common.collect.RegularImmutableAsList                                : loaded 2 times (x 176B)
Class com.google.common.collect.PeekingIterator                                       : loaded 2 times (x 68B)
Class settings_8zqn3cktf4otfl0frf7qu8d6c$_run_closure1                                : loaded 2 times (x 134B)
Class com.google.common.collect.ImmutableMapEntrySet                                  : loaded 2 times (x 149B)
Class com.google.common.cache.CacheLoader                                             : loaded 2 times (x 72B)
Class com.google.common.collect.ImmutableBiMapFauxverideShim                          : loaded 2 times (x 118B)
Class com.google.common.cache.Cache                                                   : loaded 2 times (x 68B)
Class org.gradle.internal.classloader.SystemClassLoaderSpec                           : loaded 2 times (x 69B)
Class com.google.common.collect.SingletonImmutableSet                                 : loaded 2 times (x 144B)
Class [Lcom.google.common.base.AbstractIterator$State;                                : loaded 2 times (x 67B)
Class com.google.common.collect.ImmutableMap$Builder                                  : loaded 2 times (x 80B)
Class com.google.common.base.AbstractIterator                                         : loaded 2 times (x 78B)
Class com.google.common.base.AbstractIterator$1                                       : loaded 2 times (x 69B)
Class [Lcom.google.common.cache.CacheBuilder$OneWeigher;                              : loaded 2 times (x 67B)
Class com.google.common.collect.Iterators                                             : loaded 2 times (x 69B)
Class com.google.common.base.CharMatcher$1                                            : loaded 2 times (x 111B)
Class com.google.common.base.CharMatcher$Ascii                                        : loaded 2 times (x 110B)
Class com.google.common.cache.LocalCache$ComputingValueReference                      : loaded 2 times (x 94B)
Class org.gradle.api.UncheckedIOException                                             : loaded 2 times (x 80B)
Class com.google.common.base.CharMatcher$And                                          : loaded 2 times (x 110B)
Class com.google.common.collect.IndexedImmutableSet                                   : loaded 2 times (x 148B)
Class com.google.common.collect.AbstractListMultimap                                  : loaded 2 times (x 170B)
Class com.google.common.base.CharMatcher$Any                                          : loaded 2 times (x 110B)
Class com.google.common.cache.LocalCache$Strength                                     : loaded 2 times (x 79B)
Class com.google.common.collect.ArrayListMultimapGwtSerializationDependencies         : loaded 2 times (x 170B)
Class com.google.common.base.CharMatcher$RangesMatcher                                : loaded 2 times (x 110B)
Class com.google.common.collect.ImmutableList$SubList                                 : loaded 2 times (x 168B)
Class com.google.common.cache.LocalCache$ValueReference                               : loaded 2 times (x 68B)
Class org.gradle.internal.classloader.ClasspathUtil                                   : loaded 2 times (x 69B)
Class settings_8zqn3cktf4otfl0frf7qu8d6c$_run_closure1$_closure2                      : loaded 2 times (x 134B)
Class com.google.common.base.Splitter$1                                               : loaded 2 times (x 75B)
Class com.google.common.base.Ticker$1                                                 : loaded 2 times (x 70B)
Class com.google.common.collect.Maps$BiMapConverter                                   : loaded 2 times (x 88B)
Class org.gradle.api.internal.DefaultClassPathRegistry                                : loaded 2 times (x 74B)
Class com.google.common.collect.ImmutableSet$SetBuilderImpl                           : loaded 2 times (x 74B)
Class org.gradle.api.internal.classpath.DefaultModuleRegistry$DefaultModule           : loaded 2 times (x 84B)
Class com.google.common.base.CharMatcher$JavaIsoControl                               : loaded 2 times (x 110B)
Class com.google.common.collect.ImmutableMap$1                                        : loaded 2 times (x 79B)
Class com.google.common.base.CharMatcher$Or                                           : loaded 2 times (x 110B)
Class com.google.common.base.Suppliers$SupplierOfInstance                             : loaded 2 times (x 77B)
Class com.google.common.collect.Iterables                                             : loaded 2 times (x 69B)
Class com.google.common.base.CharMatcher$JavaLowerCase                                : loaded 2 times (x 109B)
Class org.gradle.api.internal.classpath.UnknownModuleException                        : loaded 2 times (x 80B)
Class com.google.common.collect.Maps$EntryTransformer                                 : loaded 2 times (x 68B)
Class com.google.common.collect.ImmutableCollection$Builder                           : loaded 2 times (x 74B)
Class com.google.common.collect.SingletonImmutableBiMap                               : loaded 2 times (x 141B)
Class com.google.common.base.CommonPattern                                            : loaded 2 times (x 72B)
Class com.google.common.base.Suppliers                                                : loaded 2 times (x 69B)
Class com.google.common.cache.LoadingCache                                            : loaded 2 times (x 68B)
Class org.gradle.internal.service.ServiceLookupException                              : loaded 2 times (x 80B)
Class org.gradle.cache.GlobalCache                                                    : loaded 2 times (x 68B)
Class com.google.common.base.CharMatcher$NegatedFastMatcher                           : loaded 2 times (x 111B)
Class [Lorg.gradle.api.internal.ClassPathProvider;                                    : loaded 2 times (x 67B)
Class org.gradle.util.internal.GUtil                                                  : loaded 2 times (x 69B)
Class com.google.common.math.IntMath                                                  : loaded 2 times (x 69B)
Class com.google.common.collect.AbstractIterator                                      : loaded 2 times (x 80B)
Class org.gradle.internal.classloader.ClassLoaderSpec                                 : loaded 2 times (x 69B)
Class com.google.common.base.NullnessCasts                                            : loaded 2 times (x 69B)
Class com.google.common.cache.LocalCache$LocalManualCache                             : loaded 2 times (x 97B)
Class com.google.common.collect.AbstractMapEntry                                      : loaded 2 times (x 79B)
Class com.google.common.base.CharMatcher$Negated                                      : loaded 2 times (x 111B)
Class com.google.common.cache.CacheLoader$1                                           : loaded 2 times (x 73B)
Class com.google.common.collect.ImmutableSet$Builder                                  : loaded 2 times (x 83B)
Class com.google.common.base.CharMatcher$ForPredicate                                 : loaded 2 times (x 110B)
Class com.google.common.collect.ImmutableMap$MapViewOfValuesAsSingletonSets           : loaded 2 times (x 123B)
Class com.google.common.base.MoreObjects                                              : loaded 2 times (x 69B)
Class com.google.common.collect.SortedMapDifference                                   : loaded 2 times (x 68B)
Class com.google.common.cache.CacheStats                                              : loaded 2 times (x 69B)
Class org.gradle.internal.classloader.VisitableURLClassLoader                         : loaded 2 times (x 114B)
Class com.google.common.cache.LocalCache$LocalLoadingCache                            : loaded 2 times (x 132B)
Class com.google.common.base.Supplier                                                 : loaded 2 times (x 68B)
Class com.google.common.collect.ImmutableBiMap                                        : loaded 2 times (x 141B)
Class org.gradle.internal.Cast                                                        : loaded 2 times (x 69B)
Class org.gradle.api.internal.ClassPathRegistry                                       : loaded 2 times (x 68B)
Class com.google.common.cache.LocalCache$EntryFactory                                 : loaded 2 times (x 81B)
Class com.google.common.util.concurrent.UncheckedExecutionException                   : loaded 2 times (x 80B)
Class com.google.common.collect.ImmutableSet                                          : loaded 2 times (x 143B)
Class org.gradle.internal.classloader.VisitableURLClassLoader$InstrumentingVisitableURLClassLoader: loaded 2 times (x 120B)
Class org.gradle.internal.classloader.ClassLoaderHierarchy                            : loaded 2 times (x 68B)
Class com.google.common.base.AbstractIterator$State                                   : loaded 2 times (x 77B)
Class com.google.common.cache.Weigher                                                 : loaded 2 times (x 68B)
Class com.google.common.base.CharMatcher$NamedFastMatcher                             : loaded 2 times (x 110B)
Class org.gradle.internal.InternalTransformer                                         : loaded 2 times (x 68B)
Class org.gradle.internal.service.ServiceLocator                                      : loaded 2 times (x 68B)
Class com.google.common.collect.ImmutableMapEntry                                     : loaded 2 times (x 83B)
Class com.google.common.base.CharMatcher$Invisible                                    : loaded 2 times (x 110B)
Class com.google.common.base.CharMatcher$FastMatcher                                  : loaded 2 times (x 109B)
Class org.gradle.internal.classpath.DefaultClassPath$ImmutableUniqueList              : loaded 2 times (x 159B)
Class com.google.common.base.CharMatcher$JavaLetter                                   : loaded 2 times (x 109B)
Class org.gradle.internal.classpath.TransformedClassPath                              : loaded 2 times (x 94B)
Class com.google.common.collect.MapDifference                                         : loaded 2 times (x 68B)
Class com.google.common.collect.Platform                                              : loaded 2 times (x 69B)
Class com.google.common.collect.ImmutableAsList                                       : loaded 2 times (x 169B)
Class com.google.common.util.concurrent.ExecutionError                                : loaded 2 times (x 80B)
Class com.google.common.base.Equivalence$Identity                                     : loaded 2 times (x 80B)
Class com.google.common.base.CharMatcher$AnyOf                                        : loaded 2 times (x 110B)
Class com.google.common.base.CharMatcher$IsEither                                     : loaded 2 times (x 109B)
Class com.google.common.cache.LocalCache                                              : loaded 2 times (x 185B)
Class com.google.common.collect.RegularImmutableList                                  : loaded 2 times (x 172B)
Class com.google.common.base.CharMatcher$JavaUpperCase                                : loaded 2 times (x 109B)
Class com.google.common.collect.Multiset                                              : loaded 2 times (x 68B)
Class com.google.common.collect.ImmutableSet$CachingAsList                            : loaded 2 times (x 145B)
Class com.google.common.collect.ImmutableMapEntry$NonTerminalImmutableMapEntry        : loaded 2 times (x 83B)
Class com.google.common.collect.AbstractMapBasedMultimap                              : loaded 2 times (x 137B)
Class settings_8zqn3cktf4otfl0frf7qu8d6c                                              : loaded 2 times (x 177B)


---------------  S Y S T E M  ---------------

OS:
 Windows 11 , 64 bit Build 22621 (10.0.22621.2506)
OS uptime: 16 days 1:19 hours

CPU: total 4 (initial active 4) (4 cores per cpu, 2 threads per core) family 23 model 24 stepping 1 microcode 0x0, cx8, cmov, fxsr, ht, mmx, 3dnowpref, sse, sse2, sse3, ssse3, sse4a, sse4.1, sse4.2, popcnt, lzcnt, tsc, tscinvbit, avx, avx2, aes, clmul, bmi1, bmi2, adx, sha, fma, vzeroupper, clflush, clflushopt

Memory: 4k page, system-wide physical 6086M (297M free)
TotalPageFile size 14086M (AvailPageFile size 5M)
current process WorkingSet (physical memory assigned to process): 274M, peak: 274M
current process commit charge ("private bytes"): 299M, peak: 302M

vm_info: OpenJDK 64-Bit Server VM (17.0.7+0-b2043.56-10550314) for windows-amd64 JRE (17.0.7+0-b2043.56-10550314), built on Jul 24 2023 18:27:45 by "androidbuild" with MS VC++ 16.10 / 16.11 (VS2019)

END.
