#
# There is insufficient memory for the Java Runtime Environment to continue.
# Native memory allocation (malloc) failed to allocate 2361408 bytes for Chunk::new
# Possible reasons:
#   The system is out of physical RAM or swap space
#   The process is running with CompressedOops enabled, and the Java Heap may be blocking the growth of the native heap
# Possible solutions:
#   Reduce memory load on the system
#   Increase physical memory or swap space
#   Check if swap backing store is full
#   Decrease Java heap size (-Xmx/-Xms)
#   Decrease number of Java threads
#   Decrease Java thread stack sizes (-Xss)
#   Set larger code cache with -XX:ReservedCodeCacheSize=
#   JVM is running with Unscaled Compressed Oops mode in which the Java heap is
#     placed in the first 4GB address space. The Java Heap base address is the
#     maximum limit for the native heap growth. Please use -XX:HeapBaseMinAddress
#     to set the Java Heap base and to place the Java Heap above 4GB virtual address.
# This output file may be truncated or incomplete.
#
#  Out of Memory Error (arena.cpp:189), pid=23960, tid=6936
#
# JRE version: OpenJDK Runtime Environment (17.0.7) (build 17.0.7+0-b2043.56-10550314)
# Java VM: OpenJDK 64-Bit Server VM (17.0.7+0-b2043.56-10550314, mixed mode, tiered, compressed oops, compressed class ptrs, g1 gc, windows-amd64)
# No core dump will be written. Minidumps are not enabled by default on client versions of Windows
#

---------------  S U M M A R Y ------------

Command Line: --add-opens=java.base/java.util=ALL-UNNAMED --add-opens=java.base/java.lang=ALL-UNNAMED --add-opens=java.base/java.lang.invoke=ALL-UNNAMED --add-opens=java.prefs/java.util.prefs=ALL-UNNAMED --add-opens=java.base/java.nio.charset=ALL-UNNAMED --add-opens=java.base/java.net=ALL-UNNAMED --add-opens=java.base/java.util.concurrent.atomic=ALL-UNNAMED -Xmx2048m -Dfile.encoding=UTF-8 -Duser.country=US -Duser.language=en -Duser.variant -javaagent:C:\Users\paras kamboj\.gradle\wrapper\dists\gradle-8.2-bin\bbg7u40eoinfdyxsxr3z4i7ta\gradle-8.2\lib\agents\gradle-instrumentation-agent-8.2.jar org.gradle.launcher.daemon.bootstrap.GradleDaemon 8.2

Host: AMD Ryzen 3 3250U with Radeon Graphics         , 4 cores, 5G,  Windows 11 , 64 bit Build 22621 (10.0.22621.2506)
Time: Sun Feb 11 01:15:11 2024 India Standard Time elapsed time: 13.159537 seconds (0d 0h 0m 13s)

---------------  T H R E A D  ---------------

Current thread (0x000001db0401eb60):  JavaThread "C2 CompilerThread0" daemon [_thread_in_native, id=6936, stack(0x000000d2f0c00000,0x000000d2f0d00000)]


Current CompileTask:
C2:  13159 4225       4       org.gradle.internal.service.DefaultServiceRegistry$OwnServices::getService (309 bytes)

Stack: [0x000000d2f0c00000,0x000000d2f0d00000]
Native frames: (J=compiled Java code, j=interpreted, Vv=VM code, C=native code)
V  [jvm.dll+0x683bfa]
V  [jvm.dll+0x8430a4]
V  [jvm.dll+0x8449be]
V  [jvm.dll+0x845023]
V  [jvm.dll+0x24ad2f]
V  [jvm.dll+0xac25c]
V  [jvm.dll+0xac82c]
V  [jvm.dll+0x36a187]
V  [jvm.dll+0x1bdf52]
V  [jvm.dll+0x21d3a9]
V  [jvm.dll+0x21c671]
V  [jvm.dll+0x1a605d]
V  [jvm.dll+0x22c148]
V  [jvm.dll+0x22a209]
V  [jvm.dll+0x7f858c]
V  [jvm.dll+0x7f2aea]
V  [jvm.dll+0x682a35]
C  [ucrtbase.dll+0x29363]
C  [KERNEL32.DLL+0x1257d]
C  [ntdll.dll+0x5aa58]


---------------  P R O C E S S  ---------------

Threads class SMR info:
_java_thread_list=0x000001db07572190, length=38, elements={
0x000001db66420a50, 0x000001db7f9cbe40, 0x000001db7f9cd200, 0x000001db7f9f56b0,
0x000001db0401b8f0, 0x000001db0401c8b0, 0x000001db0401d670, 0x000001db0401eb60,
0x000001db04024fc0, 0x000001db0403fdc0, 0x000001db0417afc0, 0x000001db0431c360,
0x000001db05879240, 0x000001db04dccac0, 0x000001db068d1340, 0x000001db05c92ef0,
0x000001db054ea700, 0x000001db0664b2b0, 0x000001db0580bae0, 0x000001db04ad2530,
0x000001db04ad5550, 0x000001db04ad5a20, 0x000001db04ad3d40, 0x000001db04ad2ed0,
0x000001db04ad4210, 0x000001db04ad2a00, 0x000001db04ad46e0, 0x000001db04ad33a0,
0x000001db04ad3870, 0x000001db04ad4bb0, 0x000001db04ad5080, 0x000001db0614b860,
0x000001db06147500, 0x000001db06147ea0, 0x000001db06146690, 0x000001db061461c0,
0x000001db061491e0, 0x000001db061449b0
}

Java Threads: ( => current thread )
  0x000001db66420a50 JavaThread "main" [_thread_blocked, id=15388, stack(0x000000d2eff00000,0x000000d2f0000000)]
  0x000001db7f9cbe40 JavaThread "Reference Handler" daemon [_thread_blocked, id=16632, stack(0x000000d2f0600000,0x000000d2f0700000)]
  0x000001db7f9cd200 JavaThread "Finalizer" daemon [_thread_blocked, id=24020, stack(0x000000d2f0700000,0x000000d2f0800000)]
  0x000001db7f9f56b0 JavaThread "Signal Dispatcher" daemon [_thread_blocked, id=22096, stack(0x000000d2f0800000,0x000000d2f0900000)]
  0x000001db0401b8f0 JavaThread "Attach Listener" daemon [_thread_blocked, id=20304, stack(0x000000d2f0900000,0x000000d2f0a00000)]
  0x000001db0401c8b0 JavaThread "Service Thread" daemon [_thread_blocked, id=25488, stack(0x000000d2f0a00000,0x000000d2f0b00000)]
  0x000001db0401d670 JavaThread "Monitor Deflation Thread" daemon [_thread_blocked, id=25884, stack(0x000000d2f0b00000,0x000000d2f0c00000)]
=>0x000001db0401eb60 JavaThread "C2 CompilerThread0" daemon [_thread_in_native, id=6936, stack(0x000000d2f0c00000,0x000000d2f0d00000)]
  0x000001db04024fc0 JavaThread "C1 CompilerThread0" daemon [_thread_blocked, id=19600, stack(0x000000d2f0d00000,0x000000d2f0e00000)]
  0x000001db0403fdc0 JavaThread "Sweeper thread" daemon [_thread_blocked, id=24692, stack(0x000000d2f0e00000,0x000000d2f0f00000)]
  0x000001db0417afc0 JavaThread "Common-Cleaner" daemon [_thread_blocked, id=15828, stack(0x000000d2f0f00000,0x000000d2f1000000)]
  0x000001db0431c360 JavaThread "Notification Thread" daemon [_thread_blocked, id=6216, stack(0x000000d2f1000000,0x000000d2f1100000)]
  0x000001db05879240 JavaThread "Daemon health stats" [_thread_blocked, id=23420, stack(0x000000d2f1700000,0x000000d2f1800000)]
  0x000001db04dccac0 JavaThread "Incoming local TCP Connector on port 51475" [_thread_in_native, id=16420, stack(0x000000d2f1200000,0x000000d2f1300000)]
  0x000001db068d1340 JavaThread "Daemon periodic checks" [_thread_blocked, id=24804, stack(0x000000d2f1800000,0x000000d2f1900000)]
  0x000001db05c92ef0 JavaThread "Daemon" [_thread_blocked, id=24400, stack(0x000000d2f1900000,0x000000d2f1a00000)]
  0x000001db054ea700 JavaThread "Handler for socket connection from /127.0.0.1:51475 to /127.0.0.1:51476" [_thread_in_native, id=2796, stack(0x000000d2f1a00000,0x000000d2f1b00000)]
  0x000001db0664b2b0 JavaThread "Cancel handler" [_thread_blocked, id=20700, stack(0x000000d2f1b00000,0x000000d2f1c00000)]
  0x000001db0580bae0 JavaThread "Daemon worker" [_thread_in_vm, id=23540, stack(0x000000d2f1c00000,0x000000d2f1d00000)]
  0x000001db04ad2530 JavaThread "Asynchronous log dispatcher for DefaultDaemonConnection: socket connection from /127.0.0.1:51475 to /127.0.0.1:51476" [_thread_blocked, id=22224, stack(0x000000d2f1d00000,0x000000d2f1e00000)]
  0x000001db04ad5550 JavaThread "Stdin handler" [_thread_blocked, id=24648, stack(0x000000d2f1e00000,0x000000d2f1f00000)]
  0x000001db04ad5a20 JavaThread "Daemon client event forwarder" [_thread_blocked, id=1424, stack(0x000000d2f1f00000,0x000000d2f2000000)]
  0x000001db04ad3d40 JavaThread "Cache worker for journal cache (C:\Users\paras kamboj\.gradle\caches\journal-1)" [_thread_blocked, id=14704, stack(0x000000d2f2000000,0x000000d2f2100000)]
  0x000001db04ad2ed0 JavaThread "File lock request listener" [_thread_in_native, id=17384, stack(0x000000d2f2100000,0x000000d2f2200000)]
  0x000001db04ad4210 JavaThread "Cache worker for file hash cache (C:\Users\paras kamboj\.gradle\caches\8.2\fileHashes)" [_thread_blocked, id=17524, stack(0x000000d2f2200000,0x000000d2f2300000)]
  0x000001db04ad2a00 JavaThread "File watcher server" daemon [_thread_in_native, id=24428, stack(0x000000d2f2300000,0x000000d2f2400000)]
  0x000001db04ad46e0 JavaThread "File watcher consumer" daemon [_thread_blocked, id=2600, stack(0x000000d2f2400000,0x000000d2f2500000)]
  0x000001db04ad33a0 JavaThread "Cache worker for checksums cache (D:\Git and Github\ProjectSynopisis\.gradle\8.2\checksums)" [_thread_blocked, id=23628, stack(0x000000d2f2500000,0x000000d2f2600000)]
  0x000001db04ad3870 JavaThread "Cache worker for cache directory md-rule (C:\Users\paras kamboj\.gradle\caches\8.2\md-rule)" [_thread_blocked, id=21500, stack(0x000000d2f2600000,0x000000d2f2700000)]
  0x000001db04ad4bb0 JavaThread "Cache worker for file content cache (C:\Users\paras kamboj\.gradle\caches\8.2\fileContent)" [_thread_blocked, id=16048, stack(0x000000d2f2700000,0x000000d2f2800000)]
  0x000001db04ad5080 JavaThread "Cache worker for file hash cache (D:\Git and Github\ProjectSynopisis\.gradle\8.2\fileHashes)" [_thread_blocked, id=23284, stack(0x000000d2f2800000,0x000000d2f2900000)]
  0x000001db0614b860 JavaThread "Cache worker for cache directory md-supplier (C:\Users\paras kamboj\.gradle\caches\8.2\md-supplier)" [_thread_blocked, id=9060, stack(0x000000d2f2900000,0x000000d2f2a00000)]
  0x000001db06147500 JavaThread "Cache worker for execution history cache (C:\Users\paras kamboj\.gradle\caches\8.2\executionHistory)" [_thread_blocked, id=3440, stack(0x000000d2f2a00000,0x000000d2f2b00000)]
  0x000001db06147ea0 JavaThread "jar transforms" [_thread_blocked, id=10224, stack(0x000000d2f2c00000,0x000000d2f2d00000)]
  0x000001db06146690 JavaThread "jar transforms Thread 2" [_thread_blocked, id=22188, stack(0x000000d2f2d00000,0x000000d2f2e00000)]
  0x000001db061461c0 JavaThread "jar transforms Thread 3" [_thread_blocked, id=18116, stack(0x000000d2f2e00000,0x000000d2f2f00000)]
  0x000001db061491e0 JavaThread "jar transforms Thread 4" [_thread_blocked, id=3692, stack(0x000000d2f2f00000,0x000000d2f3000000)]
  0x000001db061449b0 JavaThread "Cache worker for dependencies-accessors (D:\Git and Github\ProjectSynopisis\.gradle\8.2\dependencies-accessors)" [_thread_blocked, id=17028, stack(0x000000d2f3000000,0x000000d2f3100000)]

Other Threads:
  0x000001db7f9ca810 VMThread "VM Thread" [stack: 0x000000d2f0500000,0x000000d2f0600000] [id=24908]
  0x000001db042bfc30 WatcherThread [stack: 0x000000d2f1100000,0x000000d2f1200000] [id=20488]
  0x000001db6647c800 GCTaskThread "GC Thread#0" [stack: 0x000000d2f0000000,0x000000d2f0100000] [id=21864]
  0x000001db0464d5d0 GCTaskThread "GC Thread#1" [stack: 0x000000d2f1300000,0x000000d2f1400000] [id=15504]
  0x000001db046d1c30 GCTaskThread "GC Thread#2" [stack: 0x000000d2f1400000,0x000000d2f1500000] [id=9296]
  0x000001db04ecf8c0 GCTaskThread "GC Thread#3" [stack: 0x000000d2f1500000,0x000000d2f1600000] [id=15604]
  0x000001db6648d5e0 ConcurrentGCThread "G1 Main Marker" [stack: 0x000000d2f0100000,0x000000d2f0200000] [id=9668]
  0x000001db6648e630 ConcurrentGCThread "G1 Conc#0" [stack: 0x000000d2f0200000,0x000000d2f0300000] [id=15484]
  0x000001db664de350 ConcurrentGCThread "G1 Refine#0" [stack: 0x000000d2f0300000,0x000000d2f0400000] [id=26136]
  0x000001db04d38080 ConcurrentGCThread "G1 Refine#1" [stack: 0x000000d2f1600000,0x000000d2f1700000] [id=15880]
  0x000001db05bbeeb0 ConcurrentGCThread "G1 Refine#2" [stack: 0x000000d2f2b00000,0x000000d2f2c00000] [id=20584]
  0x000001db664dec10 ConcurrentGCThread "G1 Service" [stack: 0x000000d2f0400000,0x000000d2f0500000] [id=20780]

Threads with active compile tasks:
C2 CompilerThread0    13196 4225       4       org.gradle.internal.service.DefaultServiceRegistry$OwnServices::getService (309 bytes)

VM state: not at safepoint (normal execution)

VM Mutex/Monitor currently owned by a thread: None

Heap address: 0x0000000080000000, size: 2048 MB, Compressed Oops mode: 32-bit

CDS archive(s) not mapped
Compressed class space mapped at: 0x0000000100000000-0x0000000140000000, reserved size: 1073741824
Narrow klass base: 0x0000000000000000, Narrow klass shift: 3, Narrow klass range: 0x140000000

GC Precious Log:
 CPUs: 4 total, 4 available
 Memory: 6086M
 Large Page Support: Disabled
 NUMA Support: Disabled
 Compressed Oops: Enabled (32-bit)
 Heap Region Size: 1M
 Heap Min Capacity: 8M
 Heap Initial Capacity: 96M
 Heap Max Capacity: 2G
 Pre-touch: Disabled
 Parallel Workers: 4
 Concurrent Workers: 1
 Concurrent Refinement Workers: 4
 Periodic GC: Disabled

Heap:
 garbage-first heap   total 82944K, used 41139K [0x0000000080000000, 0x0000000100000000)
  region size 1024K, 10 young (10240K), 2 survivors (2048K)
 Metaspace       used 50871K, committed 51328K, reserved 1114112K
  class space    used 6758K, committed 6976K, reserved 1048576K

Heap Regions: E=young(eden), S=young(survivor), O=old, HS=humongous(starts), HC=humongous(continues), CS=collection set, F=free, OA=open archive, CA=closed archive, TAMS=top-at-mark-start (previous, next)
|   0|0x0000000080000000, 0x0000000080100000, 0x0000000080100000|100%| O|  |TAMS 0x0000000080100000, 0x0000000080000000| Untracked 
|   1|0x0000000080100000, 0x0000000080200000, 0x0000000080200000|100%| O|  |TAMS 0x0000000080200000, 0x0000000080100000| Untracked 
|   2|0x0000000080200000, 0x0000000080300000, 0x0000000080300000|100%|HS|  |TAMS 0x0000000080300000, 0x0000000080200000| Complete 
|   3|0x0000000080300000, 0x0000000080400000, 0x0000000080400000|100%|HC|  |TAMS 0x0000000080400000, 0x0000000080300000| Complete 
|   4|0x0000000080400000, 0x0000000080500000, 0x0000000080500000|100%|HC|  |TAMS 0x0000000080500000, 0x0000000080400000| Complete 
|   5|0x0000000080500000, 0x0000000080600000, 0x0000000080600000|100%|HC|  |TAMS 0x0000000080600000, 0x0000000080500000| Complete 
|   6|0x0000000080600000, 0x0000000080700000, 0x0000000080700000|100%| O|  |TAMS 0x0000000080700000, 0x0000000080600000| Untracked 
|   7|0x0000000080700000, 0x0000000080800000, 0x0000000080800000|100%| O|  |TAMS 0x0000000080800000, 0x0000000080700000| Untracked 
|   8|0x0000000080800000, 0x0000000080900000, 0x0000000080900000|100%| O|  |TAMS 0x0000000080900000, 0x0000000080800000| Untracked 
|   9|0x0000000080900000, 0x0000000080a00000, 0x0000000080a00000|100%| O|  |TAMS 0x0000000080a00000, 0x0000000080900000| Untracked 
|  10|0x0000000080a00000, 0x0000000080a56e00, 0x0000000080b00000| 33%| O|  |TAMS 0x0000000080a56e00, 0x0000000080a00000| Untracked 
|  11|0x0000000080b00000, 0x0000000080c00000, 0x0000000080c00000|100%| O|  |TAMS 0x0000000080c00000, 0x0000000080b00000| Untracked 
|  12|0x0000000080c00000, 0x0000000080d00000, 0x0000000080d00000|100%| O|  |TAMS 0x0000000080d00000, 0x0000000080c00000| Untracked 
|  13|0x0000000080d00000, 0x0000000080e00000, 0x0000000080e00000|100%| O|  |TAMS 0x0000000080e00000, 0x0000000080d00000| Untracked 
|  14|0x0000000080e00000, 0x0000000080f00000, 0x0000000080f00000|100%| O|  |TAMS 0x0000000080f00000, 0x0000000080e00000| Untracked 
|  15|0x0000000080f00000, 0x0000000081000000, 0x0000000081000000|100%| O|  |TAMS 0x0000000081000000, 0x0000000080f00000| Untracked 
|  16|0x0000000081000000, 0x0000000081100000, 0x0000000081100000|100%| O|  |TAMS 0x0000000081100000, 0x0000000081000000| Untracked 
|  17|0x0000000081100000, 0x0000000081200000, 0x0000000081200000|100%| O|  |TAMS 0x0000000081200000, 0x0000000081100000| Untracked 
|  18|0x0000000081200000, 0x0000000081300000, 0x0000000081300000|100%| O|  |TAMS 0x0000000081300000, 0x0000000081200000| Untracked 
|  19|0x0000000081300000, 0x0000000081400000, 0x0000000081400000|100%| O|  |TAMS 0x0000000081400000, 0x0000000081300000| Untracked 
|  20|0x0000000081400000, 0x0000000081500000, 0x0000000081500000|100%| O|  |TAMS 0x000000008141f200, 0x0000000081400000| Untracked 
|  21|0x0000000081500000, 0x0000000081600000, 0x0000000081600000|100%| O|  |TAMS 0x0000000081500000, 0x0000000081500000| Untracked 
|  22|0x0000000081600000, 0x0000000081700000, 0x0000000081700000|100%| O|  |TAMS 0x0000000081600000, 0x0000000081600000| Untracked 
|  23|0x0000000081700000, 0x0000000081800000, 0x0000000081800000|100%| O|  |TAMS 0x0000000081700000, 0x0000000081700000| Untracked 
|  24|0x0000000081800000, 0x0000000081800000, 0x0000000081900000|  0%| F|  |TAMS 0x0000000081800000, 0x0000000081800000| Untracked 
|  25|0x0000000081900000, 0x0000000081900000, 0x0000000081a00000|  0%| F|  |TAMS 0x0000000081900000, 0x0000000081900000| Untracked 
|  26|0x0000000081a00000, 0x0000000081b00000, 0x0000000081b00000|100%| O|  |TAMS 0x0000000081a00000, 0x0000000081a00000| Untracked 
|  27|0x0000000081b00000, 0x0000000081c00000, 0x0000000081c00000|100%| O|  |TAMS 0x0000000081b00000, 0x0000000081b00000| Untracked 
|  28|0x0000000081c00000, 0x0000000081d00000, 0x0000000081d00000|100%| O|  |TAMS 0x0000000081c00000, 0x0000000081c00000| Untracked 
|  29|0x0000000081d00000, 0x0000000081e00000, 0x0000000081e00000|100%| O|  |TAMS 0x0000000081d00000, 0x0000000081d00000| Untracked 
|  30|0x0000000081e00000, 0x0000000081f00000, 0x0000000081f00000|100%| O|  |TAMS 0x0000000081e00000, 0x0000000081e00000| Untracked 
|  31|0x0000000081f00000, 0x0000000082000000, 0x0000000082000000|100%| O|  |TAMS 0x0000000081f00000, 0x0000000081f00000| Untracked 
|  32|0x0000000082000000, 0x0000000082100000, 0x0000000082100000|100%| O|  |TAMS 0x0000000082000000, 0x0000000082000000| Untracked 
|  33|0x0000000082100000, 0x0000000082131200, 0x0000000082200000| 19%| O|  |TAMS 0x0000000082100000, 0x0000000082100000| Untracked 
|  34|0x0000000082200000, 0x0000000082200000, 0x0000000082300000|  0%| F|  |TAMS 0x0000000082200000, 0x0000000082200000| Untracked 
|  35|0x0000000082300000, 0x0000000082300000, 0x0000000082400000|  0%| F|  |TAMS 0x0000000082300000, 0x0000000082300000| Untracked 
|  36|0x0000000082400000, 0x0000000082500000, 0x0000000082500000|100%| O|  |TAMS 0x0000000082400000, 0x0000000082400000| Untracked 
|  37|0x0000000082500000, 0x0000000082500000, 0x0000000082600000|  0%| F|  |TAMS 0x0000000082500000, 0x0000000082500000| Untracked 
|  38|0x0000000082600000, 0x0000000082600000, 0x0000000082700000|  0%| F|  |TAMS 0x0000000082600000, 0x0000000082600000| Untracked 
|  39|0x0000000082700000, 0x0000000082700000, 0x0000000082800000|  0%| F|  |TAMS 0x0000000082700000, 0x0000000082700000| Untracked 
|  40|0x0000000082800000, 0x0000000082800000, 0x0000000082900000|  0%| F|  |TAMS 0x0000000082800000, 0x0000000082800000| Untracked 
|  41|0x0000000082900000, 0x0000000082900000, 0x0000000082a00000|  0%| F|  |TAMS 0x0000000082900000, 0x0000000082900000| Untracked 
|  42|0x0000000082a00000, 0x0000000082a00000, 0x0000000082b00000|  0%| F|  |TAMS 0x0000000082a00000, 0x0000000082a00000| Untracked 
|  43|0x0000000082b00000, 0x0000000082b00000, 0x0000000082c00000|  0%| F|  |TAMS 0x0000000082b00000, 0x0000000082b00000| Untracked 
|  44|0x0000000082c00000, 0x0000000082ca4d00, 0x0000000082d00000| 64%| S|CS|TAMS 0x0000000082c00000, 0x0000000082c00000| Complete 
|  45|0x0000000082d00000, 0x0000000082d00000, 0x0000000082e00000|  0%| F|  |TAMS 0x0000000082d00000, 0x0000000082d00000| Untracked 
|  46|0x0000000082e00000, 0x0000000082e00000, 0x0000000082f00000|  0%| F|  |TAMS 0x0000000082e00000, 0x0000000082e00000| Untracked 
|  47|0x0000000082f00000, 0x0000000082f00000, 0x0000000083000000|  0%| F|  |TAMS 0x0000000082f00000, 0x0000000082f00000| Untracked 
|  48|0x0000000083000000, 0x0000000083000000, 0x0000000083100000|  0%| F|  |TAMS 0x0000000083000000, 0x0000000083000000| Untracked 
|  49|0x0000000083100000, 0x0000000083100000, 0x0000000083200000|  0%| F|  |TAMS 0x0000000083100000, 0x0000000083100000| Untracked 
|  50|0x0000000083200000, 0x0000000083300000, 0x0000000083300000|100%| S|CS|TAMS 0x0000000083200000, 0x0000000083200000| Complete 
|  51|0x0000000083300000, 0x0000000083300000, 0x0000000083400000|  0%| F|  |TAMS 0x0000000083300000, 0x0000000083300000| Untracked 
|  52|0x0000000083400000, 0x0000000083400000, 0x0000000083500000|  0%| F|  |TAMS 0x0000000083400000, 0x0000000083400000| Untracked 
|  53|0x0000000083500000, 0x0000000083500000, 0x0000000083600000|  0%| F|  |TAMS 0x0000000083500000, 0x0000000083500000| Untracked 
|  54|0x0000000083600000, 0x0000000083600000, 0x0000000083700000|  0%| F|  |TAMS 0x0000000083600000, 0x0000000083600000| Untracked 
|  55|0x0000000083700000, 0x0000000083700000, 0x0000000083800000|  0%| F|  |TAMS 0x0000000083700000, 0x0000000083700000| Untracked 
|  56|0x0000000083800000, 0x0000000083800000, 0x0000000083900000|  0%| F|  |TAMS 0x0000000083800000, 0x0000000083800000| Untracked 
|  57|0x0000000083900000, 0x0000000083900000, 0x0000000083a00000|  0%| F|  |TAMS 0x0000000083900000, 0x0000000083900000| Untracked 
|  58|0x0000000083a00000, 0x0000000083a00000, 0x0000000083b00000|  0%| F|  |TAMS 0x0000000083a00000, 0x0000000083a00000| Untracked 
|  59|0x0000000083b00000, 0x0000000083b00000, 0x0000000083c00000|  0%| F|  |TAMS 0x0000000083b00000, 0x0000000083b00000| Untracked 
|  60|0x0000000083c00000, 0x0000000083c00000, 0x0000000083d00000|  0%| F|  |TAMS 0x0000000083c00000, 0x0000000083c00000| Untracked 
|  61|0x0000000083d00000, 0x0000000083d00000, 0x0000000083e00000|  0%| F|  |TAMS 0x0000000083d00000, 0x0000000083d00000| Untracked 
|  62|0x0000000083e00000, 0x0000000083e00000, 0x0000000083f00000|  0%| F|  |TAMS 0x0000000083e00000, 0x0000000083e00000| Untracked 
|  63|0x0000000083f00000, 0x0000000083f00000, 0x0000000084000000|  0%| F|  |TAMS 0x0000000083f00000, 0x0000000083f00000| Untracked 
|  64|0x0000000084000000, 0x0000000084000000, 0x0000000084100000|  0%| F|  |TAMS 0x0000000084000000, 0x0000000084000000| Untracked 
|  65|0x0000000084100000, 0x0000000084100000, 0x0000000084200000|  0%| F|  |TAMS 0x0000000084100000, 0x0000000084100000| Untracked 
|  66|0x0000000084200000, 0x0000000084200000, 0x0000000084300000|  0%| F|  |TAMS 0x0000000084200000, 0x0000000084200000| Untracked 
|  67|0x0000000084300000, 0x0000000084300000, 0x0000000084400000|  0%| F|  |TAMS 0x0000000084300000, 0x0000000084300000| Untracked 
|  68|0x0000000084400000, 0x0000000084400000, 0x0000000084500000|  0%| F|  |TAMS 0x0000000084400000, 0x0000000084400000| Untracked 
|  69|0x0000000084500000, 0x0000000084500000, 0x0000000084600000|  0%| F|  |TAMS 0x0000000084500000, 0x0000000084500000| Untracked 
|  70|0x0000000084600000, 0x0000000084600000, 0x0000000084700000|  0%| F|  |TAMS 0x0000000084600000, 0x0000000084600000| Untracked 
|  71|0x0000000084700000, 0x0000000084700000, 0x0000000084800000|  0%| F|  |TAMS 0x0000000084700000, 0x0000000084700000| Untracked 
|  72|0x0000000084800000, 0x0000000084800000, 0x0000000084900000|  0%| F|  |TAMS 0x0000000084800000, 0x0000000084800000| Untracked 
|  73|0x0000000084900000, 0x0000000084a00000, 0x0000000084a00000|100%| E|  |TAMS 0x0000000084900000, 0x0000000084900000| Complete 
|  74|0x0000000084a00000, 0x0000000084b00000, 0x0000000084b00000|100%| E|CS|TAMS 0x0000000084a00000, 0x0000000084a00000| Complete 
|  75|0x0000000084b00000, 0x0000000084c00000, 0x0000000084c00000|100%| E|CS|TAMS 0x0000000084b00000, 0x0000000084b00000| Complete 
|  76|0x0000000084c00000, 0x0000000084d00000, 0x0000000084d00000|100%| E|CS|TAMS 0x0000000084c00000, 0x0000000084c00000| Complete 
|  77|0x0000000084d00000, 0x0000000084e00000, 0x0000000084e00000|100%| E|CS|TAMS 0x0000000084d00000, 0x0000000084d00000| Complete 
|  78|0x0000000084e00000, 0x0000000084f00000, 0x0000000084f00000|100%| E|CS|TAMS 0x0000000084e00000, 0x0000000084e00000| Complete 
|  79|0x0000000084f00000, 0x0000000085000000, 0x0000000085000000|100%| E|CS|TAMS 0x0000000084f00000, 0x0000000084f00000| Complete 
|  95|0x0000000085f00000, 0x0000000086000000, 0x0000000086000000|100%| E|CS|TAMS 0x0000000085f00000, 0x0000000085f00000| Complete 

Card table byte_map: [0x000001db78cf0000,0x000001db790f0000] _byte_map_base: 0x000001db788f0000

Marking Bits (Prev, Next): (CMBitMap*) 0x000001db6647ccb0, (CMBitMap*) 0x000001db6647ccf0
 Prev Bits: [0x000001db794f0000, 0x000001db7b4f0000)
 Next Bits: [0x000001db7b4f0000, 0x000001db7d4f0000)

Polling page: 0x000001db643c0000

Metaspace:

Usage:
  Non-class:     43.09 MB used.
      Class:      6.60 MB used.
       Both:     49.70 MB used.

Virtual space:
  Non-class space:       64.00 MB reserved,      43.31 MB ( 68%) committed,  1 nodes.
      Class space:        1.00 GB reserved,       6.81 MB ( <1%) committed,  1 nodes.
             Both:        1.06 GB reserved,      50.12 MB (  5%) committed. 

Chunk freelists:
   Non-Class:  4.02 MB
       Class:  9.23 MB
        Both:  13.25 MB

MaxMetaspaceSize: unlimited
CompressedClassSpaceSize: 1.00 GB
Initial GC threshold: 21.00 MB
Current GC threshold: 59.00 MB
CDS: off
MetaspaceReclaimPolicy: balanced
 - commit_granule_bytes: 65536.
 - commit_granule_words: 8192.
 - virtual_space_node_default_size: 8388608.
 - enlarge_chunks_in_place: 1.
 - new_chunks_are_fully_committed: 0.
 - uncommit_free_chunks: 1.
 - use_allocation_guard: 0.
 - handle_deallocations: 1.


Internal statistics:

num_allocs_failed_limit: 6.
num_arena_births: 384.
num_arena_deaths: 0.
num_vsnodes_births: 2.
num_vsnodes_deaths: 0.
num_space_committed: 802.
num_space_uncommitted: 0.
num_chunks_returned_to_freelist: 6.
num_chunks_taken_from_freelist: 1947.
num_chunk_merges: 6.
num_chunk_splits: 1313.
num_chunks_enlarged: 916.
num_inconsistent_stats: 0.

CodeHeap 'non-profiled nmethods': size=120000Kb used=1933Kb max_used=1933Kb free=118066Kb
 bounds [0x000001db713c0000, 0x000001db71630000, 0x000001db788f0000]
CodeHeap 'profiled nmethods': size=120000Kb used=8366Kb max_used=8366Kb free=111634Kb
 bounds [0x000001db698f0000, 0x000001db6a120000, 0x000001db70e20000]
CodeHeap 'non-nmethods': size=5760Kb used=2306Kb max_used=2336Kb free=3454Kb
 bounds [0x000001db70e20000, 0x000001db71090000, 0x000001db713c0000]
 total_blobs=5039 nmethods=4216 adapters=734
 compilation: enabled
              stopped_count=0, restarted_count=0
 full_count=0

Compilation events (20 events):
Event: 12.947 Thread 0x000001db04024fc0 4259       3       java.lang.invoke.LambdaFormEditor$TransformKey::packedBytes (32 bytes)
Event: 12.947 Thread 0x000001db04024fc0 nmethod 4259 0x000001db6a112d10 code [0x000001db6a112ea0, 0x000001db6a112fb8]
Event: 12.977 Thread 0x000001db04024fc0 4260       3       java.lang.invoke.BoundMethodHandle$Species_L::<init> (12 bytes)
Event: 12.978 Thread 0x000001db04024fc0 nmethod 4260 0x000001db6a113090 code [0x000001db6a113240, 0x000001db6a113468]
Event: 12.981 Thread 0x000001db04024fc0 4261       3       java.lang.invoke.DirectMethodHandle::shouldBeInitialized (127 bytes)
Event: 12.982 Thread 0x000001db04024fc0 nmethod 4261 0x000001db6a113590 code [0x000001db6a113800, 0x000001db6a1141d8]
Event: 12.986 Thread 0x000001db04024fc0 4262       3       java.lang.invoke.LambdaFormEditor::bindArgumentType (101 bytes)
Event: 12.987 Thread 0x000001db04024fc0 nmethod 4262 0x000001db6a114490 code [0x000001db6a114640, 0x000001db6a114868]
Event: 12.987 Thread 0x000001db04024fc0 4263       3       java.lang.invoke.LambdaFormEditor::bindArgumentForm (269 bytes)
Event: 12.990 Thread 0x000001db04024fc0 nmethod 4263 0x000001db6a114990 code [0x000001db6a114d40, 0x000001db6a116548]
Event: 12.996 Thread 0x000001db04024fc0 4264       3       java.util.Collections$SingletonSet::contains (9 bytes)
Event: 12.996 Thread 0x000001db04024fc0 nmethod 4264 0x000001db6a116f90 code [0x000001db6a117140, 0x000001db6a117428]
Event: 12.997 Thread 0x000001db04024fc0 4265       3       java.util.Collections::eq (22 bytes)
Event: 12.997 Thread 0x000001db04024fc0 nmethod 4265 0x000001db6a117510 code [0x000001db6a1176c0, 0x000001db6a117928]
Event: 13.088 Thread 0x000001db04024fc0 4268       3       java.util.regex.Pattern::range (294 bytes)
Event: 13.091 Thread 0x000001db04024fc0 nmethod 4268 0x000001db6a117a10 code [0x000001db6a117e40, 0x000001db6a119698]
Event: 13.116 Thread 0x000001db04024fc0 4269       3       com.google.common.base.Preconditions::checkState (17 bytes)
Event: 13.116 Thread 0x000001db04024fc0 nmethod 4269 0x000001db6a119f10 code [0x000001db6a11a0e0, 0x000001db6a11a458]
Event: 13.139 Thread 0x000001db04024fc0 4272       3       com.google.common.collect.RegularImmutableList::size (6 bytes)
Event: 13.139 Thread 0x000001db04024fc0 nmethod 4272 0x000001db6a11a610 code [0x000001db6a11a7a0, 0x000001db6a11a8b8]

GC Heap History (20 events):
Event: 3.141 GC heap before
{Heap before GC invocations=2 (full 0):
 garbage-first heap   total 98304K, used 31106K [0x0000000080000000, 0x0000000100000000)
  region size 1024K, 23 young (23552K), 3 survivors (3072K)
 Metaspace       used 11407K, committed 11584K, reserved 1114112K
  class space    used 1183K, committed 1280K, reserved 1048576K
}
Event: 3.148 GC heap after
{Heap after GC invocations=3 (full 0):
 garbage-first heap   total 98304K, used 11061K [0x0000000080000000, 0x0000000100000000)
  region size 1024K, 1 young (1024K), 1 survivors (1024K)
 Metaspace       used 11407K, committed 11584K, reserved 1114112K
  class space    used 1183K, committed 1280K, reserved 1048576K
}
Event: 5.706 GC heap before
{Heap before GC invocations=3 (full 0):
 garbage-first heap   total 98304K, used 59189K [0x0000000080000000, 0x0000000100000000)
  region size 1024K, 49 young (50176K), 1 survivors (1024K)
 Metaspace       used 21307K, committed 21504K, reserved 1114112K
  class space    used 2571K, committed 2688K, reserved 1048576K
}
Event: 5.718 GC heap after
{Heap after GC invocations=4 (full 0):
 garbage-first heap   total 98304K, used 18561K [0x0000000080000000, 0x0000000100000000)
  region size 1024K, 8 young (8192K), 8 survivors (8192K)
 Metaspace       used 21307K, committed 21504K, reserved 1114112K
  class space    used 2571K, committed 2688K, reserved 1048576K
}
Event: 6.940 GC heap before
{Heap before GC invocations=5 (full 0):
 garbage-first heap   total 68608K, used 51329K [0x0000000080000000, 0x0000000100000000)
  region size 1024K, 40 young (40960K), 8 survivors (8192K)
 Metaspace       used 25926K, committed 26240K, reserved 1114112K
  class space    used 3388K, committed 3520K, reserved 1048576K
}
Event: 6.956 GC heap after
{Heap after GC invocations=6 (full 0):
 garbage-first heap   total 68608K, used 20342K [0x0000000080000000, 0x0000000100000000)
  region size 1024K, 3 young (3072K), 3 survivors (3072K)
 Metaspace       used 25926K, committed 26240K, reserved 1114112K
  class space    used 3388K, committed 3520K, reserved 1048576K
}
Event: 7.908 GC heap before
{Heap before GC invocations=6 (full 0):
 garbage-first heap   total 68608K, used 47990K [0x0000000080000000, 0x0000000100000000)
  region size 1024K, 31 young (31744K), 3 survivors (3072K)
 Metaspace       used 29895K, committed 30208K, reserved 1114112K
  class space    used 4028K, committed 4160K, reserved 1048576K
}
Event: 7.915 GC heap after
{Heap after GC invocations=7 (full 0):
 garbage-first heap   total 68608K, used 21524K [0x0000000080000000, 0x0000000100000000)
  region size 1024K, 4 young (4096K), 4 survivors (4096K)
 Metaspace       used 29895K, committed 30208K, reserved 1114112K
  class space    used 4028K, committed 4160K, reserved 1048576K
}
Event: 8.977 GC heap before
{Heap before GC invocations=7 (full 0):
 garbage-first heap   total 68608K, used 50196K [0x0000000080000000, 0x0000000100000000)
  region size 1024K, 32 young (32768K), 4 survivors (4096K)
 Metaspace       used 33751K, committed 34048K, reserved 1114112K
  class space    used 4639K, committed 4736K, reserved 1048576K
}
Event: 8.987 GC heap after
{Heap after GC invocations=8 (full 0):
 garbage-first heap   total 68608K, used 22724K [0x0000000080000000, 0x0000000100000000)
  region size 1024K, 3 young (3072K), 3 survivors (3072K)
 Metaspace       used 33751K, committed 34048K, reserved 1114112K
  class space    used 4639K, committed 4736K, reserved 1048576K
}
Event: 9.399 GC heap before
{Heap before GC invocations=8 (full 0):
 garbage-first heap   total 68608K, used 33988K [0x0000000080000000, 0x0000000100000000)
  region size 1024K, 15 young (15360K), 3 survivors (3072K)
 Metaspace       used 35763K, committed 36096K, reserved 1114112K
  class space    used 4950K, committed 5120K, reserved 1048576K
}
Event: 9.408 GC heap after
{Heap after GC invocations=9 (full 0):
 garbage-first heap   total 68608K, used 23803K [0x0000000080000000, 0x0000000100000000)
  region size 1024K, 3 young (3072K), 3 survivors (3072K)
 Metaspace       used 35763K, committed 36096K, reserved 1114112K
  class space    used 4950K, committed 5120K, reserved 1048576K
}
Event: 10.237 GC heap before
{Heap before GC invocations=10 (full 0):
 garbage-first heap   total 68608K, used 51451K [0x0000000080000000, 0x0000000100000000)
  region size 1024K, 31 young (31744K), 3 survivors (3072K)
 Metaspace       used 41117K, committed 41408K, reserved 1114112K
  class space    used 5469K, committed 5568K, reserved 1048576K
}
Event: 10.248 GC heap after
{Heap after GC invocations=11 (full 0):
 garbage-first heap   total 68608K, used 27444K [0x0000000080000000, 0x0000000100000000)
  region size 1024K, 4 young (4096K), 4 survivors (4096K)
 Metaspace       used 41117K, committed 41408K, reserved 1114112K
  class space    used 5469K, committed 5568K, reserved 1048576K
}
Event: 10.889 GC heap before
{Heap before GC invocations=11 (full 0):
 garbage-first heap   total 68608K, used 56116K [0x0000000080000000, 0x0000000100000000)
  region size 1024K, 28 young (28672K), 4 survivors (4096K)
 Metaspace       used 43305K, committed 43648K, reserved 1114112K
  class space    used 5682K, committed 5824K, reserved 1048576K
}
Event: 10.902 GC heap after
{Heap after GC invocations=12 (full 0):
 garbage-first heap   total 82944K, used 29982K [0x0000000080000000, 0x0000000100000000)
  region size 1024K, 3 young (3072K), 3 survivors (3072K)
 Metaspace       used 43305K, committed 43648K, reserved 1114112K
  class space    used 5682K, committed 5824K, reserved 1048576K
}
Event: 11.934 GC heap before
{Heap before GC invocations=12 (full 0):
 garbage-first heap   total 82944K, used 61726K [0x0000000080000000, 0x0000000100000000)
  region size 1024K, 34 young (34816K), 3 survivors (3072K)
 Metaspace       used 45956K, committed 46336K, reserved 1114112K
  class space    used 6115K, committed 6272K, reserved 1048576K
}
Event: 11.944 GC heap after
{Heap after GC invocations=13 (full 0):
 garbage-first heap   total 82944K, used 32299K [0x0000000080000000, 0x0000000100000000)
  region size 1024K, 5 young (5120K), 5 survivors (5120K)
 Metaspace       used 45956K, committed 46336K, reserved 1114112K
  class space    used 6115K, committed 6272K, reserved 1048576K
}
Event: 12.948 GC heap before
{Heap before GC invocations=13 (full 0):
 garbage-first heap   total 82944K, used 64043K [0x0000000080000000, 0x0000000100000000)
  region size 1024K, 35 young (35840K), 5 survivors (5120K)
 Metaspace       used 49805K, committed 50240K, reserved 1114112K
  class space    used 6623K, committed 6784K, reserved 1048576K
}
Event: 12.960 GC heap after
{Heap after GC invocations=14 (full 0):
 garbage-first heap   total 82944K, used 33971K [0x0000000080000000, 0x0000000100000000)
  region size 1024K, 2 young (2048K), 2 survivors (2048K)
 Metaspace       used 49805K, committed 50240K, reserved 1114112K
  class space    used 6623K, committed 6784K, reserved 1048576K
}

Dll operation events (3 events):
Event: 0.034 Loaded shared library C:\Program Files\Android\Android Studio1\jbr\bin\java.dll
Event: 0.389 Loaded shared library C:\Program Files\Android\Android Studio1\jbr\bin\zip.dll
Event: 1.559 Loaded shared library C:\Program Files\Android\Android Studio1\jbr\bin\verify.dll

Deoptimization events (20 events):
Event: 12.252 Thread 0x000001db0580bae0 Uncommon trap: trap_request=0xffffff45 fr.pc=0x000001db714199b4 relative=0x0000000000000134
Event: 12.252 Thread 0x000001db0580bae0 Uncommon trap: reason=unstable_if action=reinterpret pc=0x000001db714199b4 method=java.net.URI.match(CJJ)Z @ 45 c2
Event: 12.252 Thread 0x000001db0580bae0 DEOPT PACKING pc=0x000001db714199b4 sp=0x000000d2f1cf91f0
Event: 12.252 Thread 0x000001db0580bae0 DEOPT UNPACKING pc=0x000001db70e769a3 sp=0x000000d2f1cf9128 mode 2
Event: 12.362 Thread 0x000001db0580bae0 Uncommon trap: trap_request=0xffffff45 fr.pc=0x000001db713e8d28 relative=0x00000000000000a8
Event: 12.362 Thread 0x000001db0580bae0 Uncommon trap: reason=unstable_if action=reinterpret pc=0x000001db713e8d28 method=java.net.URI.match(CJJ)Z @ 45 c2
Event: 12.362 Thread 0x000001db0580bae0 DEOPT PACKING pc=0x000001db713e8d28 sp=0x000000d2f1cf9180
Event: 12.362 Thread 0x000001db0580bae0 DEOPT UNPACKING pc=0x000001db70e769a3 sp=0x000000d2f1cf9130 mode 2
Event: 12.650 Thread 0x000001db0580bae0 Uncommon trap: trap_request=0xffffff76 fr.pc=0x000001db714fe190 relative=0x0000000000000250
Event: 12.650 Thread 0x000001db0580bae0 Uncommon trap: reason=predicate action=maybe_recompile pc=0x000001db714fe190 method=com.google.common.base.CharMatcher.indexIn(Ljava/lang/CharSequence;I)I @ 19 c2
Event: 12.650 Thread 0x000001db0580bae0 DEOPT PACKING pc=0x000001db714fe190 sp=0x000000d2f1cf7840
Event: 12.650 Thread 0x000001db0580bae0 DEOPT UNPACKING pc=0x000001db70e769a3 sp=0x000000d2f1cf77e8 mode 2
Event: 12.732 Thread 0x000001db0580bae0 Uncommon trap: trap_request=0xffffffbe fr.pc=0x000001db7159d5cc relative=0x000000000000078c
Event: 12.732 Thread 0x000001db0580bae0 Uncommon trap: reason=profile_predicate action=maybe_recompile pc=0x000001db7159d5cc method=java.lang.PublicMethods$MethodList.filter([Ljava/lang/reflect/Method;Ljava/lang/String;[Ljava/lang/Class;Z)Ljava/lang/PublicMethods$MethodList; @ 21 c2
Event: 12.732 Thread 0x000001db0580bae0 DEOPT PACKING pc=0x000001db7159d5cc sp=0x000000d2f1cf7fc0
Event: 12.732 Thread 0x000001db0580bae0 DEOPT UNPACKING pc=0x000001db70e769a3 sp=0x000000d2f1cf7f78 mode 2
Event: 12.732 Thread 0x000001db0580bae0 Uncommon trap: trap_request=0xffffffbe fr.pc=0x000001db7159d5cc relative=0x000000000000078c
Event: 12.732 Thread 0x000001db0580bae0 Uncommon trap: reason=profile_predicate action=maybe_recompile pc=0x000001db7159d5cc method=java.lang.PublicMethods$MethodList.filter([Ljava/lang/reflect/Method;Ljava/lang/String;[Ljava/lang/Class;Z)Ljava/lang/PublicMethods$MethodList; @ 21 c2
Event: 12.732 Thread 0x000001db0580bae0 DEOPT PACKING pc=0x000001db7159d5cc sp=0x000000d2f1cf7fc0
Event: 12.732 Thread 0x000001db0580bae0 DEOPT UNPACKING pc=0x000001db70e769a3 sp=0x000000d2f1cf7f78 mode 2

Classes unloaded (0 events):
No events

Classes redefined (0 events):
No events

Internal exceptions (20 events):
Event: 11.743 Thread 0x000001db04ad5a20 Exception <a 'java/lang/NoSuchMethodError'{0x00000000837365c0}: static Lorg/gradle/internal/build/event/types/DefaultOperationDescriptor;.<clinit>()V> (0x00000000837365c0) 
thrown [s\src\hotspot\share\prims\jni.cpp, line 1108]
Event: 11.747 Thread 0x000001db04ad5a20 Exception <a 'java/lang/NoSuchMethodError'{0x00000000837cd328}: static Lorg/gradle/internal/operations/OperationIdentifier;.<clinit>()V> (0x00000000837cd328) 
thrown [s\src\hotspot\share\prims\jni.cpp, line 1108]
Event: 11.960 Thread 0x000001db0580bae0 Exception <a 'java/lang/NoSuchMethodError'{0x0000000085f897e8}: 'long java.lang.invoke.DirectMethodHandle$Holder.invokeStatic(java.lang.Object, long)'> (0x0000000085f897e8) 
thrown [s\src\hotspot\share\interpreter\linkResolver.cpp, line 771]
Event: 12.363 Thread 0x000001db0580bae0 Exception <a 'java/lang/NoSuchMethodError'{0x00000000845355a8}: 'void java.lang.invoke.DirectMethodHandle$Holder.invokeStatic(java.lang.Object, java.lang.Object, java.lang.Object, java.lang.Object, java.lang.Object, java.lang.Object)'> (0x00000000845355a8) 
thrown [s\src\hotspot\share\interpreter\linkResolver.cpp, line 771]
Event: 12.413 Thread 0x000001db0580bae0 Exception <a 'java/lang/ClassNotFoundException'{0x000000008443f0a0}: build_eoghug7dn4kyhacdilg11s26tBeanInfo> (0x000000008443f0a0) 
thrown [s\src\hotspot\share\classfile\systemDictionary.cpp, line 256]
Event: 12.414 Thread 0x000001db0580bae0 Exception <a 'java/lang/ClassNotFoundException'{0x0000000084449a40}: org/gradle/api/internal/project/ProjectScriptBeanInfo> (0x0000000084449a40) 
thrown [s\src\hotspot\share\classfile\systemDictionary.cpp, line 256]
Event: 12.414 Thread 0x000001db0580bae0 Exception <a 'java/lang/ClassNotFoundException'{0x0000000084454470}: org/gradle/api/internal/project/ProjectScriptCustomizer> (0x0000000084454470) 
thrown [s\src\hotspot\share\classfile\systemDictionary.cpp, line 256]
Event: 12.417 Thread 0x000001db0580bae0 Exception <a 'java/lang/ClassNotFoundException'{0x000000008446bb50}: build_eoghug7dn4kyhacdilg11s26tCustomizer> (0x000000008446bb50) 
thrown [s\src\hotspot\share\classfile\systemDictionary.cpp, line 256]
Event: 12.432 Thread 0x000001db0580bae0 Exception <a 'java/lang/ClassNotFoundException'{0x00000000844ccc00}: org/gradle/api/internal/initialization/DefaultScriptHandlerBeanInfo> (0x00000000844ccc00) 
thrown [s\src\hotspot\share\classfile\systemDictionary.cpp, line 256]
Event: 12.434 Thread 0x000001db0580bae0 Exception <a 'java/lang/ClassNotFoundException'{0x00000000844dd690}: org/gradle/api/internal/initialization/DefaultScriptHandlerCustomizer> (0x00000000844dd690) 
thrown [s\src\hotspot\share\classfile\systemDictionary.cpp, line 256]
Event: 12.614 Thread 0x000001db0580bae0 Exception <a 'java/lang/ClassNotFoundException'{0x0000000083d8dc50}: org/gradle/api/internal/artifacts/dsl/dependencies/DefaultDependencyHandler_DecoratedBeanInfo> (0x0000000083d8dc50) 
thrown [s\src\hotspot\share\classfile\systemDictionary.cpp, line 256]
Event: 12.615 Thread 0x000001db0580bae0 Exception <a 'java/lang/ClassNotFoundException'{0x0000000083da43e8}: org/gradle/api/internal/artifacts/dsl/dependencies/DefaultDependencyHandlerBeanInfo> (0x0000000083da43e8) 
thrown [s\src\hotspot\share\classfile\systemDictionary.cpp, line 256]
Event: 12.617 Thread 0x000001db0580bae0 Exception <a 'java/lang/ClassNotFoundException'{0x0000000083dba5f0}: org/gradle/api/internal/artifacts/dsl/dependencies/DefaultDependencyHandlerCustomizer> (0x0000000083dba5f0) 
thrown [s\src\hotspot\share\classfile\systemDictionary.cpp, line 256]
Event: 12.623 Thread 0x000001db0580bae0 Exception <a 'java/lang/ClassNotFoundException'{0x0000000083df7d00}: org/gradle/api/internal/artifacts/dsl/dependencies/DefaultDependencyHandler_DecoratedCustomizer> (0x0000000083df7d00) 
thrown [s\src\hotspot\share\classfile\systemDictionary.cpp, line 256]
Event: 12.645 Thread 0x000001db0580bae0 Exception <a 'java/lang/ClassNotFoundException'{0x0000000083cddfa0}: org/gradle/plugin/use/internal/PluginRequestCollector$PluginDependenciesSpecImplBeanInfo> (0x0000000083cddfa0) 
thrown [s\src\hotspot\share\classfile\systemDictionary.cpp, line 256]
Event: 12.646 Thread 0x000001db0580bae0 Exception <a 'java/lang/ClassNotFoundException'{0x0000000083ceece0}: org/gradle/plugin/use/internal/PluginRequestCollector$PluginDependenciesSpecImplCustomizer> (0x0000000083ceece0) 
thrown [s\src\hotspot\share\classfile\systemDictionary.cpp, line 256]
Event: 12.654 Thread 0x000001db0580bae0 Exception <a 'java/lang/ClassNotFoundException'{0x0000000083b27600}: org/gradle/plugin/use/internal/PluginRequestCollector$PluginDependencySpecImplBeanInfo> (0x0000000083b27600) 
thrown [s\src\hotspot\share\classfile\systemDictionary.cpp, line 256]
Event: 12.656 Thread 0x000001db0580bae0 Exception <a 'java/lang/ClassNotFoundException'{0x0000000083b382e0}: org/gradle/plugin/use/internal/PluginRequestCollector$PluginDependencySpecImplCustomizer> (0x0000000083b382e0) 
thrown [s\src\hotspot\share\classfile\systemDictionary.cpp, line 256]
Event: 12.813 Thread 0x000001db0580bae0 Exception <a 'java/lang/NoSuchMethodError'{0x0000000083702b18}: 'java.lang.Object java.lang.invoke.DirectMethodHandle$Holder.newInvokeSpecial(java.lang.Object, int, java.lang.Object)'> (0x0000000083702b18) 
thrown [s\src\hotspot\share\interpreter\linkResolver.cpp, line 771]
Event: 13.127 Thread 0x000001db0580bae0 Exception <a 'java/lang/NoSuchMethodError'{0x0000000084cf76c8}: 'int java.lang.invoke.DirectMethodHandle$Holder.invokeSpecialIFC(java.lang.Object, java.lang.Object, java.lang.Object)'> (0x0000000084cf76c8) 
thrown [s\src\hotspot\share\interpreter\linkResolver.cpp, line 771]

VM Operations (20 events):
Event: 10.033 Executing VM operation: HandshakeAllThreads
Event: 10.033 Executing VM operation: HandshakeAllThreads done
Event: 10.151 Executing VM operation: HandshakeAllThreads
Event: 10.152 Executing VM operation: HandshakeAllThreads done
Event: 10.236 Executing VM operation: G1CollectForAllocation
Event: 10.248 Executing VM operation: G1CollectForAllocation done
Event: 10.889 Executing VM operation: G1CollectForAllocation
Event: 10.902 Executing VM operation: G1CollectForAllocation done
Event: 11.590 Executing VM operation: HandshakeAllThreads
Event: 11.590 Executing VM operation: HandshakeAllThreads done
Event: 11.703 Executing VM operation: HandshakeAllThreads
Event: 11.704 Executing VM operation: HandshakeAllThreads done
Event: 11.704 Executing VM operation: ICBufferFull
Event: 11.704 Executing VM operation: ICBufferFull done
Event: 11.934 Executing VM operation: G1CollectForAllocation
Event: 11.944 Executing VM operation: G1CollectForAllocation done
Event: 11.977 Executing VM operation: HandshakeAllThreads
Event: 11.977 Executing VM operation: HandshakeAllThreads done
Event: 12.948 Executing VM operation: G1CollectForAllocation
Event: 12.960 Executing VM operation: G1CollectForAllocation done

Events (20 events):
Event: 12.268 loading class javax/net/ssl/TrustManager
Event: 12.270 loading class javax/net/ssl/TrustManager done
Event: 12.271 loading class javax/net/ssl/X509TrustManager
Event: 12.271 loading class javax/net/ssl/X509TrustManager done
Event: 12.276 loading class javax/net/ssl/SSLException
Event: 12.276 loading class javax/net/ssl/SSLException done
Event: 12.276 loading class javax/net/ssl/SSLPeerUnverifiedException
Event: 12.276 loading class javax/net/ssl/SSLPeerUnverifiedException done
Event: 12.276 loading class java/security/cert/CertificateParsingException
Event: 12.277 loading class java/security/cert/CertificateException
Event: 12.277 loading class java/security/cert/CertificateException done
Event: 12.277 loading class java/security/cert/CertificateParsingException done
Event: 12.277 loading class javax/naming/NamingException
Event: 12.278 loading class javax/naming/NamingException done
Event: 12.278 loading class javax/naming/InvalidNameException
Event: 12.278 loading class javax/naming/InvalidNameException done
Event: 12.743 loading class java/io/DeleteOnExitHook
Event: 12.744 loading class java/io/DeleteOnExitHook done
Event: 12.744 loading class java/io/DeleteOnExitHook$1
Event: 12.744 loading class java/io/DeleteOnExitHook$1 done


Dynamic libraries:
0x00007ff6af020000 - 0x00007ff6af02a000 	C:\Program Files\Android\Android Studio1\jbr\bin\java.exe
0x00007ff968af0000 - 0x00007ff968d07000 	C:\WINDOWS\SYSTEM32\ntdll.dll
0x00007ff967880000 - 0x00007ff967944000 	C:\WINDOWS\System32\KERNEL32.DLL
0x00007ff965e30000 - 0x00007ff9661d6000 	C:\WINDOWS\System32\KERNELBASE.dll
0x00007ff966720000 - 0x00007ff966831000 	C:\WINDOWS\System32\ucrtbase.dll
0x00007ff9567a0000 - 0x00007ff9567bb000 	C:\Program Files\Android\Android Studio1\jbr\bin\VCRUNTIME140.dll
0x00007ff956020000 - 0x00007ff956037000 	C:\Program Files\Android\Android Studio1\jbr\bin\jli.dll
0x00007ff968900000 - 0x00007ff968aae000 	C:\WINDOWS\System32\USER32.dll
0x00007ff9663d0000 - 0x00007ff9663f6000 	C:\WINDOWS\System32\win32u.dll
0x00007ff967bc0000 - 0x00007ff967be9000 	C:\WINDOWS\System32\GDI32.dll
0x00007ff950d40000 - 0x00007ff950fd3000 	C:\WINDOWS\WinSxS\amd64_microsoft.windows.common-controls_6595b64144ccf1df_6.0.22621.2506_none_270c5ae97388e100\COMCTL32.dll
0x00007ff966600000 - 0x00007ff966718000 	C:\WINDOWS\System32\gdi32full.dll
0x00007ff966430000 - 0x00007ff9664ca000 	C:\WINDOWS\System32\msvcp_win.dll
0x00007ff9673e0000 - 0x00007ff967487000 	C:\WINDOWS\System32\msvcrt.dll
0x00007ff9677d0000 - 0x00007ff967801000 	C:\WINDOWS\System32\IMM32.DLL
0x00007ff95ef50000 - 0x00007ff95ef5c000 	C:\Program Files\Android\Android Studio1\jbr\bin\vcruntime140_1.dll
0x00007ff94b800000 - 0x00007ff94b88d000 	C:\Program Files\Android\Android Studio1\jbr\bin\msvcp140.dll
0x00007ff913a30000 - 0x00007ff9146b0000 	C:\Program Files\Android\Android Studio1\jbr\bin\server\jvm.dll
0x00007ff968550000 - 0x00007ff968603000 	C:\WINDOWS\System32\ADVAPI32.dll
0x00007ff967950000 - 0x00007ff9679f8000 	C:\WINDOWS\System32\sechost.dll
0x00007ff966400000 - 0x00007ff966428000 	C:\WINDOWS\System32\bcrypt.dll
0x00007ff9687e0000 - 0x00007ff9688f7000 	C:\WINDOWS\System32\RPCRT4.dll
0x00007ff95ee80000 - 0x00007ff95ee89000 	C:\WINDOWS\SYSTEM32\WSOCK32.dll
0x00007ff966da0000 - 0x00007ff966e11000 	C:\WINDOWS\System32\WS2_32.dll
0x00007ff95d870000 - 0x00007ff95d8a4000 	C:\WINDOWS\SYSTEM32\WINMM.dll
0x00007ff95d4a0000 - 0x00007ff95d4aa000 	C:\WINDOWS\SYSTEM32\VERSION.dll
0x00007ff964e60000 - 0x00007ff964e78000 	C:\WINDOWS\SYSTEM32\kernel.appcore.dll
0x00007ff95ad40000 - 0x00007ff95ad4a000 	C:\Program Files\Android\Android Studio1\jbr\bin\jimage.dll
0x00007ff94ea30000 - 0x00007ff94ec63000 	C:\WINDOWS\SYSTEM32\DBGHELP.DLL
0x00007ff966ed0000 - 0x00007ff967259000 	C:\WINDOWS\System32\combase.dll
0x00007ff966840000 - 0x00007ff966917000 	C:\WINDOWS\System32\OLEAUT32.dll
0x00007ff9448d0000 - 0x00007ff944902000 	C:\WINDOWS\SYSTEM32\dbgcore.DLL
0x00007ff966350000 - 0x00007ff9663ca000 	C:\WINDOWS\System32\bcryptPrimitives.dll
0x00007ff956040000 - 0x00007ff95604e000 	C:\Program Files\Android\Android Studio1\jbr\bin\instrument.dll
0x00007ff956f70000 - 0x00007ff956f95000 	C:\Program Files\Android\Android Studio1\jbr\bin\java.dll
0x00007ff956ae0000 - 0x00007ff956af8000 	C:\Program Files\Android\Android Studio1\jbr\bin\zip.dll
0x00007ff967cf0000 - 0x00007ff96854a000 	C:\WINDOWS\System32\SHELL32.dll
0x00007ff963d80000 - 0x00007ff964676000 	C:\WINDOWS\SYSTEM32\windows.storage.dll
0x00007ff963c40000 - 0x00007ff963d7e000 	C:\WINDOWS\SYSTEM32\wintypes.dll
0x00007ff967670000 - 0x00007ff967763000 	C:\WINDOWS\System32\SHCORE.dll
0x00007ff968610000 - 0x00007ff96866e000 	C:\WINDOWS\System32\shlwapi.dll
0x00007ff965d60000 - 0x00007ff965d86000 	C:\WINDOWS\SYSTEM32\profapi.dll
0x00007ff956920000 - 0x00007ff956939000 	C:\Program Files\Android\Android Studio1\jbr\bin\net.dll
0x00007ff95d1c0000 - 0x00007ff95d2f7000 	C:\WINDOWS\SYSTEM32\WINHTTP.dll
0x00007ff9652e0000 - 0x00007ff965349000 	C:\WINDOWS\system32\mswsock.dll
0x00007ff956900000 - 0x00007ff956916000 	C:\Program Files\Android\Android Studio1\jbr\bin\nio.dll
0x00007ff956790000 - 0x00007ff9567a0000 	C:\Program Files\Android\Android Studio1\jbr\bin\verify.dll
0x00007ff955f10000 - 0x00007ff955f37000 	C:\Users\paras kamboj\.gradle\native\68d5fa5c4cc2d200863cafc0d521ce42e7d3e7ee720ec0a83991735586a16f82\windows-amd64\native-platform.dll
0x00007ff94b6b0000 - 0x00007ff94b7f4000 	C:\Users\paras kamboj\.gradle\native\e376f236ea51e6404a007f0833ffe2c6e607c4080706a723a18a27aeea778392\windows-amd64\native-platform-file-events.dll
0x00007ff956280000 - 0x00007ff956289000 	C:\Program Files\Android\Android Studio1\jbr\bin\management.dll
0x00007ff956270000 - 0x00007ff95627b000 	C:\Program Files\Android\Android Studio1\jbr\bin\management_ext.dll
0x00007ff9672e0000 - 0x00007ff9672e8000 	C:\WINDOWS\System32\PSAPI.DLL
0x00007ff965530000 - 0x00007ff96554b000 	C:\WINDOWS\SYSTEM32\CRYPTSP.dll
0x00007ff964dc0000 - 0x00007ff964df5000 	C:\WINDOWS\system32\rsaenh.dll
0x00007ff9653d0000 - 0x00007ff9653fc000 	C:\WINDOWS\SYSTEM32\USERENV.dll
0x00007ff965550000 - 0x00007ff96555c000 	C:\WINDOWS\SYSTEM32\CRYPTBASE.dll
0x00007ff964920000 - 0x00007ff96494d000 	C:\WINDOWS\SYSTEM32\IPHLPAPI.DLL
0x00007ff967340000 - 0x00007ff967349000 	C:\WINDOWS\System32\NSI.dll
0x00007ff95d4b0000 - 0x00007ff95d4c9000 	C:\WINDOWS\SYSTEM32\dhcpcsvc6.DLL
0x00007ff95d120000 - 0x00007ff95d13f000 	C:\WINDOWS\SYSTEM32\dhcpcsvc.DLL
0x00007ff964950000 - 0x00007ff964a49000 	C:\WINDOWS\SYSTEM32\DNSAPI.dll
0x00007ff9563b0000 - 0x00007ff9563b8000 	C:\WINDOWS\system32\wshunix.dll

dbghelp: loaded successfully - version: 4.0.5 - missing functions: none
symbol engine: initialized successfully - sym options: 0x614 - pdb path: .;C:\Program Files\Android\Android Studio1\jbr\bin;C:\WINDOWS\SYSTEM32;C:\WINDOWS\WinSxS\amd64_microsoft.windows.common-controls_6595b64144ccf1df_6.0.22621.2506_none_270c5ae97388e100;C:\Program Files\Android\Android Studio1\jbr\bin\server;C:\Users\paras kamboj\.gradle\native\68d5fa5c4cc2d200863cafc0d521ce42e7d3e7ee720ec0a83991735586a16f82\windows-amd64;C:\Users\paras kamboj\.gradle\native\e376f236ea51e6404a007f0833ffe2c6e607c4080706a723a18a27aeea778392\windows-amd64

VM Arguments:
jvm_args: --add-opens=java.base/java.util=ALL-UNNAMED --add-opens=java.base/java.lang=ALL-UNNAMED --add-opens=java.base/java.lang.invoke=ALL-UNNAMED --add-opens=java.prefs/java.util.prefs=ALL-UNNAMED --add-opens=java.base/java.nio.charset=ALL-UNNAMED --add-opens=java.base/java.net=ALL-UNNAMED --add-opens=java.base/java.util.concurrent.atomic=ALL-UNNAMED -Xmx2048m -Dfile.encoding=UTF-8 -Duser.country=US -Duser.language=en -Duser.variant -javaagent:C:\Users\paras kamboj\.gradle\wrapper\dists\gradle-8.2-bin\bbg7u40eoinfdyxsxr3z4i7ta\gradle-8.2\lib\agents\gradle-instrumentation-agent-8.2.jar 
java_command: org.gradle.launcher.daemon.bootstrap.GradleDaemon 8.2
java_class_path (initial): C:\Users\paras kamboj\.gradle\wrapper\dists\gradle-8.2-bin\bbg7u40eoinfdyxsxr3z4i7ta\gradle-8.2\lib\gradle-launcher-8.2.jar
Launcher Type: SUN_STANDARD

[Global flags]
     intx CICompilerCount                          = 3                                         {product} {ergonomic}
     uint ConcGCThreads                            = 1                                         {product} {ergonomic}
     uint G1ConcRefinementThreads                  = 4                                         {product} {ergonomic}
   size_t G1HeapRegionSize                         = 1048576                                   {product} {ergonomic}
    uintx GCDrainStackTargetSize                   = 64                                        {product} {ergonomic}
   size_t InitialHeapSize                          = 100663296                                 {product} {ergonomic}
   size_t MarkStackSize                            = 4194304                                   {product} {ergonomic}
   size_t MaxHeapSize                              = 2147483648                                {product} {command line}
   size_t MaxNewSize                               = 1287651328                                {product} {ergonomic}
   size_t MinHeapDeltaBytes                        = 1048576                                   {product} {ergonomic}
   size_t MinHeapSize                              = 8388608                                   {product} {ergonomic}
    uintx NonNMethodCodeHeapSize                   = 5832780                                {pd product} {ergonomic}
    uintx NonProfiledCodeHeapSize                  = 122912730                              {pd product} {ergonomic}
    uintx ProfiledCodeHeapSize                     = 122912730                              {pd product} {ergonomic}
    uintx ReservedCodeCacheSize                    = 251658240                              {pd product} {ergonomic}
     bool SegmentedCodeCache                       = true                                      {product} {ergonomic}
   size_t SoftMaxHeapSize                          = 2147483648                             {manageable} {ergonomic}
     bool UseCompressedClassPointers               = true                           {product lp64_product} {ergonomic}
     bool UseCompressedOops                        = true                           {product lp64_product} {ergonomic}
     bool UseG1GC                                  = true                                      {product} {ergonomic}
     bool UseLargePagesIndividualAllocation        = false                                  {pd product} {ergonomic}

Logging:
Log output configuration:
 #0: stdout all=warning uptime,level,tags
 #1: stderr all=off uptime,level,tags

Environment Variables:
PATH=C:\Program Files\Common Files\Oracle\Java\javapath;C:\WINDOWS\system32;C:\WINDOWS;C:\WINDOWS\System32\Wbem;C:\WINDOWS\System32\WindowsPowerShell\v1.0\;C:\WINDOWS\System32\OpenSSH\;C:\MinGW\bin;C:\dart-sdk\bin;C:\flutter\bin;C:\Program Files\Git\cmd;C:\Program Files\MySQL\MySQL Shell 8.0\bin\;C:\Users\paras kamboj\AppData\Local\Programs\Python\Python311\Scripts\;C:\Users\paras kamboj\AppData\Local\Programs\Python\Python311\;C:\MinGW\mingw32\bin;C:\Users\paras kamboj\AppData\Local\Microsoft\WindowsApps;C:\MinGW\bin;C:\Program Files\JetBrains\IntelliJ IDEA Community Edition 2022.3.2\bin;;C:\dart-sdk\bin;C:\Users\paras kamboj\AppData\Local\Android\Sdk\tools;C:\Users\paras kamboj\AppData\Local\Android\Sdk\platform-tools;C:\Users\paras kamboj\AppData\Local\Programs\Microsoft VS Code\bin;C:\flutter\bin;C:\Program Files\Java\jdk-19\bin;C:\Program Files\Android\Android Studio\bin;C:\Users\paras kamboj\AppData\Local\GitHubDesktop\bin
USERNAME=paras kamboj
OS=Windows_NT
PROCESSOR_IDENTIFIER=AMD64 Family 23 Model 24 Stepping 1, AuthenticAMD
TMP=C:\Users\PARASK~1\AppData\Local\Temp
TEMP=C:\Users\PARASK~1\AppData\Local\Temp


JNI global refs:
JNI global refs: 26, weak refs: 2

JNI global refs memory usage: 843, weak refs: 841

OOME stack traces (most recent first):
Classloader memory used:
Loader org.gradle.internal.classloader.VisitableURLClassLoader                         : 3059K
Loader bootstrap                                                                       : 2337K
Loader org.gradle.initialization.MixInLegacyTypesClassLoader                           : 859K
Loader jdk.internal.loader.ClassLoaders$PlatformClassLoader                            : 65526B
Loader jdk.internal.loader.ClassLoaders$AppClassLoader                                 : 28347B
Loader org.gradle.groovy.scripts.internal.DefaultScriptCompilationHandler$ScriptClassLoader: 9674B
Loader jdk.internal.reflect.DelegatingClassLoader                                      : 8588B
Loader org.codehaus.groovy.runtime.callsite.CallSiteClassLoader                        : 2418B

Classes loaded by more than one classloader:
Class org.gradle.internal.installation.GradleInstallation                             : loaded 2 times (x 73B)
Class org.gradle.internal.classpath.ClassPath                                         : loaded 2 times (x 68B)
Class org.gradle.api.internal.classpath.DefaultModuleRegistry                         : loaded 2 times (x 84B)
Class org.gradle.api.Action                                                           : loaded 2 times (x 68B)
Class org.gradle.api.internal.DefaultClassPathProvider                                : loaded 2 times (x 74B)
Class org.gradle.internal.installation.GradleInstallation$1                           : loaded 2 times (x 73B)
Class org.gradle.internal.classloader.FilteringClassLoader                            : loaded 2 times (x 102B)
Class org.gradle.internal.classpath.DefaultClassPath$ImmutableUniqueList$Builder      : loaded 2 times (x 73B)
Class org.gradle.internal.classloader.ClassLoaderVisitor                              : loaded 2 times (x 74B)
Class org.gradle.internal.service.DefaultServiceLocator                               : loaded 2 times (x 81B)
Class org.gradle.internal.service.UnknownServiceException                             : loaded 2 times (x 81B)
Class org.gradle.internal.classloader.DefaultClassLoaderFactory                       : loaded 2 times (x 80B)
Class org.gradle.internal.classloader.VisitableURLClassLoader$Spec                    : loaded 2 times (x 72B)
Class org.gradle.api.GradleException                                                  : loaded 2 times (x 80B)
Class org.gradle.api.internal.classpath.ModuleRegistry                                : loaded 2 times (x 68B)
Class org.gradle.api.internal.ClassPathProvider                                       : loaded 2 times (x 68B)
Class org.gradle.internal.classloader.ClasspathUtil$1                                 : loaded 2 times (x 74B)
Class org.gradle.internal.classloader.ClassLoaderFactory                              : loaded 2 times (x 68B)
Class org.gradle.api.internal.classpath.ManifestUtil                                  : loaded 2 times (x 69B)
Class org.gradle.api.specs.Spec                                                       : loaded 2 times (x 68B)
Class org.gradle.internal.IoActions                                                   : loaded 2 times (x 69B)
Class org.gradle.api.internal.classpath.EffectiveClassPath                            : loaded 2 times (x 88B)
Class org.gradle.internal.installation.CurrentGradleInstallation                      : loaded 2 times (x 71B)
Class org.gradle.internal.agents.InstrumentingClassLoader                             : loaded 2 times (x 68B)
Class org.gradle.internal.installation.CurrentGradleInstallationLocator               : loaded 2 times (x 69B)
Class org.gradle.api.internal.classpath.Module                                        : loaded 2 times (x 68B)
Class org.gradle.internal.service.CachingServiceLocator                               : loaded 2 times (x 80B)
Class org.gradle.internal.classpath.DefaultClassPath                                  : loaded 2 times (x 88B)
Class settings_8zqn3cktf4otfl0frf7qu8d6c$_run_closure1                                : loaded 2 times (x 134B)
Class org.gradle.internal.classloader.SystemClassLoaderSpec                           : loaded 2 times (x 69B)
Class org.gradle.api.UncheckedIOException                                             : loaded 2 times (x 80B)
Class org.gradle.internal.classloader.ClasspathUtil                                   : loaded 2 times (x 69B)
Class settings_8zqn3cktf4otfl0frf7qu8d6c$_run_closure1$_closure2                      : loaded 2 times (x 134B)
Class org.gradle.api.internal.DefaultClassPathRegistry                                : loaded 2 times (x 74B)
Class org.gradle.api.internal.classpath.DefaultModuleRegistry$DefaultModule           : loaded 2 times (x 84B)
Class org.gradle.api.internal.classpath.UnknownModuleException                        : loaded 2 times (x 80B)
Class org.gradle.internal.service.ServiceLookupException                              : loaded 2 times (x 80B)
Class org.gradle.cache.GlobalCache                                                    : loaded 2 times (x 68B)
Class [Lorg.gradle.api.internal.ClassPathProvider;                                    : loaded 2 times (x 67B)
Class org.gradle.util.internal.GUtil                                                  : loaded 2 times (x 69B)
Class org.gradle.internal.classloader.ClassLoaderSpec                                 : loaded 2 times (x 69B)
Class org.gradle.internal.classloader.VisitableURLClassLoader                         : loaded 2 times (x 114B)
Class org.gradle.internal.Cast                                                        : loaded 2 times (x 69B)
Class org.gradle.api.internal.ClassPathRegistry                                       : loaded 2 times (x 68B)
Class org.gradle.internal.classloader.VisitableURLClassLoader$InstrumentingVisitableURLClassLoader: loaded 2 times (x 120B)
Class org.gradle.internal.classloader.ClassLoaderHierarchy                            : loaded 2 times (x 68B)
Class org.gradle.internal.InternalTransformer                                         : loaded 2 times (x 68B)
Class org.gradle.internal.service.ServiceLocator                                      : loaded 2 times (x 68B)
Class org.gradle.internal.classpath.DefaultClassPath$ImmutableUniqueList              : loaded 2 times (x 159B)
Class org.gradle.internal.classpath.TransformedClassPath                              : loaded 2 times (x 94B)
Class settings_8zqn3cktf4otfl0frf7qu8d6c                                              : loaded 2 times (x 177B)


---------------  S Y S T E M  ---------------

OS:
 Windows 11 , 64 bit Build 22621 (10.0.22621.2506)
OS uptime: 16 days 1:27 hours

CPU: total 4 (initial active 4) (4 cores per cpu, 2 threads per core) family 23 model 24 stepping 1 microcode 0x0, cx8, cmov, fxsr, ht, mmx, 3dnowpref, sse, sse2, sse3, ssse3, sse4a, sse4.1, sse4.2, popcnt, lzcnt, tsc, tscinvbit, avx, avx2, aes, clmul, bmi1, bmi2, adx, sha, fma, vzeroupper, clflush, clflushopt

Memory: 4k page, system-wide physical 6086M (330M free)
TotalPageFile size 14086M (AvailPageFile size 6M)
current process WorkingSet (physical memory assigned to process): 233M, peak: 234M
current process commit charge ("private bytes"): 262M, peak: 265M

vm_info: OpenJDK 64-Bit Server VM (17.0.7+0-b2043.56-10550314) for windows-amd64 JRE (17.0.7+0-b2043.56-10550314), built on Jul 24 2023 18:27:45 by "androidbuild" with MS VC++ 16.10 / 16.11 (VS2019)

END.
